<html>
<head>
<title>TestNG:  To Test Customer Bank screen in Firefox</title>
<link href="../testng.css" rel="stylesheet" type="text/css" />
<link href="../my-testng.css" rel="stylesheet" type="text/css" />

<style type="text/css">
.log { display: none;} 
.stack-trace { display: none;} 
</style>
<script type="text/javascript">
<!--
function flip(e) {
  current = e.style.display;
  if (current == 'block') {
    e.style.display = 'none';
    return 0;
  }
  else {
    e.style.display = 'block';
    return 1;
  }
}

function toggleBox(szDivId, elem, msg1, msg2)
{
  var res = -1;  if (document.getElementById) {
    res = flip(document.getElementById(szDivId));
  }
  else if (document.all) {
    // this is the way old msie versions work
    res = flip(document.all[szDivId]);
  }
  if(elem) {
    if(res == 0) elem.innerHTML = msg1; else elem.innerHTML = msg2;
  }

}

function toggleAllBoxes() {
  if (document.getElementsByTagName) {
    d = document.getElementsByTagName('div');
    for (i = 0; i < d.length; i++) {
      if (d[i].className == 'log') {
        flip(d[i]);
      }
    }
  }
}

// -->
</script>

</head>
<body>
<h2 align='center'>To Test Customer Bank screen in Firefox</h2><table border='1' align="center">
<tr>
<td>Tests passed/Failed/Skipped:</td><td>0/0/1</td>
</tr><tr>
<td>Started on:</td><td>Tue Mar 10 16:48:55 IST 2015</td>
</tr>
<tr><td>Total time:</td><td>56 seconds (56666 ms)</td>
</tr><tr>
<td>Included groups:</td><td></td>
</tr><tr>
<td>Excluded groups:</td><td></td>
</tr>
</table><p/>
<small><i>(Hover the method name to see the test class name)</i></small><p/>
<table width='100%' border='1' class='invocation-failed'>
<tr><td colspan='4' align='center'><b>FAILED CONFIGURATIONS</b></td></tr>
<tr><td><b>Test method</b></td>
<td width="30%"><b>Exception</b></td>
<td width="10%"><b>Time (seconds)</b></td>
<td><b>Instance</b></td>
</tr>
<tr>
<td title='suiteA.CustomerBankRegistration.launchXTBills()'><b>launchXTBills</b><br>Test class: suiteA.CustomerBankRegistration<br>Parameters: Firefox</td>
<td><div><pre>org.openqa.selenium.WebDriverException: Failed to connect to binary FirefoxBinary(C:\Program Files\Mozilla Firefox\firefox.exe) on port 7055; process output follows: 
Users\nkasu\AppData\Local\Temp\anonymous2689011900727767555webdriver-profile\extensions\fxdriver@googlecode.com
1425986347615	addons.xpi	DEBUG	Ignoring file entry whose name is not a valid add-on ID: C:\Users\nkasu\AppData\Local\Temp\anonymous2689011900727767555webdriver-profile\extensions\webdriver-staging
1425986347619	addons.xpi	INFO	Mapping {972ce4c6-7e08-4474-a285-3208198ce6fd} to C:\Program Files\Mozilla Firefox\browser\extensions\{972ce4c6-7e08-4474-a285-3208198ce6fd}
1425986347620	addons.xpi	DEBUG	Skipping unavailable install location app-system-share
1425986347620	addons.xpi	DEBUG	Skipping unavailable install location app-system-local
1425986347621	addons.xpi	INFO	Mapping FFPDFArchitectConverter@pdfarchitect.com to C:\Program Files\PDF Architect\FFPDFArchitectExt
1425986347621	addons.xpi	WARN	Ignoring missing add-on in C:\Program Files\AVAST Software\Avast\WebRep\FF
1425986347622	addons.xpi	INFO	Mapping {D19CA586-DD6C-4a0a-96F8-14644F340D60} to C:\Program Files\Common Files\McAfee\SystemCore
1425986347623	addons.xpi	DEBUG	checkForChanges
1425986347625	addons.xpi	DEBUG	Loaded add-on state from prefs: {&quot;app-profile&quot;:{&quot;fxdriver@googlecode.com&quot;:{&quot;d&quot;:&quot;C:\\Users\\nkasu\\AppData\\Local\\Temp\\anonymous2689011900727767555webdriver-profile\\extensions\\fxdriver@googlecode.com&quot;,&quot;e&quot;:false,&quot;v&quot;:&quot;2.39.0&quot;,&quot;st&quot;:1425986338522,&quot;mt&quot;:1425986338103}},&quot;app-global&quot;:{&quot;{972ce4c6-7e08-4474-a285-3208198ce6fd}&quot;:{&quot;d&quot;:&quot;C:\\Program Files\\Mozilla Firefox\\browser\\extensions\\{972ce4c6-7e08-4474-a285-3208198ce6fd}&quot;,&quot;e&quot;:true,&quot;v&quot;:&quot;36.0.1&quot;,&quot;st&quot;:1425986202484,&quot;mt&quot;:1425986201297}},&quot;winreg-app-global&quot;:{&quot;FFPDFArchitectConverter@pdfarchitect.com&quot;:{&quot;d&quot;:&quot;C:\\Program Files\\PDF Architect\\FFPDFArchitectExt&quot;,&quot;e&quot;:false,&quot;v&quot;:&quot;1.0&quot;,&quot;st&quot;:1364914826329,&quot;mt&quot;:1357728840000},&quot;{D19CA586-DD6C-4a0a-96F8-14644F340D60}&quot;:{&quot;d&quot;:&quot;C:\\Program Files\\Common Files\\McAfee\\SystemCore&quot;,&quot;e&quot;:false,&quot;v&quot;:&quot;IDS_SS_VERSION&quot;,&quot;st&quot;:1425969062155,&quot;mt&quot;:1402133418009}}}
1425986347627	addons.xpi	DEBUG	getModTime: Recursive scan of {972ce4c6-7e08-4474-a285-3208198ce6fd}
1425986347631	addons.xpi	DEBUG	getInstallState changed: false, state: {&quot;app-profile&quot;:{&quot;fxdriver@googlecode.com&quot;:{&quot;d&quot;:&quot;C:\\Users\\nkasu\\AppData\\Local\\Temp\\anonymous2689011900727767555webdriver-profile\\extensions\\fxdriver@googlecode.com&quot;,&quot;e&quot;:false,&quot;v&quot;:&quot;2.39.0&quot;,&quot;st&quot;:1425986338522,&quot;mt&quot;:1425986338103}},&quot;app-global&quot;:{&quot;{972ce4c6-7e08-4474-a285-3208198ce6fd}&quot;:{&quot;d&quot;:&quot;C:\\Program Files\\Mozilla Firefox\\browser\\extensions\\{972ce4c6-7e08-4474-a285-3208198ce6fd}&quot;,&quot;e&quot;:true,&quot;v&quot;:&quot;36.0.1&quot;,&quot;st&quot;:1425986202484,&quot;mt&quot;:1425986201297}},&quot;winreg-app-global&quot;:{&quot;FFPDFArchitectConverter@pdfarchitect.com&quot;:{&quot;d&quot;:&quot;C:\\Program Files\\PDF Architect\\FFPDFArchitectExt&quot;,&quot;e&quot;:false,&quot;v&quot;:&quot;1.0&quot;,&quot;st&quot;:1364914826329,&quot;mt&quot;:1357728840000},&quot;{D19CA586-DD6C-4a0a-96F8-14644F340D60}&quot;:{&quot;d&quot;:&quot;C:\\Program Files\\Common Files\\McAfee\\SystemCore&quot;,&quot;e&quot;:false,&quot;v&quot;:&quot;IDS_SS_VERSION&quot;,&quot;st&quot;:1425969062155,&quot;mt&quot;:1402133418009}}}
1425986347636	addons.xpi	DEBUG	No changes found
1425986347643	addons.manager	DEBUG	Registering shutdown blocker for XPIProvider
1425986347644	addons.manager	DEBUG	Registering shutdown blocker for LightweightThemeManager
1425986347647	addons.manager	DEBUG	Registering shutdown blocker for OpenH264Provider
1425986347647	addons.manager	DEBUG	Registering shutdown blocker for PluginProvider
*** Blocklist::_preloadBlocklistFile: blocklist is disabled
1425986351345	addons.manager	DEBUG	Registering shutdown blocker for &lt;unnamed-provider&gt;
1425986378227	addons.manager	DEBUG	shutdown
1425986378229	addons.manager	DEBUG	Calling shutdown blocker for XPIProvider
1425986378229	addons.xpi	DEBUG	shutdown
1425986378229	addons.xpi	DEBUG	Notifying XPI shutdown observers
1425986378230	addons.manager	DEBUG	Calling shutdown blocker for LightweightThemeManager
1425986378231	addons.manager	DEBUG	Calling shutdown blocker for OpenH264Provider
1425986378233	addons.manager	DEBUG	Calling shutdown blocker for PluginProvider
1425986378234	addons.manager	DEBUG	Calling shutdown blocker for &lt;unnamed-provider&gt;
1425986378243	addons.manager	DEBUG	Async provider shutdown done

Build info: version: &apos;2.39.0&apos;, revision: &apos;ff23eac&apos;, time: &apos;2013-12-16 16:12:12&apos;
System info: host: &apos;XHLT0037&apos;, ip: &apos;192.168.1.123&apos;, os.name: &apos;Windows 7&apos;, os.arch: &apos;x86&apos;, os.version: &apos;6.1&apos;, java.version: &apos;1.7.0_67&apos;
Driver info: driver.version: FirefoxDriver
	at org.openqa.selenium.firefox.internal.NewProfileExtensionConnection.start(NewProfileExtensionConnection.java:130)
	at org.openqa.selenium.firefox.FirefoxDriver.startClient(FirefoxDriver.java:250)
	at org.openqa.selenium.remote.RemoteWebDriver.&lt;init&gt;(RemoteWebDriver.java:110)
	at org.openqa.selenium.firefox.FirefoxDriver.&lt;init&gt;(FirefoxDriver.java:197)
	at org.openqa.selenium.firefox.FirefoxDriver.&lt;init&gt;(FirefoxDriver.java:190)
	at org.openqa.selenium.firefox.FirefoxDriver.&lt;init&gt;(FirefoxDriver.java:186)
	at org.openqa.selenium.firefox.FirefoxDriver.&lt;init&gt;(FirefoxDriver.java:99)
	at xtbills.Base.WebPage.createWebDriverInstance(WebPage.java:54)
	at suiteA.CustomerBankRegistration.launchXTBills(CustomerBankRegistration.java:26)
Caused by: org.openqa.selenium.firefox.NotConnectedException: Unable to connect to host 127.0.0.1 on port 7055 after 45000 ms. Firefox console output:
Users\nkasu\AppData\Local\Temp\anonymous2689011900727767555webdriver-profile\extensions\fxdriver@googlecode.com
1425986347615	addons.xpi	DEBUG	Ignoring file entry whose name is not a valid add-on ID: C:\Users\nkasu\AppData\Local\Temp\anonymous2689011900727767555webdriver-profile\extensions\webdriver-staging
1425986347619	addons.xpi	INFO	Mapping {972ce4c6-7e08-4474-a285-3208198ce6fd} to C:\Program Files\Mozilla Firefox\browser\extensions\{972ce4c6-7e08-4474-a285-3208198ce6fd}
1425986347620	addons.xpi	DEBUG	Skipping unavailable install location app-system-share
1425986347620	addons.xpi	DEBUG	Skipping unavailable install location app-system-local
1425986347621	addons.xpi	INFO	Mapping FFPDFArchitectConverter@pdfarchitect.com to C:\Program Files\PDF Architect\FFPDFArchitectExt
1425986347621	addons.xpi	WARN	Ignoring missing add-on in C:\Program Files\AVAST Software\Avast\WebRep\FF
1425986347622	addons.xpi	INFO	Mapping {D19CA586-DD6C-4a0a-96F8-14644F340D60} to C:\Program Files\Common Files\McAfee\SystemCore
1425986347623	addons.xpi	DEBUG	checkForChanges
1425986347625	addons.xpi	DEBUG	Loaded add-on state from prefs: {&quot;app-profile&quot;:{&quot;fxdriver@googlecode.com&quot;:{&quot;d&quot;:&quot;C:\\Users\\nkasu\\AppData\\Local\\Temp\\anonymous2689011900727767555webdriver-profile\\extensions\\fxdriver@googlecode.com&quot;,&quot;e&quot;:false,&quot;v&quot;:&quot;2.39.0&quot;,&quot;st&quot;:1425986338522,&quot;mt&quot;:1425986338103}},&quot;app-global&quot;:{&quot;{972ce4c6-7e08-4474-a285-3208198ce6fd}&quot;:{&quot;d&quot;:&quot;C:\\Program Files\\Mozilla Firefox\\browser\\extensions\\{972ce4c6-7e08-4474-a285-3208198ce6fd}&quot;,&quot;e&quot;:true,&quot;v&quot;:&quot;36.0.1&quot;,&quot;st&quot;:1425986202484,&quot;mt&quot;:1425986201297}},&quot;winreg-app-global&quot;:{&quot;FFPDFArchitectConverter@pdfarchitect.com&quot;:{&quot;d&quot;:&quot;C:\\Program Files\\PDF Architect\\FFPDFArchitectExt&quot;,&quot;e&quot;:false,&quot;v&quot;:&quot;1.0&quot;,&quot;st&quot;:1364914826329,&quot;mt&quot;:1357728840000},&quot;{D19CA586-DD6C-4a0a-96F8-14644F340D60}&quot;:{&quot;d&quot;:&quot;C:\\Program Files\\Common Files\\McAfee\\SystemCore&quot;,&quot;e&quot;:false,&quot;v&quot;:&quot;IDS_SS_VERSION&quot;,&quot;st&quot;:1425969062155,&quot;mt&quot;:1402133418009}}}
1425986347627	addons.xpi	DEBUG	getModTime: Recursive scan of {972ce4c6-7e08-4474-a285-3208198ce6fd}
1425986347631	addons.xpi	DEBUG	getInstallState changed: false, state: {&quot;app-profile&quot;:{&quot;fxdriver@googlecode.com&quot;:{&quot;d&quot;:&quot;C:\\Users\\nkasu\\AppData\\Local\\Temp\\anonymous2689011900727767555webdriver-profile\\extensions\\fxdriver@googlecode.com&quot;,&quot;e&quot;:false,&quot;v&quot;:&quot;2.39.0&quot;,&quot;st&quot;:1425986338522,&quot;mt&quot;:1425986338103}},&quot;app-global&quot;:{&quot;{972ce4c6-7e08-4474-a285-3208198ce6fd}&quot;:{&quot;d&quot;:&quot;C:\\Program Files\\Mozilla Firefox\\browser\\extensions\\{972ce4c6-7e08-4474-a285-3208198ce6fd}&quot;,&quot;e&quot;:true,&quot;v&quot;:&quot;36.0.1&quot;,&quot;st&quot;:1425986202484,&quot;mt&quot;:1425986201297}},&quot;winreg-app-global&quot;:{&quot;FFPDFArchitectConverter@pdfarchitect.com&quot;:{&quot;d&quot;:&quot;C:\\Program Files\\PDF Architect\\FFPDFArchitectExt&quot;,&quot;e&quot;:false,&quot;v&quot;:&quot;1.0&quot;,&quot;st&quot;:1364914826329,&quot;mt&quot;:1357728840000},&quot;{D19CA586-DD6C-4a0a-96F8-14644F340D60}&quot;:{&quot;d&quot;:&quot;C:\\Program Files\\Common Files\\McAfee\\SystemCore&quot;,&quot;e&quot;:false,&quot;v&quot;:&quot;IDS_SS_VERSION&quot;,&quot;st&quot;:1425969062155,&quot;mt&quot;:1402133418009}}}
1425986347636	addons.xpi	DEBUG	No changes found
1425986347643	addons.manager	DEBUG	Registering shutdown blocker for XPIProvider
1425986347644	addons.manager	DEBUG	Registering shutdown blocker for LightweightThemeManager
1425986347647	addons.manager	DEBUG	Registering shutdown blocker for OpenH264Provider
1425986347647	addons.manager	DEBUG	Registering shutdown blocker for PluginProvider
*** Blocklist::_preloadBlocklistFile: blocklist is disabled
1425986351345	addons.manager	DEBUG	Registering shutdown blocker for &lt;unnamed-provider&gt;
1425986378227	addons.manager	DEBUG	shutdown
1425986378229	addons.manager	DEBUG	Calling shutdown blocker for XPIProvider
1425986378229	addons.xpi	DEBUG	shutdown
1425986378229	addons.xpi	DEBUG	Notifying XPI shutdown observers
1425986378230	addons.manager	DEBUG	Calling shutdown blocker for LightweightThemeManager
1425986378231	addons.manager	DEBUG	Calling shutdown blocker for OpenH264Provider
1425986378233	addons.manager	DEBUG	Calling shutdown blocker for PluginProvider
1425986378234	addons.manager	DEBUG	Calling shutdown blocker for &lt;unnamed-provider&gt;
1425986378243	addons.manager	DEBUG	Async provider shutdown done

	at org.openqa.selenium.firefox.internal.NewProfileExtensionConnection.start(NewProfileExtensionConnection.java:118)
	... 32 more
... Removed 24 stack frames</pre></div><a href='#' onClick='toggleBox("stack-trace15992700", this, "Click to show all stack frames", "Click to hide stack frames")'>Click to show all stack frames</a>
<div class='stack-trace' id='stack-trace15992700'><pre>org.openqa.selenium.WebDriverException: Failed to connect to binary FirefoxBinary(C:\Program Files\Mozilla Firefox\firefox.exe) on port 7055; process output follows: 
Users\nkasu\AppData\Local\Temp\anonymous2689011900727767555webdriver-profile\extensions\fxdriver@googlecode.com
1425986347615	addons.xpi	DEBUG	Ignoring file entry whose name is not a valid add-on ID: C:\Users\nkasu\AppData\Local\Temp\anonymous2689011900727767555webdriver-profile\extensions\webdriver-staging
1425986347619	addons.xpi	INFO	Mapping {972ce4c6-7e08-4474-a285-3208198ce6fd} to C:\Program Files\Mozilla Firefox\browser\extensions\{972ce4c6-7e08-4474-a285-3208198ce6fd}
1425986347620	addons.xpi	DEBUG	Skipping unavailable install location app-system-share
1425986347620	addons.xpi	DEBUG	Skipping unavailable install location app-system-local
1425986347621	addons.xpi	INFO	Mapping FFPDFArchitectConverter@pdfarchitect.com to C:\Program Files\PDF Architect\FFPDFArchitectExt
1425986347621	addons.xpi	WARN	Ignoring missing add-on in C:\Program Files\AVAST Software\Avast\WebRep\FF
1425986347622	addons.xpi	INFO	Mapping {D19CA586-DD6C-4a0a-96F8-14644F340D60} to C:\Program Files\Common Files\McAfee\SystemCore
1425986347623	addons.xpi	DEBUG	checkForChanges
1425986347625	addons.xpi	DEBUG	Loaded add-on state from prefs: {&quot;app-profile&quot;:{&quot;fxdriver@googlecode.com&quot;:{&quot;d&quot;:&quot;C:\\Users\\nkasu\\AppData\\Local\\Temp\\anonymous2689011900727767555webdriver-profile\\extensions\\fxdriver@googlecode.com&quot;,&quot;e&quot;:false,&quot;v&quot;:&quot;2.39.0&quot;,&quot;st&quot;:1425986338522,&quot;mt&quot;:1425986338103}},&quot;app-global&quot;:{&quot;{972ce4c6-7e08-4474-a285-3208198ce6fd}&quot;:{&quot;d&quot;:&quot;C:\\Program Files\\Mozilla Firefox\\browser\\extensions\\{972ce4c6-7e08-4474-a285-3208198ce6fd}&quot;,&quot;e&quot;:true,&quot;v&quot;:&quot;36.0.1&quot;,&quot;st&quot;:1425986202484,&quot;mt&quot;:1425986201297}},&quot;winreg-app-global&quot;:{&quot;FFPDFArchitectConverter@pdfarchitect.com&quot;:{&quot;d&quot;:&quot;C:\\Program Files\\PDF Architect\\FFPDFArchitectExt&quot;,&quot;e&quot;:false,&quot;v&quot;:&quot;1.0&quot;,&quot;st&quot;:1364914826329,&quot;mt&quot;:1357728840000},&quot;{D19CA586-DD6C-4a0a-96F8-14644F340D60}&quot;:{&quot;d&quot;:&quot;C:\\Program Files\\Common Files\\McAfee\\SystemCore&quot;,&quot;e&quot;:false,&quot;v&quot;:&quot;IDS_SS_VERSION&quot;,&quot;st&quot;:1425969062155,&quot;mt&quot;:1402133418009}}}
1425986347627	addons.xpi	DEBUG	getModTime: Recursive scan of {972ce4c6-7e08-4474-a285-3208198ce6fd}
1425986347631	addons.xpi	DEBUG	getInstallState changed: false, state: {&quot;app-profile&quot;:{&quot;fxdriver@googlecode.com&quot;:{&quot;d&quot;:&quot;C:\\Users\\nkasu\\AppData\\Local\\Temp\\anonymous2689011900727767555webdriver-profile\\extensions\\fxdriver@googlecode.com&quot;,&quot;e&quot;:false,&quot;v&quot;:&quot;2.39.0&quot;,&quot;st&quot;:1425986338522,&quot;mt&quot;:1425986338103}},&quot;app-global&quot;:{&quot;{972ce4c6-7e08-4474-a285-3208198ce6fd}&quot;:{&quot;d&quot;:&quot;C:\\Program Files\\Mozilla Firefox\\browser\\extensions\\{972ce4c6-7e08-4474-a285-3208198ce6fd}&quot;,&quot;e&quot;:true,&quot;v&quot;:&quot;36.0.1&quot;,&quot;st&quot;:1425986202484,&quot;mt&quot;:1425986201297}},&quot;winreg-app-global&quot;:{&quot;FFPDFArchitectConverter@pdfarchitect.com&quot;:{&quot;d&quot;:&quot;C:\\Program Files\\PDF Architect\\FFPDFArchitectExt&quot;,&quot;e&quot;:false,&quot;v&quot;:&quot;1.0&quot;,&quot;st&quot;:1364914826329,&quot;mt&quot;:1357728840000},&quot;{D19CA586-DD6C-4a0a-96F8-14644F340D60}&quot;:{&quot;d&quot;:&quot;C:\\Program Files\\Common Files\\McAfee\\SystemCore&quot;,&quot;e&quot;:false,&quot;v&quot;:&quot;IDS_SS_VERSION&quot;,&quot;st&quot;:1425969062155,&quot;mt&quot;:1402133418009}}}
1425986347636	addons.xpi	DEBUG	No changes found
1425986347643	addons.manager	DEBUG	Registering shutdown blocker for XPIProvider
1425986347644	addons.manager	DEBUG	Registering shutdown blocker for LightweightThemeManager
1425986347647	addons.manager	DEBUG	Registering shutdown blocker for OpenH264Provider
1425986347647	addons.manager	DEBUG	Registering shutdown blocker for PluginProvider
*** Blocklist::_preloadBlocklistFile: blocklist is disabled
1425986351345	addons.manager	DEBUG	Registering shutdown blocker for &lt;unnamed-provider&gt;
1425986378227	addons.manager	DEBUG	shutdown
1425986378229	addons.manager	DEBUG	Calling shutdown blocker for XPIProvider
1425986378229	addons.xpi	DEBUG	shutdown
1425986378229	addons.xpi	DEBUG	Notifying XPI shutdown observers
1425986378230	addons.manager	DEBUG	Calling shutdown blocker for LightweightThemeManager
1425986378231	addons.manager	DEBUG	Calling shutdown blocker for OpenH264Provider
1425986378233	addons.manager	DEBUG	Calling shutdown blocker for PluginProvider
1425986378234	addons.manager	DEBUG	Calling shutdown blocker for &lt;unnamed-provider&gt;
1425986378243	addons.manager	DEBUG	Async provider shutdown done

Build info: version: &apos;2.39.0&apos;, revision: &apos;ff23eac&apos;, time: &apos;2013-12-16 16:12:12&apos;
System info: host: &apos;XHLT0037&apos;, ip: &apos;192.168.1.123&apos;, os.name: &apos;Windows 7&apos;, os.arch: &apos;x86&apos;, os.version: &apos;6.1&apos;, java.version: &apos;1.7.0_67&apos;
Driver info: driver.version: FirefoxDriver
	at org.openqa.selenium.firefox.internal.NewProfileExtensionConnection.start(NewProfileExtensionConnection.java:130)
	at org.openqa.selenium.firefox.FirefoxDriver.startClient(FirefoxDriver.java:250)
	at org.openqa.selenium.remote.RemoteWebDriver.&lt;init&gt;(RemoteWebDriver.java:110)
	at org.openqa.selenium.firefox.FirefoxDriver.&lt;init&gt;(FirefoxDriver.java:197)
	at org.openqa.selenium.firefox.FirefoxDriver.&lt;init&gt;(FirefoxDriver.java:190)
	at org.openqa.selenium.firefox.FirefoxDriver.&lt;init&gt;(FirefoxDriver.java:186)
	at org.openqa.selenium.firefox.FirefoxDriver.&lt;init&gt;(FirefoxDriver.java:99)
	at xtbills.Base.WebPage.createWebDriverInstance(WebPage.java:54)
	at suiteA.CustomerBankRegistration.launchXTBills(CustomerBankRegistration.java:26)
	at sun.reflect.NativeMethodAccessorImpl.invoke0(Native Method)
	at sun.reflect.NativeMethodAccessorImpl.invoke(Unknown Source)
	at sun.reflect.DelegatingMethodAccessorImpl.invoke(Unknown Source)
	at java.lang.reflect.Method.invoke(Unknown Source)
	at org.testng.internal.MethodInvocationHelper.invokeMethod(MethodInvocationHelper.java:84)
	at org.testng.internal.Invoker.invokeConfigurationMethod(Invoker.java:564)
	at org.testng.internal.Invoker.invokeConfigurations(Invoker.java:213)
	at org.testng.internal.Invoker.invokeConfigurations(Invoker.java:138)
	at org.testng.internal.TestMethodWorker.invokeBeforeClassMethods(TestMethodWorker.java:175)
	at org.testng.internal.TestMethodWorker.run(TestMethodWorker.java:107)
	at org.testng.TestRunner.privateRun(TestRunner.java:767)
	at org.testng.TestRunner.run(TestRunner.java:617)
	at org.testng.SuiteRunner.runTest(SuiteRunner.java:334)
	at org.testng.SuiteRunner.runSequentially(SuiteRunner.java:329)
	at org.testng.SuiteRunner.privateRun(SuiteRunner.java:291)
	at org.testng.SuiteRunner.run(SuiteRunner.java:240)
	at org.testng.SuiteRunnerWorker.runSuite(SuiteRunnerWorker.java:52)
	at org.testng.SuiteRunnerWorker.run(SuiteRunnerWorker.java:86)
	at org.testng.TestNG.runSuitesSequentially(TestNG.java:1224)
	at org.testng.TestNG.runSuitesLocally(TestNG.java:1149)
	at org.testng.TestNG.run(TestNG.java:1057)
	at org.testng.remote.RemoteTestNG.run(RemoteTestNG.java:111)
	at org.testng.remote.RemoteTestNG.initAndRun(RemoteTestNG.java:204)
	at org.testng.remote.RemoteTestNG.main(RemoteTestNG.java:175)
Caused by: org.openqa.selenium.firefox.NotConnectedException: Unable to connect to host 127.0.0.1 on port 7055 after 45000 ms. Firefox console output:
Users\nkasu\AppData\Local\Temp\anonymous2689011900727767555webdriver-profile\extensions\fxdriver@googlecode.com
1425986347615	addons.xpi	DEBUG	Ignoring file entry whose name is not a valid add-on ID: C:\Users\nkasu\AppData\Local\Temp\anonymous2689011900727767555webdriver-profile\extensions\webdriver-staging
1425986347619	addons.xpi	INFO	Mapping {972ce4c6-7e08-4474-a285-3208198ce6fd} to C:\Program Files\Mozilla Firefox\browser\extensions\{972ce4c6-7e08-4474-a285-3208198ce6fd}
1425986347620	addons.xpi	DEBUG	Skipping unavailable install location app-system-share
1425986347620	addons.xpi	DEBUG	Skipping unavailable install location app-system-local
1425986347621	addons.xpi	INFO	Mapping FFPDFArchitectConverter@pdfarchitect.com to C:\Program Files\PDF Architect\FFPDFArchitectExt
1425986347621	addons.xpi	WARN	Ignoring missing add-on in C:\Program Files\AVAST Software\Avast\WebRep\FF
1425986347622	addons.xpi	INFO	Mapping {D19CA586-DD6C-4a0a-96F8-14644F340D60} to C:\Program Files\Common Files\McAfee\SystemCore
1425986347623	addons.xpi	DEBUG	checkForChanges
1425986347625	addons.xpi	DEBUG	Loaded add-on state from prefs: {&quot;app-profile&quot;:{&quot;fxdriver@googlecode.com&quot;:{&quot;d&quot;:&quot;C:\\Users\\nkasu\\AppData\\Local\\Temp\\anonymous2689011900727767555webdriver-profile\\extensions\\fxdriver@googlecode.com&quot;,&quot;e&quot;:false,&quot;v&quot;:&quot;2.39.0&quot;,&quot;st&quot;:1425986338522,&quot;mt&quot;:1425986338103}},&quot;app-global&quot;:{&quot;{972ce4c6-7e08-4474-a285-3208198ce6fd}&quot;:{&quot;d&quot;:&quot;C:\\Program Files\\Mozilla Firefox\\browser\\extensions\\{972ce4c6-7e08-4474-a285-3208198ce6fd}&quot;,&quot;e&quot;:true,&quot;v&quot;:&quot;36.0.1&quot;,&quot;st&quot;:1425986202484,&quot;mt&quot;:1425986201297}},&quot;winreg-app-global&quot;:{&quot;FFPDFArchitectConverter@pdfarchitect.com&quot;:{&quot;d&quot;:&quot;C:\\Program Files\\PDF Architect\\FFPDFArchitectExt&quot;,&quot;e&quot;:false,&quot;v&quot;:&quot;1.0&quot;,&quot;st&quot;:1364914826329,&quot;mt&quot;:1357728840000},&quot;{D19CA586-DD6C-4a0a-96F8-14644F340D60}&quot;:{&quot;d&quot;:&quot;C:\\Program Files\\Common Files\\McAfee\\SystemCore&quot;,&quot;e&quot;:false,&quot;v&quot;:&quot;IDS_SS_VERSION&quot;,&quot;st&quot;:1425969062155,&quot;mt&quot;:1402133418009}}}
1425986347627	addons.xpi	DEBUG	getModTime: Recursive scan of {972ce4c6-7e08-4474-a285-3208198ce6fd}
1425986347631	addons.xpi	DEBUG	getInstallState changed: false, state: {&quot;app-profile&quot;:{&quot;fxdriver@googlecode.com&quot;:{&quot;d&quot;:&quot;C:\\Users\\nkasu\\AppData\\Local\\Temp\\anonymous2689011900727767555webdriver-profile\\extensions\\fxdriver@googlecode.com&quot;,&quot;e&quot;:false,&quot;v&quot;:&quot;2.39.0&quot;,&quot;st&quot;:1425986338522,&quot;mt&quot;:1425986338103}},&quot;app-global&quot;:{&quot;{972ce4c6-7e08-4474-a285-3208198ce6fd}&quot;:{&quot;d&quot;:&quot;C:\\Program Files\\Mozilla Firefox\\browser\\extensions\\{972ce4c6-7e08-4474-a285-3208198ce6fd}&quot;,&quot;e&quot;:true,&quot;v&quot;:&quot;36.0.1&quot;,&quot;st&quot;:1425986202484,&quot;mt&quot;:1425986201297}},&quot;winreg-app-global&quot;:{&quot;FFPDFArchitectConverter@pdfarchitect.com&quot;:{&quot;d&quot;:&quot;C:\\Program Files\\PDF Architect\\FFPDFArchitectExt&quot;,&quot;e&quot;:false,&quot;v&quot;:&quot;1.0&quot;,&quot;st&quot;:1364914826329,&quot;mt&quot;:1357728840000},&quot;{D19CA586-DD6C-4a0a-96F8-14644F340D60}&quot;:{&quot;d&quot;:&quot;C:\\Program Files\\Common Files\\McAfee\\SystemCore&quot;,&quot;e&quot;:false,&quot;v&quot;:&quot;IDS_SS_VERSION&quot;,&quot;st&quot;:1425969062155,&quot;mt&quot;:1402133418009}}}
1425986347636	addons.xpi	DEBUG	No changes found
1425986347643	addons.manager	DEBUG	Registering shutdown blocker for XPIProvider
1425986347644	addons.manager	DEBUG	Registering shutdown blocker for LightweightThemeManager
1425986347647	addons.manager	DEBUG	Registering shutdown blocker for OpenH264Provider
1425986347647	addons.manager	DEBUG	Registering shutdown blocker for PluginProvider
*** Blocklist::_preloadBlocklistFile: blocklist is disabled
1425986351345	addons.manager	DEBUG	Registering shutdown blocker for &lt;unnamed-provider&gt;
1425986378227	addons.manager	DEBUG	shutdown
1425986378229	addons.manager	DEBUG	Calling shutdown blocker for XPIProvider
1425986378229	addons.xpi	DEBUG	shutdown
1425986378229	addons.xpi	DEBUG	Notifying XPI shutdown observers
1425986378230	addons.manager	DEBUG	Calling shutdown blocker for LightweightThemeManager
1425986378231	addons.manager	DEBUG	Calling shutdown blocker for OpenH264Provider
1425986378233	addons.manager	DEBUG	Calling shutdown blocker for PluginProvider
1425986378234	addons.manager	DEBUG	Calling shutdown blocker for &lt;unnamed-provider&gt;
1425986378243	addons.manager	DEBUG	Async provider shutdown done

	at org.openqa.selenium.firefox.internal.NewProfileExtensionConnection.start(NewProfileExtensionConnection.java:118)
	... 32 more
</pre></div></td>
<td>0</td>
<td>suiteA.CustomerBankRegistration@18bea70</td></tr>
</table><p>
<table width='100%' border='1' class='invocation-skipped'>
<tr><td colspan='4' align='center'><b>SKIPPED TESTS</b></td></tr>
<tr><td><b>Test method</b></td>
<td width="30%"><b>Exception</b></td>
<td width="10%"><b>Time (seconds)</b></td>
<td><b>Instance</b></td>
</tr>
<tr>
<td title='suiteA.CustomerBankRegistration.CustBankReg_01()'><b>CustBankReg_01</b><br>Test class: suiteA.CustomerBankRegistration</td>
<td></td>
<td>0</td>
<td>suiteA.CustomerBankRegistration@18bea70</td></tr>
</table><p>
</body>
</html>