<?xml version="1.0" encoding="UTF-8"?>
<!-- Generated by org.testng.reporters.JUnitXMLReporter -->
<testsuite hostname="XHDT0174" name="To Test XTBills Portal in Firefox" tests="6" failures="0" timestamp="8 May 2015 09:59:34 GMT" time="38.119" errors="0">
  <testcase name="TC_MyCompanies_61" time="8.323" classname="suiteA.MyCompanies"/>
  <testcase name="TC_MyCompanies_62" time="0.464" classname="suiteA.MyCompanies"/>
  <testcase name="TC_MyCompanies_63" time="0.585" classname="suiteA.MyCompanies"/>
  <testcase name="TC_MyCompanies_64" time="8.177" classname="suiteA.MyCompanies"/>
  <testcase name="TC_MyCompanies_65" time="6.934" classname="suiteA.MyCompanies"/>
  <testcase name="TC_MyCompanies_66" time="3.891" classname="suiteA.MyCompanies"/>
</testsuite> <!-- To Test XTBills Portal in Firefox -->
