<?xml version="1.0" encoding="UTF-8"?>
<!-- Generated by org.testng.reporters.JUnitXMLReporter -->
<testsuite hostname="XHLT0037" name="To Test Customer Bank screen in Firefox" tests="1" failures="0" timestamp="10 Mar 2015 11:19:52 GMT" time="56.666" errors="0">
  <testcase name="@BeforeClass launchXTBills" time="0.0" classname="suiteA.CustomerBankRegistration">
    <failure type="org.openqa.selenium.WebDriverException" message="Failed to connect to binary FirefoxBinary(C:\Program Files\Mozilla Firefox\firefox.exe) on port 7055; process output follows: 
Users\nkasu\AppData\Local\Temp\anonymous2689011900727767555webdriver-profile\extensions\fxdriver@googlecode.com
1425986347615	addons.xpi	DEBUG	Ignoring file entry whose name is not a valid add-on ID: C:\Users\nkasu\AppData\Local\Temp\anonymous2689011900727767555webdriver-profile\extensions\webdriver-staging
1425986347619	addons.xpi	INFO	Mapping {972ce4c6-7e08-4474-a285-3208198ce6fd} to C:\Program Files\Mozilla Firefox\browser\extensions\{972ce4c6-7e08-4474-a285-3208198ce6fd}
1425986347620	addons.xpi	DEBUG	Skipping unavailable install location app-system-share
1425986347620	addons.xpi	DEBUG	Skipping unavailable install location app-system-local
1425986347621	addons.xpi	INFO	Mapping FFPDFArchitectConverter@pdfarchitect.com to C:\Program Files\PDF Architect\FFPDFArchitectExt
1425986347621	addons.xpi	WARN	Ignoring missing add-on in C:\Program Files\AVAST Software\Avast\WebRep\FF
1425986347622	addons.xpi	INFO	Mapping {D19CA586-DD6C-4a0a-96F8-14644F340D60} to C:\Program Files\Common Files\McAfee\SystemCore
1425986347623	addons.xpi	DEBUG	checkForChanges
1425986347625	addons.xpi	DEBUG	Loaded add-on state from prefs: {&amp;quot;app-profile&amp;quot;:{&amp;quot;fxdriver@googlecode.com&amp;quot;:{&amp;quot;d&amp;quot;:&amp;quot;C:\\Users\\nkasu\\AppData\\Local\\Temp\\anonymous2689011900727767555webdriver-profile\\extensions\\fxdriver@googlecode.com&amp;quot;,&amp;quot;e&amp;quot;:false,&amp;quot;v&amp;quot;:&amp;quot;2.39.0&amp;quot;,&amp;quot;st&amp;quot;:1425986338522,&amp;quot;mt&amp;quot;:1425986338103}},&amp;quot;app-global&amp;quot;:{&amp;quot;{972ce4c6-7e08-4474-a285-3208198ce6fd}&amp;quot;:{&amp;quot;d&amp;quot;:&amp;quot;C:\\Program Files\\Mozilla Firefox\\browser\\extensions\\{972ce4c6-7e08-4474-a285-3208198ce6fd}&amp;quot;,&amp;quot;e&amp;quot;:true,&amp;quot;v&amp;quot;:&amp;quot;36.0.1&amp;quot;,&amp;quot;st&amp;quot;:1425986202484,&amp;quot;mt&amp;quot;:1425986201297}},&amp;quot;winreg-app-global&amp;quot;:{&amp;quot;FFPDFArchitectConverter@pdfarchitect.com&amp;quot;:{&amp;quot;d&amp;quot;:&amp;quot;C:\\Program Files\\PDF Architect\\FFPDFArchitectExt&amp;quot;,&amp;quot;e&amp;quot;:false,&amp;quot;v&amp;quot;:&amp;quot;1.0&amp;quot;,&amp;quot;st&amp;quot;:1364914826329,&amp;quot;mt&amp;quot;:1357728840000},&amp;quot;{D19CA586-DD6C-4a0a-96F8-14644F340D60}&amp;quot;:{&amp;quot;d&amp;quot;:&amp;quot;C:\\Program Files\\Common Files\\McAfee\\SystemCore&amp;quot;,&amp;quot;e&amp;quot;:false,&amp;quot;v&amp;quot;:&amp;quot;IDS_SS_VERSION&amp;quot;,&amp;quot;st&amp;quot;:1425969062155,&amp;quot;mt&amp;quot;:1402133418009}}}
1425986347627	addons.xpi	DEBUG	getModTime: Recursive scan of {972ce4c6-7e08-4474-a285-3208198ce6fd}
1425986347631	addons.xpi	DEBUG	getInstallState changed: false, state: {&amp;quot;app-profile&amp;quot;:{&amp;quot;fxdriver@googlecode.com&amp;quot;:{&amp;quot;d&amp;quot;:&amp;quot;C:\\Users\\nkasu\\AppData\\Local\\Temp\\anonymous2689011900727767555webdriver-profile\\extensions\\fxdriver@googlecode.com&amp;quot;,&amp;quot;e&amp;quot;:false,&amp;quot;v&amp;quot;:&amp;quot;2.39.0&amp;quot;,&amp;quot;st&amp;quot;:1425986338522,&amp;quot;mt&amp;quot;:1425986338103}},&amp;quot;app-global&amp;quot;:{&amp;quot;{972ce4c6-7e08-4474-a285-3208198ce6fd}&amp;quot;:{&amp;quot;d&amp;quot;:&amp;quot;C:\\Program Files\\Mozilla Firefox\\browser\\extensions\\{972ce4c6-7e08-4474-a285-3208198ce6fd}&amp;quot;,&amp;quot;e&amp;quot;:true,&amp;quot;v&amp;quot;:&amp;quot;36.0.1&amp;quot;,&amp;quot;st&amp;quot;:1425986202484,&amp;quot;mt&amp;quot;:1425986201297}},&amp;quot;winreg-app-global&amp;quot;:{&amp;quot;FFPDFArchitectConverter@pdfarchitect.com&amp;quot;:{&amp;quot;d&amp;quot;:&amp;quot;C:\\Program Files\\PDF Architect\\FFPDFArchitectExt&amp;quot;,&amp;quot;e&amp;quot;:false,&amp;quot;v&amp;quot;:&amp;quot;1.0&amp;quot;,&amp;quot;st&amp;quot;:1364914826329,&amp;quot;mt&amp;quot;:1357728840000},&amp;quot;{D19CA586-DD6C-4a0a-96F8-14644F340D60}&amp;quot;:{&amp;quot;d&amp;quot;:&amp;quot;C:\\Program Files\\Common Files\\McAfee\\SystemCore&amp;quot;,&amp;quot;e&amp;quot;:false,&amp;quot;v&amp;quot;:&amp;quot;IDS_SS_VERSION&amp;quot;,&amp;quot;st&amp;quot;:1425969062155,&amp;quot;mt&amp;quot;:1402133418009}}}
1425986347636	addons.xpi	DEBUG	No changes found
1425986347643	addons.manager	DEBUG	Registering shutdown blocker for XPIProvider
1425986347644	addons.manager	DEBUG	Registering shutdown blocker for LightweightThemeManager
1425986347647	addons.manager	DEBUG	Registering shutdown blocker for OpenH264Provider
1425986347647	addons.manager	DEBUG	Registering shutdown blocker for PluginProvider
*** Blocklist::_preloadBlocklistFile: blocklist is disabled
1425986351345	addons.manager	DEBUG	Registering shutdown blocker for &amp;lt;unnamed-provider&amp;gt;
1425986378227	addons.manager	DEBUG	shutdown
1425986378229	addons.manager	DEBUG	Calling shutdown blocker for XPIProvider
1425986378229	addons.xpi	DEBUG	shutdown
1425986378229	addons.xpi	DEBUG	Notifying XPI shutdown observers
1425986378230	addons.manager	DEBUG	Calling shutdown blocker for LightweightThemeManager
1425986378231	addons.manager	DEBUG	Calling shutdown blocker for OpenH264Provider
1425986378233	addons.manager	DEBUG	Calling shutdown blocker for PluginProvider
1425986378234	addons.manager	DEBUG	Calling shutdown blocker for &amp;lt;unnamed-provider&amp;gt;
1425986378243	addons.manager	DEBUG	Async provider shutdown done

Build info: version: &amp;apos;2.39.0&amp;apos;, revision: &amp;apos;ff23eac&amp;apos;, time: &amp;apos;2013-12-16 16:12:12&amp;apos;
System info: host: &amp;apos;XHLT0037&amp;apos;, ip: &amp;apos;192.168.1.123&amp;apos;, os.name: &amp;apos;Windows 7&amp;apos;, os.arch: &amp;apos;x86&amp;apos;, os.version: &amp;apos;6.1&amp;apos;, java.version: &amp;apos;1.7.0_67&amp;apos;
Driver info: driver.version: FirefoxDriver">
      <![CDATA[org.openqa.selenium.WebDriverException: Failed to connect to binary FirefoxBinary(C:\Program Files\Mozilla Firefox\firefox.exe) on port 7055; process output follows: 
Users\nkasu\AppData\Local\Temp\anonymous2689011900727767555webdriver-profile\extensions\fxdriver@googlecode.com
1425986347615	addons.xpi	DEBUG	Ignoring file entry whose name is not a valid add-on ID: C:\Users\nkasu\AppData\Local\Temp\anonymous2689011900727767555webdriver-profile\extensions\webdriver-staging
1425986347619	addons.xpi	INFO	Mapping {972ce4c6-7e08-4474-a285-3208198ce6fd} to C:\Program Files\Mozilla Firefox\browser\extensions\{972ce4c6-7e08-4474-a285-3208198ce6fd}
1425986347620	addons.xpi	DEBUG	Skipping unavailable install location app-system-share
1425986347620	addons.xpi	DEBUG	Skipping unavailable install location app-system-local
1425986347621	addons.xpi	INFO	Mapping FFPDFArchitectConverter@pdfarchitect.com to C:\Program Files\PDF Architect\FFPDFArchitectExt
1425986347621	addons.xpi	WARN	Ignoring missing add-on in C:\Program Files\AVAST Software\Avast\WebRep\FF
1425986347622	addons.xpi	INFO	Mapping {D19CA586-DD6C-4a0a-96F8-14644F340D60} to C:\Program Files\Common Files\McAfee\SystemCore
1425986347623	addons.xpi	DEBUG	checkForChanges
1425986347625	addons.xpi	DEBUG	Loaded add-on state from prefs: {"app-profile":{"fxdriver@googlecode.com":{"d":"C:\\Users\\nkasu\\AppData\\Local\\Temp\\anonymous2689011900727767555webdriver-profile\\extensions\\fxdriver@googlecode.com","e":false,"v":"2.39.0","st":1425986338522,"mt":1425986338103}},"app-global":{"{972ce4c6-7e08-4474-a285-3208198ce6fd}":{"d":"C:\\Program Files\\Mozilla Firefox\\browser\\extensions\\{972ce4c6-7e08-4474-a285-3208198ce6fd}","e":true,"v":"36.0.1","st":1425986202484,"mt":1425986201297}},"winreg-app-global":{"FFPDFArchitectConverter@pdfarchitect.com":{"d":"C:\\Program Files\\PDF Architect\\FFPDFArchitectExt","e":false,"v":"1.0","st":1364914826329,"mt":1357728840000},"{D19CA586-DD6C-4a0a-96F8-14644F340D60}":{"d":"C:\\Program Files\\Common Files\\McAfee\\SystemCore","e":false,"v":"IDS_SS_VERSION","st":1425969062155,"mt":1402133418009}}}
1425986347627	addons.xpi	DEBUG	getModTime: Recursive scan of {972ce4c6-7e08-4474-a285-3208198ce6fd}
1425986347631	addons.xpi	DEBUG	getInstallState changed: false, state: {"app-profile":{"fxdriver@googlecode.com":{"d":"C:\\Users\\nkasu\\AppData\\Local\\Temp\\anonymous2689011900727767555webdriver-profile\\extensions\\fxdriver@googlecode.com","e":false,"v":"2.39.0","st":1425986338522,"mt":1425986338103}},"app-global":{"{972ce4c6-7e08-4474-a285-3208198ce6fd}":{"d":"C:\\Program Files\\Mozilla Firefox\\browser\\extensions\\{972ce4c6-7e08-4474-a285-3208198ce6fd}","e":true,"v":"36.0.1","st":1425986202484,"mt":1425986201297}},"winreg-app-global":{"FFPDFArchitectConverter@pdfarchitect.com":{"d":"C:\\Program Files\\PDF Architect\\FFPDFArchitectExt","e":false,"v":"1.0","st":1364914826329,"mt":1357728840000},"{D19CA586-DD6C-4a0a-96F8-14644F340D60}":{"d":"C:\\Program Files\\Common Files\\McAfee\\SystemCore","e":false,"v":"IDS_SS_VERSION","st":1425969062155,"mt":1402133418009}}}
1425986347636	addons.xpi	DEBUG	No changes found
1425986347643	addons.manager	DEBUG	Registering shutdown blocker for XPIProvider
1425986347644	addons.manager	DEBUG	Registering shutdown blocker for LightweightThemeManager
1425986347647	addons.manager	DEBUG	Registering shutdown blocker for OpenH264Provider
1425986347647	addons.manager	DEBUG	Registering shutdown blocker for PluginProvider
*** Blocklist::_preloadBlocklistFile: blocklist is disabled
1425986351345	addons.manager	DEBUG	Registering shutdown blocker for <unnamed-provider>
1425986378227	addons.manager	DEBUG	shutdown
1425986378229	addons.manager	DEBUG	Calling shutdown blocker for XPIProvider
1425986378229	addons.xpi	DEBUG	shutdown
1425986378229	addons.xpi	DEBUG	Notifying XPI shutdown observers
1425986378230	addons.manager	DEBUG	Calling shutdown blocker for LightweightThemeManager
1425986378231	addons.manager	DEBUG	Calling shutdown blocker for OpenH264Provider
1425986378233	addons.manager	DEBUG	Calling shutdown blocker for PluginProvider
1425986378234	addons.manager	DEBUG	Calling shutdown blocker for <unnamed-provider>
1425986378243	addons.manager	DEBUG	Async provider shutdown done

Build info: version: '2.39.0', revision: 'ff23eac', time: '2013-12-16 16:12:12'
System info: host: 'XHLT0037', ip: '192.168.1.123', os.name: 'Windows 7', os.arch: 'x86', os.version: '6.1', java.version: '1.7.0_67'
Driver info: driver.version: FirefoxDriver
	at org.openqa.selenium.firefox.internal.NewProfileExtensionConnection.start(NewProfileExtensionConnection.java:130)
	at org.openqa.selenium.firefox.FirefoxDriver.startClient(FirefoxDriver.java:250)
	at org.openqa.selenium.remote.RemoteWebDriver.<init>(RemoteWebDriver.java:110)
	at org.openqa.selenium.firefox.FirefoxDriver.<init>(FirefoxDriver.java:197)
	at org.openqa.selenium.firefox.FirefoxDriver.<init>(FirefoxDriver.java:190)
	at org.openqa.selenium.firefox.FirefoxDriver.<init>(FirefoxDriver.java:186)
	at org.openqa.selenium.firefox.FirefoxDriver.<init>(FirefoxDriver.java:99)
	at xtbills.Base.WebPage.createWebDriverInstance(WebPage.java:54)
	at suiteA.CustomerBankRegistration.launchXTBills(CustomerBankRegistration.java:26)
Caused by: org.openqa.selenium.firefox.NotConnectedException: Unable to connect to host 127.0.0.1 on port 7055 after 45000 ms. Firefox console output:
Users\nkasu\AppData\Local\Temp\anonymous2689011900727767555webdriver-profile\extensions\fxdriver@googlecode.com
1425986347615	addons.xpi	DEBUG	Ignoring file entry whose name is not a valid add-on ID: C:\Users\nkasu\AppData\Local\Temp\anonymous2689011900727767555webdriver-profile\extensions\webdriver-staging
1425986347619	addons.xpi	INFO	Mapping {972ce4c6-7e08-4474-a285-3208198ce6fd} to C:\Program Files\Mozilla Firefox\browser\extensions\{972ce4c6-7e08-4474-a285-3208198ce6fd}
1425986347620	addons.xpi	DEBUG	Skipping unavailable install location app-system-share
1425986347620	addons.xpi	DEBUG	Skipping unavailable install location app-system-local
1425986347621	addons.xpi	INFO	Mapping FFPDFArchitectConverter@pdfarchitect.com to C:\Program Files\PDF Architect\FFPDFArchitectExt
1425986347621	addons.xpi	WARN	Ignoring missing add-on in C:\Program Files\AVAST Software\Avast\WebRep\FF
1425986347622	addons.xpi	INFO	Mapping {D19CA586-DD6C-4a0a-96F8-14644F340D60} to C:\Program Files\Common Files\McAfee\SystemCore
1425986347623	addons.xpi	DEBUG	checkForChanges
1425986347625	addons.xpi	DEBUG	Loaded add-on state from prefs: {"app-profile":{"fxdriver@googlecode.com":{"d":"C:\\Users\\nkasu\\AppData\\Local\\Temp\\anonymous2689011900727767555webdriver-profile\\extensions\\fxdriver@googlecode.com","e":false,"v":"2.39.0","st":1425986338522,"mt":1425986338103}},"app-global":{"{972ce4c6-7e08-4474-a285-3208198ce6fd}":{"d":"C:\\Program Files\\Mozilla Firefox\\browser\\extensions\\{972ce4c6-7e08-4474-a285-3208198ce6fd}","e":true,"v":"36.0.1","st":1425986202484,"mt":1425986201297}},"winreg-app-global":{"FFPDFArchitectConverter@pdfarchitect.com":{"d":"C:\\Program Files\\PDF Architect\\FFPDFArchitectExt","e":false,"v":"1.0","st":1364914826329,"mt":1357728840000},"{D19CA586-DD6C-4a0a-96F8-14644F340D60}":{"d":"C:\\Program Files\\Common Files\\McAfee\\SystemCore","e":false,"v":"IDS_SS_VERSION","st":1425969062155,"mt":1402133418009}}}
1425986347627	addons.xpi	DEBUG	getModTime: Recursive scan of {972ce4c6-7e08-4474-a285-3208198ce6fd}
1425986347631	addons.xpi	DEBUG	getInstallState changed: false, state: {"app-profile":{"fxdriver@googlecode.com":{"d":"C:\\Users\\nkasu\\AppData\\Local\\Temp\\anonymous2689011900727767555webdriver-profile\\extensions\\fxdriver@googlecode.com","e":false,"v":"2.39.0","st":1425986338522,"mt":1425986338103}},"app-global":{"{972ce4c6-7e08-4474-a285-3208198ce6fd}":{"d":"C:\\Program Files\\Mozilla Firefox\\browser\\extensions\\{972ce4c6-7e08-4474-a285-3208198ce6fd}","e":true,"v":"36.0.1","st":1425986202484,"mt":1425986201297}},"winreg-app-global":{"FFPDFArchitectConverter@pdfarchitect.com":{"d":"C:\\Program Files\\PDF Architect\\FFPDFArchitectExt","e":false,"v":"1.0","st":1364914826329,"mt":1357728840000},"{D19CA586-DD6C-4a0a-96F8-14644F340D60}":{"d":"C:\\Program Files\\Common Files\\McAfee\\SystemCore","e":false,"v":"IDS_SS_VERSION","st":1425969062155,"mt":1402133418009}}}
1425986347636	addons.xpi	DEBUG	No changes found
1425986347643	addons.manager	DEBUG	Registering shutdown blocker for XPIProvider
1425986347644	addons.manager	DEBUG	Registering shutdown blocker for LightweightThemeManager
1425986347647	addons.manager	DEBUG	Registering shutdown blocker for OpenH264Provider
1425986347647	addons.manager	DEBUG	Registering shutdown blocker for PluginProvider
*** Blocklist::_preloadBlocklistFile: blocklist is disabled
1425986351345	addons.manager	DEBUG	Registering shutdown blocker for <unnamed-provider>
1425986378227	addons.manager	DEBUG	shutdown
1425986378229	addons.manager	DEBUG	Calling shutdown blocker for XPIProvider
1425986378229	addons.xpi	DEBUG	shutdown
1425986378229	addons.xpi	DEBUG	Notifying XPI shutdown observers
1425986378230	addons.manager	DEBUG	Calling shutdown blocker for LightweightThemeManager
1425986378231	addons.manager	DEBUG	Calling shutdown blocker for OpenH264Provider
1425986378233	addons.manager	DEBUG	Calling shutdown blocker for PluginProvider
1425986378234	addons.manager	DEBUG	Calling shutdown blocker for <unnamed-provider>
1425986378243	addons.manager	DEBUG	Async provider shutdown done

	at org.openqa.selenium.firefox.internal.NewProfileExtensionConnection.start(NewProfileExtensionConnection.java:118)
	... 32 more
... Removed 24 stack frames]]>
    </failure>
  </testcase> <!-- @BeforeClass launchXTBills -->
  <testcase name="CustBankReg_01" time="0.001" classname="suiteA.CustomerBankRegistration">
    <skipped/>
  </testcase> <!-- CustBankReg_01 -->
</testsuite> <!-- To Test Customer Bank screen in Firefox -->
