<?xml version="1.0" encoding="UTF-8"?>
<!-- Generated by org.testng.reporters.JUnitXMLReporter -->
<testsuite hostname="XHLT0037" name="To Test Customer Bank screen in IE" tests="1" failures="0" timestamp="10 Mar 2015 10:54:53 GMT" time="0.066" errors="0">
  <testcase name="@BeforeClass launchXTBills" time="0.0" classname="suiteA.CustomerBankRegistration">
    <failure type="java.lang.NullPointerException">
      <![CDATA[java.lang.NullPointerException
	at xtbills.Base.WebPage.createWebDriverInstance(WebPage.java:70)
	at suiteA.CustomerBankRegistration.launchXTBills(CustomerBankRegistration.java:26)
... Removed 24 stack frames]]>
    </failure>
  </testcase> <!-- @BeforeClass launchXTBills -->
  <testcase name="CustBankReg_01" time="0.002" classname="suiteA.CustomerBankRegistration">
    <skipped/>
  </testcase> <!-- CustBankReg_01 -->
</testsuite> <!-- To Test Customer Bank screen in IE -->
