<?xml version="1.0" encoding="UTF-8"?>
<!-- Generated by org.testng.reporters.JUnitXMLReporter -->
<testsuite hostname="XHLT0039" name="To Test Vendor Bank screen in Firefox" tests="3" failures="0" timestamp="26 Mar 2015 05:33:33 GMT" time="37.669" errors="0">
  <testcase name="tc_vendorBank_Reg01" time="15.982" classname="suiteA.VendorBankRegistration"/>
  <testcase name="tc_vendorBank_Reg02" time="6.173" classname="suiteA.VendorBankRegistration"/>
  <testcase name="tc_vendorBank_Reg03" time="0.068" classname="suiteA.VendorBankRegistration"/>
</testsuite> <!-- To Test Vendor Bank screen in Firefox -->
