<?xml version="1.0" encoding="UTF-8"?>
<!-- Generated by org.testng.reporters.JUnitReportReporter -->
<testsuite hostname="XHDT0175" name="suiteA.BillDetails_01" tests="16" failures="0" timestamp="22 May 2015 05:34:55 GMT" time="186.212" errors="0">
  <testcase name="TC_BillDetails_29" time="17.033" classname="suiteA.BillDetails_01"/>
  <testcase name="TC_BillDetails_25" time="16.183" classname="suiteA.BillDetails_01"/>
  <testcase name="TC_BillDetails_22" time="6.103" classname="suiteA.BillDetails_01"/>
  <testcase name="TC_BillDetails_24" time="5.870" classname="suiteA.BillDetails_01"/>
  <testcase name="TC_BillDetails_30" time="5.750" classname="suiteA.BillDetails_01"/>
  <testcase name="TC_BillDetails_23" time="15.504" classname="suiteA.BillDetails_01"/>
  <testcase name="TC_BillDetails_18" time="5.867" classname="suiteA.BillDetails_01"/>
  <testcase name="TC_BillDetails_28" time="5.954" classname="suiteA.BillDetails_01"/>
  <testcase name="TC_BillDetails_32" time="5.765" classname="suiteA.BillDetails_01"/>
  <testcase name="TC_BillDetails_31" time="15.194" classname="suiteA.BillDetails_01"/>
  <testcase name="TC_BillDetails_21" time="15.866" classname="suiteA.BillDetails_01"/>
  <testcase name="TC_BillDetails_17" time="27.201" classname="suiteA.BillDetails_01"/>
  <testcase name="TC_BillDetails_20" time="5.911" classname="suiteA.BillDetails_01"/>
  <testcase name="TC_BillDetails_26" time="6.224" classname="suiteA.BillDetails_01"/>
  <testcase name="TC_BillDetails_19" time="16.800" classname="suiteA.BillDetails_01"/>
  <testcase name="TC_BillDetails_27" time="14.987" classname="suiteA.BillDetails_01"/>
</testsuite> <!-- suiteA.BillDetails_01 -->
