<?xml version="1.0" encoding="UTF-8"?>
<!-- Generated by org.testng.reporters.JUnitReportReporter -->
<testsuite hostname="XHDT0175" name="suiteA.BillDetails_Validations_01" tests="6" failures="0" timestamp="22 May 2015 05:34:55 GMT" time="288.053" errors="0">
  <testcase name="TC_BillDetailsValidations_172" time="44.847" classname="suiteA.BillDetails_Validations_01"/>
  <testcase name="TC_BillDetailsValidations_171" time="46.217" classname="suiteA.BillDetails_Validations_01"/>
  <testcase name="TC_BillDetailsValidations_173" time="47.228" classname="suiteA.BillDetails_Validations_01"/>
  <testcase name="TC_BillDetailsValidations_174" time="46.494" classname="suiteA.BillDetails_Validations_01"/>
  <testcase name="TC_BillDetailsValidations_175" time="46.706" classname="suiteA.BillDetails_Validations_01"/>
  <testcase name="TC_BillDetailsValidations_170" time="56.561" classname="suiteA.BillDetails_Validations_01"/>
</testsuite> <!-- suiteA.BillDetails_Validations_01 -->
