<?xml version="1.0" encoding="UTF-8"?>
<!-- Generated by org.testng.reporters.JUnitReportReporter -->
<testsuite hostname="XHDT0175" name="suiteA.VCDetails_Validations_02" tests="6" failures="0" timestamp="22 May 2015 05:34:55 GMT" time="235.453" errors="0">
  <testcase name="TC_VCDetailsValidations_213" time="37.009" classname="suiteA.VCDetails_Validations_02"/>
  <testcase name="TC_VCDetailsValidations_215" time="37.101" classname="suiteA.VCDetails_Validations_02"/>
  <testcase name="TC_VCDetailsValidations_217" time="36.522" classname="suiteA.VCDetails_Validations_02"/>
  <testcase name="TC_VCDetailsValidations_212" time="50.112" classname="suiteA.VCDetails_Validations_02"/>
  <testcase name="TC_VCDetailsValidations_216" time="37.985" classname="suiteA.VCDetails_Validations_02"/>
  <testcase name="TC_VCDetailsValidations_214" time="36.724" classname="suiteA.VCDetails_Validations_02"/>
</testsuite> <!-- suiteA.VCDetails_Validations_02 -->
