<?xml version="1.0" encoding="UTF-8"?>
<!-- Generated by org.testng.reporters.JUnitReportReporter -->
<testsuite hostname="XHDT0174" name="suiteA.UserPermissionDefault02" tests="13" failures="0" timestamp="21 May 2015 13:34:56 GMT" time="602.582" errors="0">
  <testcase name="TC_UPD_Owner_39" time="37.310" classname="suiteA.UserPermissionDefault02"/>
  <testcase name="TC_UPD_Payer_30" time="0.137" classname="suiteA.UserPermissionDefault02"/>
  <testcase name="TC_UPD_Payer_28" time="36.831" classname="suiteA.UserPermissionDefault02"/>
  <testcase name="TC_UPD_Payer_29" time="141.345" classname="suiteA.UserPermissionDefault02"/>
  <testcase name="TC_UPD_Owner_34" time="38.163" classname="suiteA.UserPermissionDefault02"/>
  <testcase name="TC_UPD_Owner_35" time="252.398" classname="suiteA.UserPermissionDefault02"/>
  <testcase name="TC_UPD_Payer_27" time="50.184" classname="suiteA.UserPermissionDefault02"/>
  <testcase name="TC_UPD_Owner_37" time="0.210" classname="suiteA.UserPermissionDefault02"/>
  <testcase name="TC_UPD_Payer_32" time="12.055" classname="suiteA.UserPermissionDefault02"/>
  <testcase name="TC_UPD_Payer_31" time="0.058" classname="suiteA.UserPermissionDefault02"/>
  <testcase name="TC_UPD_Payer_33" time="7.309" classname="suiteA.UserPermissionDefault02"/>
  <testcase name="TC_UPD_Owner_36" time="0.200" classname="suiteA.UserPermissionDefault02"/>
  <testcase name="TC_UPD_Owner_38" time="26.382" classname="suiteA.UserPermissionDefault02"/>
</testsuite> <!-- suiteA.UserPermissionDefault02 -->
