<?xml version="1.0" encoding="UTF-8"?>
<!-- Generated by org.testng.reporters.JUnitReportReporter -->
<testsuite hostname="XHDT0174" name="suiteA.UserPermissionMinimum02" tests="13" failures="0" timestamp="21 May 2015 13:34:56 GMT" time="379.339" errors="0">
  <testcase name="TC_UPMin_Manager_94" time="7.897" classname="suiteA.UserPermissionMinimum02"/>
  <testcase name="TC_UPMin_Manager_93" time="6.535" classname="suiteA.UserPermissionMinimum02"/>
  <testcase name="TC_UPMin_Manager_92" time="1.619" classname="suiteA.UserPermissionMinimum02"/>
  <testcase name="TC_UPMin_Payer_100" time="8.050" classname="suiteA.UserPermissionMinimum02"/>
  <testcase name="TC_UPMin_Manager_90" time="82.828" classname="suiteA.UserPermissionMinimum02"/>
  <testcase name="TC_UPMin_Payer_98" time="1.448" classname="suiteA.UserPermissionMinimum02"/>
  <testcase name="TC_UPMin_Manager_91" time="1.514" classname="suiteA.UserPermissionMinimum02"/>
  <testcase name="TC_UPMin_Manager_88" time="96.124" classname="suiteA.UserPermissionMinimum02"/>
  <testcase name="TC_UPMin_Payer_95" time="32.069" classname="suiteA.UserPermissionMinimum02"/>
  <testcase name="TC_UPMin_Payer_97" time="1.866" classname="suiteA.UserPermissionMinimum02"/>
  <testcase name="TC_UPMin_Payer_96" time="100.121" classname="suiteA.UserPermissionMinimum02"/>
  <testcase name="TC_UPMin_Manager_89" time="27.769" classname="suiteA.UserPermissionMinimum02"/>
  <testcase name="TC_UPMin_Payer_99" time="11.499" classname="suiteA.UserPermissionMinimum02"/>
</testsuite> <!-- suiteA.UserPermissionMinimum02 -->
