<?xml version="1.0" encoding="UTF-8"?>
<!-- Generated by org.testng.reporters.JUnitReportReporter -->
<testsuite hostname="XHDT0175" name="suiteA.VendorCreditDetails_05" tests="16" failures="0" timestamp="22 May 2015 05:34:55 GMT" time="526.000" errors="0">
  <testcase name="TC_VCDetails_140" time="45.344" classname="suiteA.VendorCreditDetails_05"/>
  <testcase name="TC_VCDetails_148" time="18.831" classname="suiteA.VendorCreditDetails_05"/>
  <testcase name="TC_VCDetails_139" time="56.984" classname="suiteA.VendorCreditDetails_05"/>
  <testcase name="TC_VCDetails_143" time="42.273" classname="suiteA.VendorCreditDetails_05"/>
  <testcase name="TC_VCDetails_133" time="34.273" classname="suiteA.VendorCreditDetails_05"/>
  <testcase name="TC_VCDetails_138" time="42.249" classname="suiteA.VendorCreditDetails_05"/>
  <testcase name="TC_VCDetails_134" time="15.758" classname="suiteA.VendorCreditDetails_05"/>
  <testcase name="TC_VCDetails_144" time="6.823" classname="suiteA.VendorCreditDetails_05"/>
  <testcase name="TC_VCDetails_136" time="60.318" classname="suiteA.VendorCreditDetails_05"/>
  <testcase name="TC_VCDetails_145" time="18.616" classname="suiteA.VendorCreditDetails_05"/>
  <testcase name="TC_VCDetails_146" time="18.080" classname="suiteA.VendorCreditDetails_05"/>
  <testcase name="TC_VCDetails_135" time="29.976" classname="suiteA.VendorCreditDetails_05"/>
  <testcase name="TC_VCDetails_142" time="34.285" classname="suiteA.VendorCreditDetails_05"/>
  <testcase name="TC_VCDetails_137" time="48.063" classname="suiteA.VendorCreditDetails_05"/>
  <testcase name="TC_VCDetails_141" time="35.376" classname="suiteA.VendorCreditDetails_05"/>
  <testcase name="TC_VCDetails_147" time="18.751" classname="suiteA.VendorCreditDetails_05"/>
</testsuite> <!-- suiteA.VendorCreditDetails_05 -->
