<?xml version="1.0" encoding="UTF-8"?>
<!-- Generated by org.testng.reporters.JUnitReportReporter -->
<testsuite hostname="XHDT0175" name="suiteA.BillDetails_Validations_02" tests="6" failures="0" timestamp="22 May 2015 05:34:55 GMT" time="286.079" errors="0">
  <testcase name="TC_BillDetailsValidations_180" time="46.052" classname="suiteA.BillDetails_Validations_02"/>
  <testcase name="TC_BillDetailsValidations_179" time="47.521" classname="suiteA.BillDetails_Validations_02"/>
  <testcase name="TC_BillDetailsValidations_177" time="46.501" classname="suiteA.BillDetails_Validations_02"/>
  <testcase name="TC_BillDetailsValidations_181" time="46.379" classname="suiteA.BillDetails_Validations_02"/>
  <testcase name="TC_BillDetailsValidations_178" time="45.873" classname="suiteA.BillDetails_Validations_02"/>
  <testcase name="TC_BillDetailsValidations_176" time="53.753" classname="suiteA.BillDetails_Validations_02"/>
</testsuite> <!-- suiteA.BillDetails_Validations_02 -->
