<?xml version="1.0" encoding="UTF-8"?>
<!-- Generated by org.testng.reporters.JUnitReportReporter -->
<testsuite hostname="XHDT0175" name="suiteA.BillDetails_03" tests="11" failures="0" timestamp="22 May 2015 05:34:55 GMT" time="149.908" errors="0">
  <testcase name="TC_BillDetails_50" time="17.507" classname="suiteA.BillDetails_03"/>
  <testcase name="TC_BillDetails_47" time="5.862" classname="suiteA.BillDetails_03"/>
  <testcase name="TC_BillDetails_53" time="16.037" classname="suiteA.BillDetails_03"/>
  <testcase name="TC_BillDetails_54" time="6.118" classname="suiteA.BillDetails_03"/>
  <testcase name="TC_BillDetails_46" time="15.713" classname="suiteA.BillDetails_03"/>
  <testcase name="TC_BillDetails_44" time="27.472" classname="suiteA.BillDetails_03"/>
  <testcase name="TC_BillDetails_49" time="18.308" classname="suiteA.BillDetails_03"/>
  <testcase name="TC_BillDetails_52" time="6.032" classname="suiteA.BillDetails_03"/>
  <testcase name="TC_BillDetails_48" time="15.125" classname="suiteA.BillDetails_03"/>
  <testcase name="TC_BillDetails_45" time="5.816" classname="suiteA.BillDetails_03"/>
  <testcase name="TC_BillDetails_51" time="15.918" classname="suiteA.BillDetails_03"/>
</testsuite> <!-- suiteA.BillDetails_03 -->
