<?xml version="1.0" encoding="UTF-8"?>
<!-- Generated by org.testng.reporters.JUnitReportReporter -->
<testsuite hostname="XHDT0175" name="suiteA.VendorCreditDetails_06" tests="3" failures="0" timestamp="22 May 2015 05:34:55 GMT" time="268.390" errors="0">
  <testcase name="TC_VCDetails_151" time="53.079" classname="suiteA.VendorCreditDetails_06"/>
  <testcase name="TC_VCDetails_149" time="158.493" classname="suiteA.VendorCreditDetails_06"/>
  <testcase name="TC_VCDetails_150" time="56.818" classname="suiteA.VendorCreditDetails_06"/>
</testsuite> <!-- suiteA.VendorCreditDetails_06 -->
