<?xml version="1.0" encoding="UTF-8"?>
<!-- Generated by org.testng.reporters.JUnitReportReporter -->
<testsuite hostname="XHDT0175" name="suiteA.BillDetails_06" tests="15" failures="0" timestamp="22 May 2015 05:34:55 GMT" time="395.759" errors="0">
  <testcase name="TC_BillDetails_85" time="18.211" classname="suiteA.BillDetails_06"/>
  <testcase name="TC_BillDetails_76" time="30.982" classname="suiteA.BillDetails_06"/>
  <testcase name="TC_BillDetails_80" time="53.817" classname="suiteA.BillDetails_06"/>
  <testcase name="TC_BillDetails_82" time="33.444" classname="suiteA.BillDetails_06"/>
  <testcase name="TC_BillDetails_81" time="35.097" classname="suiteA.BillDetails_06"/>
  <testcase name="TC_BillDetails_84" time="16.087" classname="suiteA.BillDetails_06"/>
  <testcase name="TC_BillDetails_87" time="16.514" classname="suiteA.BillDetails_06"/>
  <testcase name="TC_BillDetails_89" time="16.522" classname="suiteA.BillDetails_06"/>
  <testcase name="TC_BillDetails_83" time="51.109" classname="suiteA.BillDetails_06"/>
  <testcase name="TC_BillDetails_79" time="48.010" classname="suiteA.BillDetails_06"/>
  <testcase name="TC_BillDetails_86" time="17.545" classname="suiteA.BillDetails_06"/>
  <testcase name="TC_BillDetails_77" time="6.569" classname="suiteA.BillDetails_06"/>
  <testcase name="TC_BillDetails_78" time="39.342" classname="suiteA.BillDetails_06"/>
  <testcase name="TC_BillDetails_88" time="6.123" classname="suiteA.BillDetails_06"/>
  <testcase name="TC_BillDetails_90" time="6.387" classname="suiteA.BillDetails_06"/>
</testsuite> <!-- suiteA.BillDetails_06 -->
