<?xml version="1.0" encoding="UTF-8"?>
<!-- Generated by org.testng.reporters.JUnitReportReporter -->
<testsuite hostname="XHDT0175" name="suiteA.VCDetails_Validations_01" tests="6" failures="0" timestamp="22 May 2015 05:34:55 GMT" time="235.040" errors="0">
  <testcase name="TC_VCDetailsValidations_211" time="36.058" classname="suiteA.VCDetails_Validations_01"/>
  <testcase name="TC_VCDetailsValidations_207" time="36.501" classname="suiteA.VCDetails_Validations_01"/>
  <testcase name="TC_VCDetailsValidations_208" time="37.264" classname="suiteA.VCDetails_Validations_01"/>
  <testcase name="TC_VCDetailsValidations_206" time="51.024" classname="suiteA.VCDetails_Validations_01"/>
  <testcase name="TC_VCDetailsValidations_210" time="36.040" classname="suiteA.VCDetails_Validations_01"/>
  <testcase name="TC_VCDetailsValidations_209" time="38.153" classname="suiteA.VCDetails_Validations_01"/>
</testsuite> <!-- suiteA.VCDetails_Validations_01 -->
