<?xml version="1.0" encoding="UTF-8"?>
<!-- Generated by org.testng.reporters.JUnitReportReporter -->
<testsuite hostname="XHDT0175" name="suiteA.ApproveBills_01" tests="10" failures="1" timestamp="11 May 2015 11:20:51 GMT" time="164.068" errors="0">
  <testcase name="TC_ApproveBills_25" time="6.709" classname="suiteA.ApproveBills_01">
    <failure type="java.lang.Exception" message="Undisplayed elements in the List are : [Reject]">
      <![CDATA[java.lang.Exception: Undisplayed elements in the List are : [Reject]
	at suiteA.ApproveBills_01.TC_ApproveBills_25(ApproveBills_01.java:1026)
	at sun.reflect.NativeMethodAccessorImpl.invoke0(Native Method)
	at sun.reflect.NativeMethodAccessorImpl.invoke(Unknown Source)
	at sun.reflect.DelegatingMethodAccessorImpl.invoke(Unknown Source)
	at java.lang.reflect.Method.invoke(Unknown Source)
	at org.testng.internal.MethodInvocationHelper.invokeMethod(MethodInvocationHelper.java:84)
	at org.testng.internal.Invoker.invokeMethod(Invoker.java:714)
	at org.testng.internal.Invoker.invokeTestMethod(Invoker.java:901)
	at org.testng.internal.Invoker.invokeTestMethods(Invoker.java:1231)
	at org.testng.internal.TestMethodWorker.invokeTestMethods(TestMethodWorker.java:127)
	at org.testng.internal.TestMethodWorker.run(TestMethodWorker.java:111)
	at org.testng.TestRunner.privateRun(TestRunner.java:767)
	at org.testng.TestRunner.run(TestRunner.java:617)
	at org.testng.SuiteRunner.runTest(SuiteRunner.java:334)
	at org.testng.SuiteRunner.runSequentially(SuiteRunner.java:329)
	at org.testng.SuiteRunner.privateRun(SuiteRunner.java:291)
	at org.testng.SuiteRunner.run(SuiteRunner.java:240)
	at org.testng.SuiteRunnerWorker.runSuite(SuiteRunnerWorker.java:52)
	at org.testng.SuiteRunnerWorker.run(SuiteRunnerWorker.java:86)
	at org.testng.TestNG.runSuitesSequentially(TestNG.java:1224)
	at org.testng.TestNG.runSuitesSequentially(TestNG.java:1220)
	at org.testng.TestNG.runSuitesLocally(TestNG.java:1149)
	at org.testng.TestNG.run(TestNG.java:1057)
	at org.testng.TestNG.privateMain(TestNG.java:1364)
	at org.testng.TestNG.main(TestNG.java:1333)
]]>
    </failure>
  </testcase> <!-- TC_ApproveBills_25 -->
  <testcase name="TC_ApproveBills_23" time="5.850" classname="suiteA.ApproveBills_01"/>
  <testcase name="TC_ApproveBills_24" time="4.024" classname="suiteA.ApproveBills_01"/>
  <testcase name="TC_ApproveBills_22" time="20.140" classname="suiteA.ApproveBills_01"/>
  <testcase name="TC_ApproveBills_19" time="3.042" classname="suiteA.ApproveBills_01"/>
  <testcase name="TC_ApproveBills_21" time="24.789" classname="suiteA.ApproveBills_01"/>
  <testcase name="TC_ApproveBills_18" time="17.535" classname="suiteA.ApproveBills_01"/>
  <testcase name="TC_ApproveBills_16" time="38.736" classname="suiteA.ApproveBills_01"/>
  <testcase name="TC_ApproveBills_17" time="15.241" classname="suiteA.ApproveBills_01"/>
  <testcase name="TC_ApproveBills_20" time="28.002" classname="suiteA.ApproveBills_01"/>
</testsuite> <!-- suiteA.ApproveBills_01 -->
