<?xml version="1.0" encoding="UTF-8"?>
<!-- Generated by org.testng.reporters.JUnitReportReporter -->
<testsuite hostname="XHDT0175" name="suiteA.BillDetails_02" tests="11" failures="0" timestamp="22 May 2015 05:34:55 GMT" time="382.268" errors="0">
  <testcase name="TC_BillDetails_42" time="52.619" classname="suiteA.BillDetails_02"/>
  <testcase name="TC_BillDetails_38" time="37.607" classname="suiteA.BillDetails_02"/>
  <testcase name="TC_BillDetails_37" time="38.239" classname="suiteA.BillDetails_02"/>
  <testcase name="TC_BillDetails_36" time="38.285" classname="suiteA.BillDetails_02"/>
  <testcase name="TC_BillDetails_34" time="6.276" classname="suiteA.BillDetails_02"/>
  <testcase name="TC_BillDetails_41" time="46.431" classname="suiteA.BillDetails_02"/>
  <testcase name="TC_BillDetails_39" time="40.093" classname="suiteA.BillDetails_02"/>
  <testcase name="TC_BillDetails_43" time="27.547" classname="suiteA.BillDetails_02"/>
  <testcase name="TC_BillDetails_35" time="17.296" classname="suiteA.BillDetails_02"/>
  <testcase name="TC_BillDetails_33" time="27.159" classname="suiteA.BillDetails_02"/>
  <testcase name="TC_BillDetails_40" time="50.716" classname="suiteA.BillDetails_02"/>
</testsuite> <!-- suiteA.BillDetails_02 -->
