<?xml version="1.0" encoding="UTF-8"?>
<!-- Generated by org.testng.reporters.JUnitReportReporter -->
<testsuite hostname="XHDT0175" name="suiteA.BillDetails_Validations_03" tests="6" failures="0" timestamp="22 May 2015 05:34:55 GMT" time="282.145" errors="0">
  <testcase name="TC_BillDetailsValidations_186" time="44.330" classname="suiteA.BillDetails_Validations_03"/>
  <testcase name="TC_BillDetailsValidations_184" time="46.711" classname="suiteA.BillDetails_Validations_03"/>
  <testcase name="TC_BillDetailsValidations_183" time="47.409" classname="suiteA.BillDetails_Validations_03"/>
  <testcase name="TC_BillDetailsValidations_185" time="47.622" classname="suiteA.BillDetails_Validations_03"/>
  <testcase name="TC_BillDetailsValidations_182" time="49.392" classname="suiteA.BillDetails_Validations_03"/>
  <testcase name="TC_BillDetailsValidations_187" time="46.681" classname="suiteA.BillDetails_Validations_03"/>
</testsuite> <!-- suiteA.BillDetails_Validations_03 -->
