<?xml version="1.0" encoding="UTF-8"?>
<!-- Generated by org.testng.reporters.JUnitReportReporter -->
<testsuite hostname="XHDT0175" name="suiteA.BillDetails_04" tests="10" failures="0" timestamp="22 May 2015 05:34:55 GMT" time="379.601" errors="0">
  <testcase name="TC_BillDetails_60" time="38.416" classname="suiteA.BillDetails_04"/>
  <testcase name="TC_BillDetails_59" time="47.604" classname="suiteA.BillDetails_04"/>
  <testcase name="TC_BillDetails_58" time="49.187" classname="suiteA.BillDetails_04"/>
  <testcase name="TC_BillDetails_62" time="51.993" classname="suiteA.BillDetails_04"/>
  <testcase name="TC_BillDetails_56" time="6.391" classname="suiteA.BillDetails_04"/>
  <testcase name="TC_BillDetails_57" time="38.045" classname="suiteA.BillDetails_04"/>
  <testcase name="TC_BillDetails_61" time="50.566" classname="suiteA.BillDetails_04"/>
  <testcase name="TC_BillDetails_63" time="30.572" classname="suiteA.BillDetails_04"/>
  <testcase name="TC_BillDetails_64" time="40.892" classname="suiteA.BillDetails_04"/>
  <testcase name="TC_BillDetails_55" time="25.935" classname="suiteA.BillDetails_04"/>
</testsuite> <!-- suiteA.BillDetails_04 -->
