<?xml version="1.0" encoding="UTF-8"?>
<!-- Generated by org.testng.reporters.JUnitReportReporter -->
<testsuite hostname="XHDT0175" name="suiteA.BillEntry_03" tests="6" failures="0" timestamp="11 May 2015 11:20:51 GMT" time="167.184" errors="0">
  <testcase name="TC_BillEntry_34" time="4.275" classname="suiteA.BillEntry_03"/>
  <testcase name="TC_BillEntry_32" time="75.175" classname="suiteA.BillEntry_03"/>
  <testcase name="TC_BillEntry_33" time="0.234" classname="suiteA.BillEntry_03"/>
  <testcase name="TC_BillEntry_37" time="38.501" classname="suiteA.BillEntry_03"/>
  <testcase name="TC_BillEntry_35" time="2.870" classname="suiteA.BillEntry_03"/>
  <testcase name="TC_BillEntry_36" time="46.129" classname="suiteA.BillEntry_03"/>
</testsuite> <!-- suiteA.BillEntry_03 -->
