<?xml version="1.0" encoding="UTF-8"?>
<!-- Generated by org.testng.reporters.JUnitReportReporter -->
<testsuite hostname="XHDT0175" name="suiteA.ApproveVendorCredits_00" tests="11" failures="0" timestamp="22 May 2015 12:19:28 GMT" time="200.636" errors="0">
  <testcase name="TC_ApproveVC_06" time="10.334" classname="suiteA.ApproveVendorCredits_00"/>
  <testcase name="TC_ApproveVC_07" time="7.879" classname="suiteA.ApproveVendorCredits_00"/>
  <testcase name="TC_ApproveVC_01" time="16.214" classname="suiteA.ApproveVendorCredits_00"/>
  <testcase name="TC_ApproveVC_10" time="7.846" classname="suiteA.ApproveVendorCredits_00"/>
  <testcase name="TC_ApproveVC_04" time="0.670" classname="suiteA.ApproveVendorCredits_00"/>
  <testcase name="TC_ApproveVC_03" time="0.402" classname="suiteA.ApproveVendorCredits_00"/>
  <testcase name="TC_ApproveVC_02" time="2.261" classname="suiteA.ApproveVendorCredits_00"/>
  <testcase name="TC_ApproveVC_05" time="5.720" classname="suiteA.ApproveVendorCredits_00"/>
  <testcase name="TC_ApproveVC_08" time="2.135" classname="suiteA.ApproveVendorCredits_00"/>
  <testcase name="TC_ApproveVC_11" time="7.491" classname="suiteA.ApproveVendorCredits_00"/>
  <testcase name="TC_ApproveVC_09" time="139.684" classname="suiteA.ApproveVendorCredits_00"/>
</testsuite> <!-- suiteA.ApproveVendorCredits_00 -->
