<?xml version="1.0" encoding="UTF-8"?>
<!-- Generated by org.testng.reporters.JUnitReportReporter -->
<testsuite hostname="XHDT0175" name="suiteA.VendorCreditDetails_01" tests="6" failures="0" timestamp="22 May 2015 05:34:55 GMT" time="130.086" errors="0">
  <testcase name="TC_VCDetails_113" time="19.444" classname="suiteA.VendorCreditDetails_01"/>
  <testcase name="TC_VCDetails_112" time="20.986" classname="suiteA.VendorCreditDetails_01"/>
  <testcase name="TC_VCDetails_111" time="18.069" classname="suiteA.VendorCreditDetails_01"/>
  <testcase name="TC_VCDetails_114" time="19.917" classname="suiteA.VendorCreditDetails_01"/>
  <testcase name="TC_VCDetails_110" time="19.370" classname="suiteA.VendorCreditDetails_01"/>
  <testcase name="TC_VCDetails_109" time="32.300" classname="suiteA.VendorCreditDetails_01"/>
</testsuite> <!-- suiteA.VendorCreditDetails_01 -->
