<?xml version="1.0" encoding="UTF-8"?>
<!-- Generated by org.testng.reporters.JUnitReportReporter -->
<testsuite hostname="XHDT0175" name="suiteA.BillDetails_Validations_00" tests="18" failures="0" timestamp="22 May 2015 05:34:55 GMT" time="436.297" errors="0">
  <testcase name="TC_BillDetailsValidations_154" time="13.587" classname="suiteA.BillDetails_Validations_00"/>
  <testcase name="TC_BillDetailsValidations_159" time="17.397" classname="suiteA.BillDetails_Validations_00"/>
  <testcase name="TC_BillDetailsValidations_157" time="17.081" classname="suiteA.BillDetails_Validations_00"/>
  <testcase name="TC_BillDetailsValidations_161" time="10.928" classname="suiteA.BillDetails_Validations_00"/>
  <testcase name="TC_BillDetailsValidations_162" time="17.026" classname="suiteA.BillDetails_Validations_00"/>
  <testcase name="TC_BillDetailsValidations_152" time="32.374" classname="suiteA.BillDetails_Validations_00"/>
  <testcase name="TC_BillDetailsValidations_158" time="16.785" classname="suiteA.BillDetails_Validations_00"/>
  <testcase name="TC_BillDetailsValidations_167" time="10.131" classname="suiteA.BillDetails_Validations_00"/>
  <testcase name="TC_BillDetailsValidations_168" time="18.529" classname="suiteA.BillDetails_Validations_00"/>
  <testcase name="TC_BillDetailsValidations_165" time="22.542" classname="suiteA.BillDetails_Validations_00"/>
  <testcase name="TC_BillDetailsValidations_166" time="29.776" classname="suiteA.BillDetails_Validations_00"/>
  <testcase name="TC_BillDetailsValidations_155" time="15.928" classname="suiteA.BillDetails_Validations_00"/>
  <testcase name="TC_BillDetailsValidations_169" time="128.142" classname="suiteA.BillDetails_Validations_00"/>
  <testcase name="TC_BillDetailsValidations_160" time="20.422" classname="suiteA.BillDetails_Validations_00"/>
  <testcase name="TC_BillDetailsValidations_153" time="7.734" classname="suiteA.BillDetails_Validations_00"/>
  <testcase name="TC_BillDetailsValidations_164" time="10.486" classname="suiteA.BillDetails_Validations_00"/>
  <testcase name="TC_BillDetailsValidations_156" time="13.522" classname="suiteA.BillDetails_Validations_00"/>
  <testcase name="TC_BillDetailsValidations_163" time="33.907" classname="suiteA.BillDetails_Validations_00"/>
</testsuite> <!-- suiteA.BillDetails_Validations_00 -->
