<?xml version="1.0" encoding="UTF-8"?>
<!-- Generated by org.testng.reporters.JUnitReportReporter -->
<testsuite hostname="XHDT0175" name="suiteA.NewCompanyCreation" tests="11" failures="1" timestamp="11 May 2015 11:20:51 GMT" time="67.082" errors="0">
  <testcase name="TC_NewCompany_81" time="10.234" classname="suiteA.NewCompanyCreation"/>
  <testcase name="TC_NewCompany_76" time="5.990" classname="suiteA.NewCompanyCreation"/>
  <testcase name="TC_NewCompany_83" time="2.730" classname="suiteA.NewCompanyCreation"/>
  <testcase name="TC_NewCompany_79" time="0.749" classname="suiteA.NewCompanyCreation"/>
  <testcase name="TC_NewCompany_82" time="6.209" classname="suiteA.NewCompanyCreation"/>
  <testcase name="TC_NewCompany_84" time="7.769" classname="suiteA.NewCompanyCreation"/>
  <testcase name="TC_NewCompany_86" time="15.382" classname="suiteA.NewCompanyCreation">
    <failure type="java.lang.Exception" message="The unmatched data are [No User Found]">
      <![CDATA[java.lang.Exception: The unmatched data are [No User Found]
	at suiteA.NewCompanyCreation.TC_NewCompany_86(NewCompanyCreation.java:658)
	at sun.reflect.NativeMethodAccessorImpl.invoke0(Native Method)
	at sun.reflect.NativeMethodAccessorImpl.invoke(Unknown Source)
	at sun.reflect.DelegatingMethodAccessorImpl.invoke(Unknown Source)
	at java.lang.reflect.Method.invoke(Unknown Source)
	at org.testng.internal.MethodInvocationHelper.invokeMethod(MethodInvocationHelper.java:84)
	at org.testng.internal.Invoker.invokeMethod(Invoker.java:714)
	at org.testng.internal.Invoker.invokeTestMethod(Invoker.java:901)
	at org.testng.internal.Invoker.invokeTestMethods(Invoker.java:1231)
	at org.testng.internal.TestMethodWorker.invokeTestMethods(TestMethodWorker.java:127)
	at org.testng.internal.TestMethodWorker.run(TestMethodWorker.java:111)
	at org.testng.TestRunner.privateRun(TestRunner.java:767)
	at org.testng.TestRunner.run(TestRunner.java:617)
	at org.testng.SuiteRunner.runTest(SuiteRunner.java:334)
	at org.testng.SuiteRunner.runSequentially(SuiteRunner.java:329)
	at org.testng.SuiteRunner.privateRun(SuiteRunner.java:291)
	at org.testng.SuiteRunner.run(SuiteRunner.java:240)
	at org.testng.SuiteRunnerWorker.runSuite(SuiteRunnerWorker.java:52)
	at org.testng.SuiteRunnerWorker.run(SuiteRunnerWorker.java:86)
	at org.testng.TestNG.runSuitesSequentially(TestNG.java:1224)
	at org.testng.TestNG.runSuitesSequentially(TestNG.java:1220)
	at org.testng.TestNG.runSuitesLocally(TestNG.java:1149)
	at org.testng.TestNG.run(TestNG.java:1057)
	at org.testng.TestNG.privateMain(TestNG.java:1364)
	at org.testng.TestNG.main(TestNG.java:1333)
]]>
    </failure>
  </testcase> <!-- TC_NewCompany_86 -->
  <testcase name="TC_NewCompany_77" time="6.194" classname="suiteA.NewCompanyCreation"/>
  <testcase name="TC_NewCompany_80" time="3.167" classname="suiteA.NewCompanyCreation"/>
  <testcase name="TC_NewCompany_85" time="7.769" classname="suiteA.NewCompanyCreation"/>
  <testcase name="TC_NewCompany_78" time="0.889" classname="suiteA.NewCompanyCreation"/>
</testsuite> <!-- suiteA.NewCompanyCreation -->
