<?xml version="1.0" encoding="UTF-8"?>
<!-- Generated by org.testng.reporters.JUnitReportReporter -->
<testsuite hostname="XHDT0175" name="suiteA.ApproveBills_02" tests="12" failures="0" timestamp="11 May 2015 11:20:51 GMT" time="71.121" errors="0">
  <testcase name="TC_ApproveBills_32" time="5.304" classname="suiteA.ApproveBills_02"/>
  <testcase name="TC_ApproveBills_31" time="5.320" classname="suiteA.ApproveBills_02"/>
  <testcase name="TC_ApproveBills_29" time="5.429" classname="suiteA.ApproveBills_02"/>
  <testcase name="TC_ApproveBills_34" time="5.055" classname="suiteA.ApproveBills_02"/>
  <testcase name="TC_ApproveBills_36" time="10.031" classname="suiteA.ApproveBills_02"/>
  <testcase name="TC_ApproveBills_35" time="6.193" classname="suiteA.ApproveBills_02"/>
  <testcase name="TC_ApproveBills_27" time="0.661" classname="suiteA.ApproveBills_02"/>
  <testcase name="TC_ApproveBills_26" time="19.688" classname="suiteA.ApproveBills_02"/>
  <testcase name="TC_ApproveBills_37" time="6.147" classname="suiteA.ApproveBills_02"/>
  <testcase name="TC_ApproveBills_33" time="2.854" classname="suiteA.ApproveBills_02"/>
  <testcase name="TC_ApproveBills_28" time="1.865" classname="suiteA.ApproveBills_02"/>
  <testcase name="TC_ApproveBills_30" time="2.574" classname="suiteA.ApproveBills_02"/>
</testsuite> <!-- suiteA.ApproveBills_02 -->
