<?xml version="1.0" encoding="UTF-8"?>
<!-- Generated by org.testng.reporters.JUnitReportReporter -->
<testsuite hostname="XHDT0174" name="suiteA.UserPermissionMaximum02" tests="13" failures="0" timestamp="21 May 2015 13:34:56 GMT" time="572.963" errors="0">
  <testcase name="TC_UPMax_Payer_67" time="20.255" classname="suiteA.UserPermissionMaximum02"/>
  <testcase name="TC_UPMax_Payer_66" time="3.019" classname="suiteA.UserPermissionMaximum02"/>
  <testcase name="TC_UPMax_Manager_58" time="178.390" classname="suiteA.UserPermissionMaximum02"/>
  <testcase name="TC_UPMax_Manager_62" time="9.348" classname="suiteA.UserPermissionMaximum02"/>
  <testcase name="TC_UPMax_Payer_65" time="1.745" classname="suiteA.UserPermissionMaximum02"/>
  <testcase name="TC_UPMax_Payer_64" time="170.503" classname="suiteA.UserPermissionMaximum02"/>
  <testcase name="TC_UPMax_Payer_68" time="9.858" classname="suiteA.UserPermissionMaximum02"/>
  <testcase name="TC_UPMax_Manager_57" time="36.482" classname="suiteA.UserPermissionMaximum02"/>
  <testcase name="TC_UPMax_Manager_59" time="1.370" classname="suiteA.UserPermissionMaximum02"/>
  <testcase name="TC_UPMax_Manager_60" time="1.661" classname="suiteA.UserPermissionMaximum02"/>
  <testcase name="TC_UPMax_Payer_63" time="36.069" classname="suiteA.UserPermissionMaximum02"/>
  <testcase name="TC_UPMax_Manager_56" time="85.868" classname="suiteA.UserPermissionMaximum02"/>
  <testcase name="TC_UPMax_Manager_61" time="18.395" classname="suiteA.UserPermissionMaximum02"/>
</testsuite> <!-- suiteA.UserPermissionMaximum02 -->
