<?xml version="1.0" encoding="UTF-8"?>
<!-- Generated by org.testng.reporters.JUnitReportReporter -->
<testsuite hostname="XHDT0175" name="suiteA.BillEntry_00" tests="10" failures="0" timestamp="11 May 2015 11:20:51 GMT" time="679.724" errors="0">
  <testcase name="TC_BillEntry_03" time="551.647" classname="suiteA.BillEntry_00"/>
  <testcase name="TC_BillEntry_02" time="3.135" classname="suiteA.BillEntry_00"/>
  <testcase name="TC_BillEntry_07" time="3.885" classname="suiteA.BillEntry_00"/>
  <testcase name="TC_BillEntry_04" time="15.257" classname="suiteA.BillEntry_00"/>
  <testcase name="TC_BillEntry_01" time="11.482" classname="suiteA.BillEntry_00"/>
  <testcase name="TC_BillEntry_05" time="21.060" classname="suiteA.BillEntry_00"/>
  <testcase name="TC_BillEntry_06" time="22.042" classname="suiteA.BillEntry_00"/>
  <testcase name="TC_BillEntry_10" time="1.794" classname="suiteA.BillEntry_00"/>
  <testcase name="TC_BillEntry_09" time="10.749" classname="suiteA.BillEntry_00"/>
  <testcase name="TC_BillEntry_08" time="38.673" classname="suiteA.BillEntry_00"/>
</testsuite> <!-- suiteA.BillEntry_00 -->
