<?xml version="1.0" encoding="UTF-8"?>
<!-- Generated by org.testng.reporters.JUnitReportReporter -->
<testsuite hostname="XHDT0175" name="suiteA.DashBoard_00" tests="8" failures="0" timestamp="13 May 2015 12:21:30 GMT" time="73.365" errors="0">
  <testcase name="TC_DashBoard_05" time="2.785" classname="suiteA.DashBoard_00"/>
  <testcase name="TC_DashBoard_06" time="25.757" classname="suiteA.DashBoard_00"/>
  <testcase name="TC_DashBoard_07" time="2.172" classname="suiteA.DashBoard_00"/>
  <testcase name="TC_DashBoard_11" time="2.795" classname="suiteA.DashBoard_00"/>
  <testcase name="TC_DashBoard_04" time="0.231" classname="suiteA.DashBoard_00"/>
  <testcase name="TC_DashBoard_01" time="8.501" classname="suiteA.DashBoard_00"/>
  <testcase name="TC_DashBoard_02" time="2.990" classname="suiteA.DashBoard_00"/>
  <testcase name="TC_DashBoard_03" time="28.134" classname="suiteA.DashBoard_00"/>
</testsuite> <!-- suiteA.DashBoard_00 -->
