<?xml version="1.0" encoding="UTF-8"?>
<!-- Generated by org.testng.reporters.JUnitReportReporter -->
<testsuite hostname="XHDT0175" name="suiteA.VendorCreditDetails_03" tests="6" failures="0" timestamp="22 May 2015 05:34:55 GMT" time="121.276" errors="0">
  <testcase name="TC_VCDetails_125" time="17.879" classname="suiteA.VendorCreditDetails_03"/>
  <testcase name="TC_VCDetails_124" time="19.683" classname="suiteA.VendorCreditDetails_03"/>
  <testcase name="TC_VCDetails_126" time="17.307" classname="suiteA.VendorCreditDetails_03"/>
  <testcase name="TC_VCDetails_123" time="18.272" classname="suiteA.VendorCreditDetails_03"/>
  <testcase name="TC_VCDetails_122" time="19.406" classname="suiteA.VendorCreditDetails_03"/>
  <testcase name="TC_VCDetails_121" time="28.729" classname="suiteA.VendorCreditDetails_03"/>
</testsuite> <!-- suiteA.VendorCreditDetails_03 -->
