<?xml version="1.0" encoding="UTF-8"?>
<!-- Generated by org.testng.reporters.JUnitReportReporter -->
<testsuite hostname="XHDT0175" name="suiteA.BillEntry_04" tests="13" failures="1" timestamp="11 May 2015 11:20:51 GMT" time="172.177" errors="0">
  <testcase name="TC_BillEntry_38" time="14.477" classname="suiteA.BillEntry_04"/>
  <testcase name="TC_BillEntry_42" time="0.842" classname="suiteA.BillEntry_04"/>
  <testcase name="TC_BillEntry_48" time="27.752" classname="suiteA.BillEntry_04"/>
  <testcase name="TC_BillEntry_45" time="26.130" classname="suiteA.BillEntry_04">
    <failure type="java.lang.Exception" message="The Invalid TaxID is not displayed for [12@3456788, Test123456]">
      <![CDATA[java.lang.Exception: The Invalid TaxID is not displayed for [12@3456788, Test123456]
	at suiteA.BillEntry_04.TC_BillEntry_45(BillEntry_04.java:521)
	at sun.reflect.NativeMethodAccessorImpl.invoke0(Native Method)
	at sun.reflect.NativeMethodAccessorImpl.invoke(Unknown Source)
	at sun.reflect.DelegatingMethodAccessorImpl.invoke(Unknown Source)
	at java.lang.reflect.Method.invoke(Unknown Source)
	at org.testng.internal.MethodInvocationHelper.invokeMethod(MethodInvocationHelper.java:84)
	at org.testng.internal.Invoker.invokeMethod(Invoker.java:714)
	at org.testng.internal.Invoker.invokeTestMethod(Invoker.java:901)
	at org.testng.internal.Invoker.invokeTestMethods(Invoker.java:1231)
	at org.testng.internal.TestMethodWorker.invokeTestMethods(TestMethodWorker.java:127)
	at org.testng.internal.TestMethodWorker.run(TestMethodWorker.java:111)
	at org.testng.TestRunner.privateRun(TestRunner.java:767)
	at org.testng.TestRunner.run(TestRunner.java:617)
	at org.testng.SuiteRunner.runTest(SuiteRunner.java:334)
	at org.testng.SuiteRunner.runSequentially(SuiteRunner.java:329)
	at org.testng.SuiteRunner.privateRun(SuiteRunner.java:291)
	at org.testng.SuiteRunner.run(SuiteRunner.java:240)
	at org.testng.SuiteRunnerWorker.runSuite(SuiteRunnerWorker.java:52)
	at org.testng.SuiteRunnerWorker.run(SuiteRunnerWorker.java:86)
	at org.testng.TestNG.runSuitesSequentially(TestNG.java:1224)
	at org.testng.TestNG.runSuitesSequentially(TestNG.java:1220)
	at org.testng.TestNG.runSuitesLocally(TestNG.java:1149)
	at org.testng.TestNG.run(TestNG.java:1057)
	at org.testng.TestNG.privateMain(TestNG.java:1364)
	at org.testng.TestNG.main(TestNG.java:1333)
]]>
    </failure>
  </testcase> <!-- TC_BillEntry_45 -->
  <testcase name="TC_BillEntry_49" time="19.906" classname="suiteA.BillEntry_04"/>
  <testcase name="TC_BillEntry_46" time="9.984" classname="suiteA.BillEntry_04"/>
  <testcase name="TC_BillEntry_39" time="0.640" classname="suiteA.BillEntry_04"/>
  <testcase name="TC_BillEntry_50" time="8.237" classname="suiteA.BillEntry_04"/>
  <testcase name="TC_BillEntry_43" time="6.022" classname="suiteA.BillEntry_04"/>
  <testcase name="TC_BillEntry_41" time="8.923" classname="suiteA.BillEntry_04"/>
  <testcase name="TC_BillEntry_47" time="29.156" classname="suiteA.BillEntry_04"/>
  <testcase name="TC_BillEntry_40" time="0.733" classname="suiteA.BillEntry_04"/>
  <testcase name="TC_BillEntry_44" time="19.375" classname="suiteA.BillEntry_04"/>
</testsuite> <!-- suiteA.BillEntry_04 -->
