<?xml version="1.0" encoding="UTF-8"?>
<!-- Generated by org.testng.reporters.JUnitReportReporter -->
<testsuite hostname="XHDT0175" name="suiteA.BillDetails_05" tests="11" failures="0" timestamp="22 May 2015 05:34:55 GMT" time="426.442" errors="0">
  <testcase name="TC_BillDetails_72" time="56.050" classname="suiteA.BillDetails_05"/>
  <testcase name="TC_BillDetails_71" time="51.731" classname="suiteA.BillDetails_05"/>
  <testcase name="TC_BillDetails_74" time="33.768" classname="suiteA.BillDetails_05"/>
  <testcase name="TC_BillDetails_70" time="37.065" classname="suiteA.BillDetails_05"/>
  <testcase name="TC_BillDetails_66" time="6.483" classname="suiteA.BillDetails_05"/>
  <testcase name="TC_BillDetails_69" time="43.279" classname="suiteA.BillDetails_05"/>
  <testcase name="TC_BillDetails_68" time="57.797" classname="suiteA.BillDetails_05"/>
  <testcase name="TC_BillDetails_65" time="27.635" classname="suiteA.BillDetails_05"/>
  <testcase name="TC_BillDetails_75" time="38.131" classname="suiteA.BillDetails_05"/>
  <testcase name="TC_BillDetails_73" time="34.430" classname="suiteA.BillDetails_05"/>
  <testcase name="TC_BillDetails_67" time="40.073" classname="suiteA.BillDetails_05"/>
</testsuite> <!-- suiteA.BillDetails_05 -->
