<?xml version="1.0" encoding="UTF-8"?>
<!-- Generated by org.testng.reporters.JUnitXMLReporter -->
<testsuite hostname="XHDT0175" name="To Test XTBills Portal in FireFox" tests="4" failures="0" timestamp="13 Mar 2015 12:10:15 GMT" time="11.913" errors="0">
  <testcase name="TestCase_A42" time="1.402" classname="suiteA.Login_03"/>
  <testcase name="TestCase_A43" time="0.26" classname="suiteA.Login_03"/>
  <testcase name="TestCase_A44" time="3.758" classname="suiteA.Login_03"/>
  <testcase name="TestCase_A45" time="0.098" classname="suiteA.Login_03"/>
</testsuite> <!-- To Test XTBills Portal in FireFox -->
