<?xml version="1.0" encoding="UTF-8"?>
<!-- Generated by org.testng.reporters.JUnitXMLReporter -->
<testsuite hostname="XHDT0174" name="To Test XTBills Portal in Firefox For Pay Bills Module" tests="100" failures="0" timestamp="21 May 2015 13:34:56 GMT" time="4285.618" errors="0">
  <testcase name="TC_UPD_Guest_01" time="207.664" classname="suiteA.UserPermissionDefault"/>
  <testcase name="TC_UPD_Guest_02" time="24.565" classname="suiteA.UserPermissionDefault"/>
  <testcase name="TC_UPD_Guest_03" time="64.202" classname="suiteA.UserPermissionDefault"/>
  <testcase name="TC_UPD_Guest_04" time="0.089" classname="suiteA.UserPermissionDefault"/>
  <testcase name="TC_UPD_Guest_05" time="0.075" classname="suiteA.UserPermissionDefault"/>
  <testcase name="TC_UPD_Guest_06" time="10.889" classname="suiteA.UserPermissionDefault"/>
  <testcase name="TC_UPD_Guest_07" time="8.181" classname="suiteA.UserPermissionDefault"/>
  <testcase name="TC_UPD_Clerk_08" time="27.895" classname="suiteA.UserPermissionDefault"/>
  <testcase name="TC_UPD_Clerk_09" time="97.082" classname="suiteA.UserPermissionDefault"/>
  <testcase name="TC_UPD_Clerk_10" time="0.104" classname="suiteA.UserPermissionDefault"/>
  <testcase name="TC_UPD_Clerk_11" time="0.093" classname="suiteA.UserPermissionDefault"/>
  <testcase name="TC_UPD_Clerk_12" time="9.173" classname="suiteA.UserPermissionDefault"/>
  <testcase name="TC_UPD_Clerk_13" time="8.376" classname="suiteA.UserPermissionDefault"/>
  <testcase name="TC_UPD_Analyst_14" time="41.61" classname="suiteA.UserPermissionDefault01"/>
  <testcase name="TC_UPD_Analyst_15" time="36.55" classname="suiteA.UserPermissionDefault01"/>
  <testcase name="TC_UPD_Analyst_16" time="177.834" classname="suiteA.UserPermissionDefault01"/>
  <testcase name="TC_UPD_Analyst_17" time="0.108" classname="suiteA.UserPermissionDefault01"/>
  <testcase name="TC_UPD_Analyst_18" time="0.067" classname="suiteA.UserPermissionDefault01"/>
  <testcase name="TC_UPD_Analyst_19" time="14.062" classname="suiteA.UserPermissionDefault01"/>
  <testcase name="TC_UPD_Analyst_20" time="7.435" classname="suiteA.UserPermissionDefault01"/>
  <testcase name="TC_UPD_Manager_21" time="37.876" classname="suiteA.UserPermissionDefault01"/>
  <testcase name="TC_UPD_Manager_22" time="171.651" classname="suiteA.UserPermissionDefault01"/>
  <testcase name="TC_UPD_Manager_23" time="0.265" classname="suiteA.UserPermissionDefault01"/>
  <testcase name="TC_UPD_Manager_24" time="0.062" classname="suiteA.UserPermissionDefault01"/>
  <testcase name="TC_UPD_Manager_25" time="18.567" classname="suiteA.UserPermissionDefault01"/>
  <testcase name="TC_UPD_Manager_26" time="6.64" classname="suiteA.UserPermissionDefault01"/>
  <testcase name="TC_UPD_Payer_27" time="50.184" classname="suiteA.UserPermissionDefault02"/>
  <testcase name="TC_UPD_Payer_28" time="36.831" classname="suiteA.UserPermissionDefault02"/>
  <testcase name="TC_UPD_Payer_29" time="141.345" classname="suiteA.UserPermissionDefault02"/>
  <testcase name="TC_UPD_Payer_30" time="0.137" classname="suiteA.UserPermissionDefault02"/>
  <testcase name="TC_UPD_Payer_31" time="0.058" classname="suiteA.UserPermissionDefault02"/>
  <testcase name="TC_UPD_Payer_32" time="12.055" classname="suiteA.UserPermissionDefault02"/>
  <testcase name="TC_UPD_Payer_33" time="7.309" classname="suiteA.UserPermissionDefault02"/>
  <testcase name="TC_UPD_Owner_34" time="38.163" classname="suiteA.UserPermissionDefault02"/>
  <testcase name="TC_UPD_Owner_35" time="252.398" classname="suiteA.UserPermissionDefault02"/>
  <testcase name="TC_UPD_Owner_36" time="0.2" classname="suiteA.UserPermissionDefault02"/>
  <testcase name="TC_UPD_Owner_37" time="0.21" classname="suiteA.UserPermissionDefault02"/>
  <testcase name="TC_UPD_Owner_38" time="26.382" classname="suiteA.UserPermissionDefault02"/>
  <testcase name="TC_UPD_Owner_39" time="37.31" classname="suiteA.UserPermissionDefault02"/>
  <testcase name="TC_UPMax_40" time="230.545" classname="suiteA.UserPermissionChecking"/>
  <testcase name="TC_UPMin_41" time="219.931" classname="suiteA.UserPermissionChecking"/>
  <testcase name="TC_UPDefault_42" time="211.316" classname="suiteA.UserPermissionChecking"/>
  <testcase name="TC_UPMax_Clerk_43" time="83.806" classname="suiteA.UserPermissionMaximum01"/>
  <testcase name="TC_UPMax_Clerk_44" time="37.78" classname="suiteA.UserPermissionMaximum01"/>
  <testcase name="TC_UPMax_Clerk_45" time="159.11" classname="suiteA.UserPermissionMaximum01"/>
  <testcase name="TC_UPMax_Clerk_46" time="1.833" classname="suiteA.UserPermissionMaximum01"/>
  <testcase name="TC_UPMax_Clerk_47" time="1.687" classname="suiteA.UserPermissionMaximum01"/>
  <testcase name="TC_UPMax_Clerk_48" time="13.353" classname="suiteA.UserPermissionMaximum01"/>
  <testcase name="TC_UPMax_Clerk_49" time="8.539" classname="suiteA.UserPermissionMaximum01"/>
  <testcase name="TC_UPMax_Analyst_50" time="36.107" classname="suiteA.UserPermissionMaximum01"/>
  <testcase name="TC_UPMax_Analyst_51" time="171.276" classname="suiteA.UserPermissionMaximum01"/>
  <testcase name="TC_UPMax_Analyst_52" time="2.854" classname="suiteA.UserPermissionMaximum01"/>
  <testcase name="TC_UPMax_Analyst_53" time="2.611" classname="suiteA.UserPermissionMaximum01"/>
  <testcase name="TC_UPMax_Analyst_54" time="14.111" classname="suiteA.UserPermissionMaximum01"/>
  <testcase name="TC_UPMax_Analyst_55" time="8.985" classname="suiteA.UserPermissionMaximum01"/>
  <testcase name="TC_UPMax_Manager_56" time="85.868" classname="suiteA.UserPermissionMaximum02"/>
  <testcase name="TC_UPMax_Manager_57" time="36.482" classname="suiteA.UserPermissionMaximum02"/>
  <testcase name="TC_UPMax_Manager_58" time="178.39" classname="suiteA.UserPermissionMaximum02"/>
  <testcase name="TC_UPMax_Manager_59" time="1.37" classname="suiteA.UserPermissionMaximum02"/>
  <testcase name="TC_UPMax_Manager_60" time="1.661" classname="suiteA.UserPermissionMaximum02"/>
  <testcase name="TC_UPMax_Manager_61" time="18.395" classname="suiteA.UserPermissionMaximum02"/>
  <testcase name="TC_UPMax_Manager_62" time="9.348" classname="suiteA.UserPermissionMaximum02"/>
  <testcase name="TC_UPMax_Payer_63" time="36.069" classname="suiteA.UserPermissionMaximum02"/>
  <testcase name="TC_UPMax_Payer_64" time="170.503" classname="suiteA.UserPermissionMaximum02"/>
  <testcase name="TC_UPMax_Payer_65" time="1.745" classname="suiteA.UserPermissionMaximum02"/>
  <testcase name="TC_UPMax_Payer_66" time="3.019" classname="suiteA.UserPermissionMaximum02"/>
  <testcase name="TC_UPMax_Payer_67" time="20.255" classname="suiteA.UserPermissionMaximum02"/>
  <testcase name="TC_UPMax_Payer_68" time="9.858" classname="suiteA.UserPermissionMaximum02"/>
  <testcase name="TC_UPMin_Guest_69" time="115.945" classname="suiteA.UserPermissionMinimum01"/>
  <testcase name="TC_UPMin_Guest_70" time="25.279" classname="suiteA.UserPermissionMinimum01"/>
  <testcase name="TC_UPMin_Guest_71" time="61.37" classname="suiteA.UserPermissionMinimum01"/>
  <testcase name="TC_UPMin_Guest_72" time="1.412" classname="suiteA.UserPermissionMinimum01"/>
  <testcase name="TC_UPMin_Guest_73" time="1.668" classname="suiteA.UserPermissionMinimum01"/>
  <testcase name="TC_UPMin_Guest_74" time="6.608" classname="suiteA.UserPermissionMinimum01"/>
  <testcase name="TC_UPMin_Guest_75" time="6.967" classname="suiteA.UserPermissionMinimum01"/>
  <testcase name="TC_UPMin_Clerk_76" time="23.64" classname="suiteA.UserPermissionMinimum01"/>
  <testcase name="TC_UPMin_Clerk_77" time="77.797" classname="suiteA.UserPermissionMinimum01"/>
  <testcase name="TC_UPMin_Clerk_78" time="1.986" classname="suiteA.UserPermissionMinimum01"/>
  <testcase name="TC_UPMin_Clerk_79" time="1.753" classname="suiteA.UserPermissionMinimum01"/>
  <testcase name="TC_UPMin_Clerk_80" time="6.756" classname="suiteA.UserPermissionMinimum01"/>
  <testcase name="TC_UPMin_Clerk_81" time="8.905" classname="suiteA.UserPermissionMinimum01"/>
  <testcase name="TC_UPMin_Analyst_82" time="28.327" classname="suiteA.UserPermissionMinimum01"/>
  <testcase name="TC_UPMin_Analyst_83" time="82.323" classname="suiteA.UserPermissionMinimum01"/>
  <testcase name="TC_UPMin_Analyst_84" time="1.618" classname="suiteA.UserPermissionMinimum01"/>
  <testcase name="TC_UPMin_Analyst_85" time="1.521" classname="suiteA.UserPermissionMinimum01"/>
  <testcase name="TC_UPMin_Analyst_86" time="6.462" classname="suiteA.UserPermissionMinimum01"/>
  <testcase name="TC_UPMin_Analyst_87" time="7.711" classname="suiteA.UserPermissionMinimum01"/>
  <testcase name="TC_UPMin_Manager_88" time="96.124" classname="suiteA.UserPermissionMinimum02"/>
  <testcase name="TC_UPMin_Manager_89" time="27.769" classname="suiteA.UserPermissionMinimum02"/>
  <testcase name="TC_UPMin_Manager_90" time="82.828" classname="suiteA.UserPermissionMinimum02"/>
  <testcase name="TC_UPMin_Manager_91" time="1.514" classname="suiteA.UserPermissionMinimum02"/>
  <testcase name="TC_UPMin_Manager_92" time="1.619" classname="suiteA.UserPermissionMinimum02"/>
  <testcase name="TC_UPMin_Manager_93" time="6.535" classname="suiteA.UserPermissionMinimum02"/>
  <testcase name="TC_UPMin_Manager_94" time="7.897" classname="suiteA.UserPermissionMinimum02"/>
  <testcase name="TC_UPMin_Payer_95" time="32.069" classname="suiteA.UserPermissionMinimum02"/>
  <testcase name="TC_UPMin_Payer_96" time="100.121" classname="suiteA.UserPermissionMinimum02"/>
  <testcase name="TC_UPMin_Payer_97" time="1.866" classname="suiteA.UserPermissionMinimum02"/>
  <testcase name="TC_UPMin_Payer_98" time="1.448" classname="suiteA.UserPermissionMinimum02"/>
  <testcase name="TC_UPMin_Payer_99" time="11.499" classname="suiteA.UserPermissionMinimum02"/>
  <testcase name="TC_UPMin_Payer_100" time="8.05" classname="suiteA.UserPermissionMinimum02"/>
</testsuite> <!-- To Test XTBills Portal in Firefox For Pay Bills Module -->
