<?xml version="1.0" encoding="UTF-8"?>
<!-- Generated by org.testng.reporters.JUnitXMLReporter -->
<testsuite hostname="XHDT0175" name="Test" tests="12" failures="0" timestamp="13 Mar 2015 13:23:22 GMT" time="0.066" errors="0">
  <testcase name="@BeforeClass openBrowser" time="0.0" classname="suiteA.Login_01">
    <failure type="org.testng.TestNGException" message="
Parameter &amp;apos;BrowserName&amp;apos; is required by @Configuration on method openBrowser but has not been marked @Optional or defined
in E:\SeleniumProjects\XTBills_Automation\testng.xml">
      <![CDATA[org.testng.TestNGException: 
Parameter 'BrowserName' is required by @Configuration on method openBrowser but has not been marked @Optional or defined
in E:\SeleniumProjects\XTBills_Automation\testng.xml
... Removed 21 stack frames]]>
    </failure>
  </testcase> <!-- @BeforeClass openBrowser -->
  <testcase name="@BeforeClass openBrowser" time="0.0" classname="suiteA.Login_03">
    <failure type="org.testng.TestNGException" message="
Parameter &amp;apos;BrowserName&amp;apos; is required by @Configuration on method openBrowser but has not been marked @Optional or defined
in E:\SeleniumProjects\XTBills_Automation\testng.xml">
      <![CDATA[org.testng.TestNGException: 
Parameter 'BrowserName' is required by @Configuration on method openBrowser but has not been marked @Optional or defined
in E:\SeleniumProjects\XTBills_Automation\testng.xml
... Removed 21 stack frames]]>
    </failure>
  </testcase> <!-- @BeforeClass openBrowser -->
  <testcase name="@AfterClass finalmethod" time="0.0" classname="suiteA.Login_03">
    <skipped/>
  </testcase> <!-- @AfterClass finalmethod -->
  <testcase name="@AfterClass finalmethod" time="0.0" classname="suiteA.Login_01">
    <skipped/>
  </testcase> <!-- @AfterClass finalmethod -->
  <testcase name="TestCase_A31" time="0.001" classname="suiteA.Login_01">
    <skipped/>
  </testcase> <!-- TestCase_A31 -->
  <testcase name="TestCase_A42" time="0.001" classname="suiteA.Login_03">
    <skipped/>
  </testcase> <!-- TestCase_A42 -->
  <testcase name="TestCase_A32" time="0.002" classname="suiteA.Login_01">
    <skipped/>
  </testcase> <!-- TestCase_A32 -->
  <testcase name="TestCase_A43" time="0.001" classname="suiteA.Login_03">
    <skipped/>
  </testcase> <!-- TestCase_A43 -->
  <testcase name="TestCase_A33" time="0.001" classname="suiteA.Login_01">
    <skipped/>
  </testcase> <!-- TestCase_A33 -->
  <testcase name="TestCase_A44" time="0.001" classname="suiteA.Login_03">
    <skipped/>
  </testcase> <!-- TestCase_A44 -->
  <testcase name="TestCase_A34" time="0.0" classname="suiteA.Login_01">
    <skipped/>
  </testcase> <!-- TestCase_A34 -->
  <testcase name="TestCase_A45" time="0.0" classname="suiteA.Login_03">
    <skipped/>
  </testcase> <!-- TestCase_A45 -->
  <testcase name="TestCase_A35" time="0.0" classname="suiteA.Login_01">
    <skipped/>
  </testcase> <!-- TestCase_A35 -->
  <testcase name="TestCase_A46" time="0.0" classname="suiteA.Login_03">
    <skipped/>
  </testcase> <!-- TestCase_A46 -->
  <testcase name="TestCase_A36" time="0.0" classname="suiteA.Login_01">
    <skipped/>
  </testcase> <!-- TestCase_A36 -->
  <testcase name="TestCase_A37" time="0.0" classname="suiteA.Login_01">
    <skipped/>
  </testcase> <!-- TestCase_A37 -->
</testsuite> <!-- Test -->
