<?xml version="1.0" encoding="UTF-8"?>
<!-- Generated by org.testng.reporters.JUnitXMLReporter -->
<testsuite hostname="XHDT0175" name="To Test Customer Bank screen in Chrome" tests="3" failures="1" timestamp="20 Mar 2015 10:37:29 GMT" time="49.071" errors="0">
  <testcase name="custBankReg_01" time="4.341" classname="suiteA.CustomerBankRegistration"/>
  <testcase name="custBankReg_02" time="11.094" classname="suiteA.CustomerBankRegistration">
    <failure type="org.openqa.selenium.TimeoutException" message="Timed out after 10 seconds waiting for visibility of element located by By.id: menu_aCustBankRegistration
Build info: version: &amp;apos;2.39.0&amp;apos;, revision: &amp;apos;ff23eac&amp;apos;, time: &amp;apos;2013-12-16 16:12:12&amp;apos;
System info: host: &amp;apos;XHDT0175&amp;apos;, ip: &amp;apos;192.168.1.144&amp;apos;, os.name: &amp;apos;Windows 7&amp;apos;, os.arch: &amp;apos;amd64&amp;apos;, os.version: &amp;apos;6.1&amp;apos;, java.version: &amp;apos;1.7.0_67&amp;apos;
Driver info: driver.version: unknown">
      <![CDATA[org.openqa.selenium.TimeoutException: Timed out after 10 seconds waiting for visibility of element located by By.id: menu_aCustBankRegistration
Build info: version: '2.39.0', revision: 'ff23eac', time: '2013-12-16 16:12:12'
System info: host: 'XHDT0175', ip: '192.168.1.144', os.name: 'Windows 7', os.arch: 'amd64', os.version: '6.1', java.version: '1.7.0_67'
Driver info: driver.version: unknown
	at org.openqa.selenium.support.ui.FluentWait.timeoutException(FluentWait.java:259)
	at org.openqa.selenium.support.ui.FluentWait.until(FluentWait.java:228)
	at suiteA.CustomerBankRegistration.custBankReg_02(CustomerBankRegistration.java:81)
... Removed 24 stack frames]]>
    </failure>
  </testcase> <!-- custBankReg_02 -->
  <testcase name="custBankReg_11" time="20.035" classname="suiteA.CustomerBankRegistration"/>
</testsuite> <!-- To Test Customer Bank screen in Chrome -->
