<?xml version="1.0" encoding="UTF-8"?>
<!-- Generated by org.testng.reporters.JUnitXMLReporter -->
<testsuite hostname="XHDT0175" name="To Test XTBills Portal for the Module DashBoard in FireFox" tests="10" failures="0" timestamp="13 May 2015 12:21:29 GMT" time="358.398" errors="0">
  <testcase name="TC_MenuBar_126" time="41.864" classname="suiteA.Menubar"/>
  <testcase name="TC_MenuBar_127" time="224.368" classname="suiteA.Menubar"/>
  <testcase name="TC_DashBoard_01" time="8.501" classname="suiteA.DashBoard_00"/>
  <testcase name="TC_DashBoard_02" time="2.99" classname="suiteA.DashBoard_00"/>
  <testcase name="TC_DashBoard_05" time="2.785" classname="suiteA.DashBoard_00"/>
  <testcase name="TC_DashBoard_03" time="28.134" classname="suiteA.DashBoard_00"/>
  <testcase name="TC_DashBoard_04" time="0.231" classname="suiteA.DashBoard_00"/>
  <testcase name="TC_DashBoard_06" time="25.757" classname="suiteA.DashBoard_00"/>
  <testcase name="TC_DashBoard_07" time="2.172" classname="suiteA.DashBoard_00"/>
  <testcase name="TC_DashBoard_11" time="2.795" classname="suiteA.DashBoard_00"/>
</testsuite> <!-- To Test XTBills Portal for the Module DashBoard in FireFox -->
