<?xml version="1.0" encoding="UTF-8"?>
<!-- Generated by org.testng.reporters.JUnitXMLReporter -->
<testsuite hostname="XHDT0175" name="To Test XTBills Portal in FireFox" tests="10" failures="1" timestamp="11 May 2015 06:34:06 GMT" time="75.432" errors="0">
  <testcase name="TC_Login_12" time="3.002" classname="suiteA.Login_03"/>
  <testcase name="TC_Login_13" time="1.622" classname="suiteA.Login_03"/>
  <testcase name="TC_Login_14" time="36.778" classname="suiteA.Login_03"/>
  <testcase name="TC_Login_15" time="1.311" classname="suiteA.Login_03"/>
  <testcase name="TC_Login_16" time="6.739" classname="suiteA.Login_03"/>
  <testcase name="TC_Login_17" time="2.98" classname="suiteA.Login_03"/>
  <testcase name="TC_Login_18" time="0.936" classname="suiteA.Login_03">
    <failure type="java.lang.Exception" message="Messages are not displaying Correctly when the user clicks Change Password button by not entering valus in Password fields">
      <![CDATA[java.lang.Exception: Messages are not displaying Correctly when the user clicks Change Password button by not entering valus in Password fields
	at suiteA.Login_03.TC_Login_18(Login_03.java:527)
... Removed 24 stack frames]]>
    </failure>
  </testcase> <!-- TC_Login_18 -->
  <testcase name="TC_Login_19" time="3.307" classname="suiteA.Login_03"/>
  <testcase name="TC_Login_20" time="1.156" classname="suiteA.Login_03"/>
  <testcase name="TC_Login_22" time="4.139" classname="suiteA.Login_03"/>
</testsuite> <!-- To Test XTBills Portal in FireFox -->
