<?xml version="1.0" encoding="UTF-8"?>
<!-- Generated by org.testng.reporters.JUnitXMLReporter -->
<testsuite hostname="XHDT0174" name="To Test XTBills Portal in Firefox For PayBills Module" tests="4" failures="2" timestamp="13 May 2015 12:48:36 GMT" time="176.666" errors="0">
  <testcase name="TC_PayBills_88" time="22.11" classname="suiteA.PayBills09"/>
  <testcase name="TC_PayBills_89" time="20.119" classname="suiteA.PayBills09">
    <failure type="java.sql.SQLException" message="[Microsoft][SQLServer 2000 Driver for JDBC][SQLServer]Incorrect syntax near &amp;apos;nulland&amp;apos;.">
      <![CDATA[java.sql.SQLException: [Microsoft][SQLServer 2000 Driver for JDBC][SQLServer]Incorrect syntax near 'nulland'.
	at com.microsoft.jdbc.base.BaseExceptions.createException(Unknown Source)
	at com.microsoft.jdbc.base.BaseExceptions.getException(Unknown Source)
	at com.microsoft.jdbc.sqlserver.tds.TDSRequest.processErrorToken(Unknown Source)
	at com.microsoft.jdbc.sqlserver.tds.TDSRequest.processReplyToken(Unknown Source)
	at com.microsoft.jdbc.sqlserver.tds.TDSRPCRequest.processReplyToken(Unknown Source)
	at com.microsoft.jdbc.sqlserver.tds.TDSRequest.processReply(Unknown Source)
	at com.microsoft.jdbc.sqlserver.SQLServerImplStatement.getNextResultType(Unknown Source)
	at com.microsoft.jdbc.base.BaseStatement.commonTransitionToState(Unknown Source)
	at com.microsoft.jdbc.base.BaseStatement.postImplExecute(Unknown Source)
	at com.microsoft.jdbc.base.BasePreparedStatement.postImplExecute(Unknown Source)
	at com.microsoft.jdbc.base.BaseStatement.commonExecute(Unknown Source)
	at com.microsoft.jdbc.base.BaseStatement.executeQueryInternal(Unknown Source)
	at com.microsoft.jdbc.base.BasePreparedStatement.executeQuery(Unknown Source)
	at xtbills.DataSet.TXPayBills.getTotalAmountDueforVendorCredit(TXPayBills.java:507)
	at xtbills.PageActions.GetPayBills.getDataBaseandReferencePayRecordWRTVendorandBillNumber(GetPayBills.java:615)
	at suiteA.PayBills09.TC_PayBills_89(PayBills09.java:265)
... Removed 24 stack frames]]>
    </failure>
  </testcase> <!-- TC_PayBills_89 -->
  <testcase name="TC_PayBills_90" time="12.399" classname="suiteA.PayBills09">
    <failure type="java.sql.SQLException" message="[Microsoft][SQLServer 2000 Driver for JDBC][SQLServer]Incorrect syntax near &amp;apos;nulland&amp;apos;.">
      <![CDATA[java.sql.SQLException: [Microsoft][SQLServer 2000 Driver for JDBC][SQLServer]Incorrect syntax near 'nulland'.
	at com.microsoft.jdbc.base.BaseExceptions.createException(Unknown Source)
	at com.microsoft.jdbc.base.BaseExceptions.getException(Unknown Source)
	at com.microsoft.jdbc.sqlserver.tds.TDSRequest.processErrorToken(Unknown Source)
	at com.microsoft.jdbc.sqlserver.tds.TDSRequest.processReplyToken(Unknown Source)
	at com.microsoft.jdbc.sqlserver.tds.TDSRPCRequest.processReplyToken(Unknown Source)
	at com.microsoft.jdbc.sqlserver.tds.TDSRequest.processReply(Unknown Source)
	at com.microsoft.jdbc.sqlserver.SQLServerImplStatement.getNextResultType(Unknown Source)
	at com.microsoft.jdbc.base.BaseStatement.commonTransitionToState(Unknown Source)
	at com.microsoft.jdbc.base.BaseStatement.postImplExecute(Unknown Source)
	at com.microsoft.jdbc.base.BasePreparedStatement.postImplExecute(Unknown Source)
	at com.microsoft.jdbc.base.BaseStatement.commonExecute(Unknown Source)
	at com.microsoft.jdbc.base.BaseStatement.executeQueryInternal(Unknown Source)
	at com.microsoft.jdbc.base.BasePreparedStatement.executeQuery(Unknown Source)
	at xtbills.DataSet.TXPayBills.getTotalAmountDueforVendorCredit(TXPayBills.java:507)
	at xtbills.PageActions.GetPayBills.getDataBaseandReferencePayRecordWRTVendorandBillNumber(GetPayBills.java:615)
	at suiteA.PayBills09.TC_PayBills_90(PayBills09.java:351)
... Removed 24 stack frames]]>
    </failure>
  </testcase> <!-- TC_PayBills_90 -->
  <testcase name="TC_PayBills_91" time="109.062" classname="suiteA.PayBills09"/>
</testsuite> <!-- To Test XTBills Portal in Firefox For PayBills Module -->
