<?xml version="1.0" encoding="UTF-8"?>
<testng-results skipped="0" failed="0" total="1" passed="1">
  <reporter-output>
  </reporter-output>
  <suite name="Default suite" duration-ms="24771" started-at="2016-05-12T10:47:09Z" finished-at="2016-05-12T10:47:34Z">
    <groups>
    </groups>
    <test name="Default test" duration-ms="24771" started-at="2016-05-12T10:47:09Z" finished-at="2016-05-12T10:47:34Z">
      <class name="suiteA.Bgbc_execution">
        <test-method status="PASS" signature="checkSuiteSkip()[pri:0, instance:suiteA.Bgbc_execution@59a6e353]" name="checkSuiteSkip" is-config="true" duration-ms="1439" started-at="2016-05-12T10:47:08Z" finished-at="2016-05-12T10:47:09Z">
          <reporter-output>
          </reporter-output>
        </test-method> <!-- checkSuiteSkip -->
        <test-method status="PASS" signature="openBrowser(java.lang.String)[pri:0, instance:suiteA.Bgbc_execution@59a6e353]" name="openBrowser" is-config="true" duration-ms="10899" started-at="2016-05-12T10:47:09Z" finished-at="2016-05-12T10:47:20Z">
          <params>
            <param index="0">
              <value>
                <![CDATA[Firefox]]>
              </value>
            </param>
          </params>
          <reporter-output>
          </reporter-output>
        </test-method> <!-- openBrowser -->
        <test-method status="PASS" signature="TC_81_001()[pri:0, instance:suiteA.Bgbc_execution@59a6e353]" name="TC_81_001" duration-ms="10937" started-at="2016-05-12T10:47:20Z" finished-at="2016-05-12T10:47:31Z">
          <reporter-output>
          </reporter-output>
        </test-method> <!-- TC_81_001 -->
        <test-method status="PASS" signature="tearDown()[pri:0, instance:suiteA.Bgbc_execution@59a6e353]" name="tearDown" is-config="true" duration-ms="2916" started-at="2016-05-12T10:47:31Z" finished-at="2016-05-12T10:47:34Z">
          <reporter-output>
          </reporter-output>
        </test-method> <!-- tearDown -->
      </class> <!-- suiteA.Bgbc_execution -->
    </test> <!-- Default test -->
  </suite> <!-- Default suite -->
</testng-results>
