<?xml version="1.0" encoding="UTF-8"?>
<!-- Generated by org.testng.reporters.JUnitXMLReporter -->
<testsuite hostname="XHDT0175" name="To Test BillEntry Pages in Firefox" tests="223" failures="0" timestamp="22 May 2015 05:34:55 GMT" time="6593.851" errors="0">
  <testcase name="TC_BillDetails_01" time="29.313" classname="suiteA.BillDetails_00"/>
  <testcase name="TC_BillDetails_02" time="6.367" classname="suiteA.BillDetails_00"/>
  <testcase name="TC_BillDetails_03" time="15.44" classname="suiteA.BillDetails_00"/>
  <testcase name="TC_BillDetails_04" time="5.937" classname="suiteA.BillDetails_00"/>
  <testcase name="TC_BillDetails_05" time="16.604" classname="suiteA.BillDetails_00"/>
  <testcase name="TC_BillDetails_06" time="6.008" classname="suiteA.BillDetails_00"/>
  <testcase name="TC_BillDetails_07" time="15.889" classname="suiteA.BillDetails_00"/>
  <testcase name="TC_BillDetails_08" time="5.731" classname="suiteA.BillDetails_00"/>
  <testcase name="TC_BillDetails_09" time="16.032" classname="suiteA.BillDetails_00"/>
  <testcase name="TC_BillDetails_10" time="5.949" classname="suiteA.BillDetails_00"/>
  <testcase name="TC_BillDetails_11" time="15.769" classname="suiteA.BillDetails_00"/>
  <testcase name="TC_BillDetails_12" time="6.161" classname="suiteA.BillDetails_00"/>
  <testcase name="TC_BillDetails_13" time="19.067" classname="suiteA.BillDetails_00"/>
  <testcase name="TC_BillDetails_14" time="5.839" classname="suiteA.BillDetails_00"/>
  <testcase name="TC_BillDetails_15" time="16.126" classname="suiteA.BillDetails_00"/>
  <testcase name="TC_BillDetails_16" time="5.87" classname="suiteA.BillDetails_00"/>
  <testcase name="TC_BillDetails_17" time="27.201" classname="suiteA.BillDetails_01"/>
  <testcase name="TC_BillDetails_18" time="5.867" classname="suiteA.BillDetails_01"/>
  <testcase name="TC_BillDetails_19" time="16.8" classname="suiteA.BillDetails_01"/>
  <testcase name="TC_BillDetails_20" time="5.911" classname="suiteA.BillDetails_01"/>
  <testcase name="TC_BillDetails_21" time="15.866" classname="suiteA.BillDetails_01"/>
  <testcase name="TC_BillDetails_22" time="6.103" classname="suiteA.BillDetails_01"/>
  <testcase name="TC_BillDetails_23" time="15.504" classname="suiteA.BillDetails_01"/>
  <testcase name="TC_BillDetails_24" time="5.87" classname="suiteA.BillDetails_01"/>
  <testcase name="TC_BillDetails_25" time="16.183" classname="suiteA.BillDetails_01"/>
  <testcase name="TC_BillDetails_26" time="6.224" classname="suiteA.BillDetails_01"/>
  <testcase name="TC_BillDetails_27" time="14.987" classname="suiteA.BillDetails_01"/>
  <testcase name="TC_BillDetails_28" time="5.954" classname="suiteA.BillDetails_01"/>
  <testcase name="TC_BillDetails_29" time="17.033" classname="suiteA.BillDetails_01"/>
  <testcase name="TC_BillDetails_30" time="5.75" classname="suiteA.BillDetails_01"/>
  <testcase name="TC_BillDetails_31" time="15.194" classname="suiteA.BillDetails_01"/>
  <testcase name="TC_BillDetails_32" time="5.765" classname="suiteA.BillDetails_01"/>
  <testcase name="TC_BillDetails_33" time="27.159" classname="suiteA.BillDetails_02"/>
  <testcase name="TC_BillDetails_34" time="6.276" classname="suiteA.BillDetails_02"/>
  <testcase name="TC_BillDetails_35" time="17.296" classname="suiteA.BillDetails_02"/>
  <testcase name="TC_BillDetails_36" time="38.285" classname="suiteA.BillDetails_02"/>
  <testcase name="TC_BillDetails_37" time="38.239" classname="suiteA.BillDetails_02"/>
  <testcase name="TC_BillDetails_38" time="37.607" classname="suiteA.BillDetails_02"/>
  <testcase name="TC_BillDetails_39" time="40.093" classname="suiteA.BillDetails_02"/>
  <testcase name="TC_BillDetails_40" time="50.716" classname="suiteA.BillDetails_02"/>
  <testcase name="TC_BillDetails_41" time="46.431" classname="suiteA.BillDetails_02"/>
  <testcase name="TC_BillDetails_42" time="52.619" classname="suiteA.BillDetails_02"/>
  <testcase name="TC_BillDetails_43" time="27.547" classname="suiteA.BillDetails_02"/>
  <testcase name="TC_BillDetails_44" time="27.472" classname="suiteA.BillDetails_03"/>
  <testcase name="TC_BillDetails_45" time="5.816" classname="suiteA.BillDetails_03"/>
  <testcase name="TC_BillDetails_46" time="15.713" classname="suiteA.BillDetails_03"/>
  <testcase name="TC_BillDetails_47" time="5.862" classname="suiteA.BillDetails_03"/>
  <testcase name="TC_BillDetails_48" time="15.125" classname="suiteA.BillDetails_03"/>
  <testcase name="TC_BillDetails_49" time="18.308" classname="suiteA.BillDetails_03"/>
  <testcase name="TC_BillDetails_50" time="17.507" classname="suiteA.BillDetails_03"/>
  <testcase name="TC_BillDetails_51" time="15.918" classname="suiteA.BillDetails_03"/>
  <testcase name="TC_BillDetails_52" time="6.032" classname="suiteA.BillDetails_03"/>
  <testcase name="TC_BillDetails_53" time="16.037" classname="suiteA.BillDetails_03"/>
  <testcase name="TC_BillDetails_54" time="6.118" classname="suiteA.BillDetails_03"/>
  <testcase name="TC_BillDetails_55" time="25.935" classname="suiteA.BillDetails_04"/>
  <testcase name="TC_BillDetails_56" time="6.391" classname="suiteA.BillDetails_04"/>
  <testcase name="TC_BillDetails_57" time="38.045" classname="suiteA.BillDetails_04"/>
  <testcase name="TC_BillDetails_58" time="49.187" classname="suiteA.BillDetails_04"/>
  <testcase name="TC_BillDetails_59" time="47.604" classname="suiteA.BillDetails_04"/>
  <testcase name="TC_BillDetails_60" time="38.416" classname="suiteA.BillDetails_04"/>
  <testcase name="TC_BillDetails_61" time="50.566" classname="suiteA.BillDetails_04"/>
  <testcase name="TC_BillDetails_62" time="51.993" classname="suiteA.BillDetails_04"/>
  <testcase name="TC_BillDetails_63" time="30.572" classname="suiteA.BillDetails_04"/>
  <testcase name="TC_BillDetails_64" time="40.892" classname="suiteA.BillDetails_04"/>
  <testcase name="TC_BillDetails_65" time="27.635" classname="suiteA.BillDetails_05"/>
  <testcase name="TC_BillDetails_66" time="6.483" classname="suiteA.BillDetails_05"/>
  <testcase name="TC_BillDetails_67" time="40.073" classname="suiteA.BillDetails_05"/>
  <testcase name="TC_BillDetails_68" time="57.797" classname="suiteA.BillDetails_05"/>
  <testcase name="TC_BillDetails_69" time="43.279" classname="suiteA.BillDetails_05"/>
  <testcase name="TC_BillDetails_70" time="37.065" classname="suiteA.BillDetails_05"/>
  <testcase name="TC_BillDetails_71" time="51.731" classname="suiteA.BillDetails_05"/>
  <testcase name="TC_BillDetails_72" time="56.05" classname="suiteA.BillDetails_05"/>
  <testcase name="TC_BillDetails_73" time="34.43" classname="suiteA.BillDetails_05"/>
  <testcase name="TC_BillDetails_74" time="33.768" classname="suiteA.BillDetails_05"/>
  <testcase name="TC_BillDetails_75" time="38.131" classname="suiteA.BillDetails_05"/>
  <testcase name="TC_BillDetails_76" time="30.982" classname="suiteA.BillDetails_06"/>
  <testcase name="TC_BillDetails_77" time="6.569" classname="suiteA.BillDetails_06"/>
  <testcase name="TC_BillDetails_78" time="39.342" classname="suiteA.BillDetails_06"/>
  <testcase name="TC_BillDetails_79" time="48.01" classname="suiteA.BillDetails_06"/>
  <testcase name="TC_BillDetails_80" time="53.817" classname="suiteA.BillDetails_06"/>
  <testcase name="TC_BillDetails_81" time="35.097" classname="suiteA.BillDetails_06"/>
  <testcase name="TC_BillDetails_82" time="33.444" classname="suiteA.BillDetails_06"/>
  <testcase name="TC_BillDetails_83" time="51.109" classname="suiteA.BillDetails_06"/>
  <testcase name="TC_BillDetails_84" time="16.087" classname="suiteA.BillDetails_06"/>
  <testcase name="TC_BillDetails_85" time="18.211" classname="suiteA.BillDetails_06"/>
  <testcase name="TC_BillDetails_86" time="17.545" classname="suiteA.BillDetails_06"/>
  <testcase name="TC_BillDetails_87" time="16.514" classname="suiteA.BillDetails_06"/>
  <testcase name="TC_BillDetails_88" time="6.123" classname="suiteA.BillDetails_06"/>
  <testcase name="TC_BillDetails_89" time="16.522" classname="suiteA.BillDetails_06"/>
  <testcase name="TC_BillDetails_90" time="6.387" classname="suiteA.BillDetails_06"/>
  <testcase name="TC_BillDetails_91" time="30.239" classname="suiteA.BillDetails_07"/>
  <testcase name="TC_BillDetails_92" time="17.763" classname="suiteA.BillDetails_07"/>
  <testcase name="TC_BillDetails_93" time="19.121" classname="suiteA.BillDetails_07"/>
  <testcase name="TC_BillDetails_94" time="47.909" classname="suiteA.BillDetails_07"/>
  <testcase name="TC_BillDetails_95" time="19.711" classname="suiteA.BillDetails_07"/>
  <testcase name="TC_BillDetails_96" time="19.639" classname="suiteA.BillDetails_07"/>
  <testcase name="TC_BillDetails_97" time="34.797" classname="suiteA.BillDetails_08"/>
  <testcase name="TC_BillDetails_98" time="18.054" classname="suiteA.BillDetails_08"/>
  <testcase name="TC_BillDetails_99" time="17.464" classname="suiteA.BillDetails_08"/>
  <testcase name="TC_BillDetails_100" time="17.854" classname="suiteA.BillDetails_08"/>
  <testcase name="TC_BillDetails_101" time="17.956" classname="suiteA.BillDetails_08"/>
  <testcase name="TC_BillDetails_102" time="17.988" classname="suiteA.BillDetails_08"/>
  <testcase name="TC_VCDetails_103" time="31.649" classname="suiteA.VendorCreditDetails_00"/>
  <testcase name="TC_VCDetails_104" time="18.982" classname="suiteA.VendorCreditDetails_00"/>
  <testcase name="TC_VCDetails_105" time="19.024" classname="suiteA.VendorCreditDetails_00"/>
  <testcase name="TC_VCDetails_106" time="18.067" classname="suiteA.VendorCreditDetails_00"/>
  <testcase name="TC_VCDetails_107" time="19.287" classname="suiteA.VendorCreditDetails_00"/>
  <testcase name="TC_VCDetails_108" time="18.597" classname="suiteA.VendorCreditDetails_00"/>
  <testcase name="TC_VCDetails_109" time="32.3" classname="suiteA.VendorCreditDetails_01"/>
  <testcase name="TC_VCDetails_110" time="19.37" classname="suiteA.VendorCreditDetails_01"/>
  <testcase name="TC_VCDetails_111" time="18.069" classname="suiteA.VendorCreditDetails_01"/>
  <testcase name="TC_VCDetails_112" time="20.986" classname="suiteA.VendorCreditDetails_01"/>
  <testcase name="TC_VCDetails_113" time="19.444" classname="suiteA.VendorCreditDetails_01"/>
  <testcase name="TC_VCDetails_114" time="19.917" classname="suiteA.VendorCreditDetails_01"/>
  <testcase name="TC_VCDetails_115" time="29.336" classname="suiteA.VendorCreditDetails_02"/>
  <testcase name="TC_VCDetails_116" time="18.731" classname="suiteA.VendorCreditDetails_02"/>
  <testcase name="TC_VCDetails_117" time="18.095" classname="suiteA.VendorCreditDetails_02"/>
  <testcase name="TC_VCDetails_118" time="18.531" classname="suiteA.VendorCreditDetails_02"/>
  <testcase name="TC_VCDetails_119" time="19.483" classname="suiteA.VendorCreditDetails_02"/>
  <testcase name="TC_VCDetails_120" time="20.586" classname="suiteA.VendorCreditDetails_02"/>
  <testcase name="TC_VCDetails_121" time="28.729" classname="suiteA.VendorCreditDetails_03"/>
  <testcase name="TC_VCDetails_122" time="19.406" classname="suiteA.VendorCreditDetails_03"/>
  <testcase name="TC_VCDetails_123" time="18.272" classname="suiteA.VendorCreditDetails_03"/>
  <testcase name="TC_VCDetails_124" time="19.683" classname="suiteA.VendorCreditDetails_03"/>
  <testcase name="TC_VCDetails_125" time="17.879" classname="suiteA.VendorCreditDetails_03"/>
  <testcase name="TC_VCDetails_126" time="17.307" classname="suiteA.VendorCreditDetails_03"/>
  <testcase name="TC_VCDetails_127" time="28.428" classname="suiteA.VendorCreditDetails_04"/>
  <testcase name="TC_VCDetails_128" time="18.821" classname="suiteA.VendorCreditDetails_04"/>
  <testcase name="TC_VCDetails_129" time="18.215" classname="suiteA.VendorCreditDetails_04"/>
  <testcase name="TC_VCDetails_130" time="19.613" classname="suiteA.VendorCreditDetails_04"/>
  <testcase name="TC_VCDetails_131" time="19.988" classname="suiteA.VendorCreditDetails_04"/>
  <testcase name="TC_VCDetails_132" time="19.258" classname="suiteA.VendorCreditDetails_04"/>
  <testcase name="TC_VCDetails_133" time="34.273" classname="suiteA.VendorCreditDetails_05"/>
  <testcase name="TC_VCDetails_134" time="15.758" classname="suiteA.VendorCreditDetails_05"/>
  <testcase name="TC_VCDetails_135" time="29.976" classname="suiteA.VendorCreditDetails_05"/>
  <testcase name="TC_VCDetails_136" time="60.318" classname="suiteA.VendorCreditDetails_05"/>
  <testcase name="TC_VCDetails_137" time="48.063" classname="suiteA.VendorCreditDetails_05"/>
  <testcase name="TC_VCDetails_138" time="42.249" classname="suiteA.VendorCreditDetails_05"/>
  <testcase name="TC_VCDetails_139" time="56.984" classname="suiteA.VendorCreditDetails_05"/>
  <testcase name="TC_VCDetails_140" time="45.344" classname="suiteA.VendorCreditDetails_05"/>
  <testcase name="TC_VCDetails_141" time="35.376" classname="suiteA.VendorCreditDetails_05"/>
  <testcase name="TC_VCDetails_142" time="34.285" classname="suiteA.VendorCreditDetails_05"/>
  <testcase name="TC_VCDetails_143" time="42.273" classname="suiteA.VendorCreditDetails_05"/>
  <testcase name="TC_VCDetails_144" time="6.823" classname="suiteA.VendorCreditDetails_05"/>
  <testcase name="TC_VCDetails_145" time="18.616" classname="suiteA.VendorCreditDetails_05"/>
  <testcase name="TC_VCDetails_146" time="18.08" classname="suiteA.VendorCreditDetails_05"/>
  <testcase name="TC_VCDetails_147" time="18.751" classname="suiteA.VendorCreditDetails_05"/>
  <testcase name="TC_VCDetails_148" time="18.831" classname="suiteA.VendorCreditDetails_05"/>
  <testcase name="TC_VCDetails_149" time="158.493" classname="suiteA.VendorCreditDetails_06"/>
  <testcase name="TC_VCDetails_150" time="56.818" classname="suiteA.VendorCreditDetails_06"/>
  <testcase name="TC_VCDetails_151" time="53.079" classname="suiteA.VendorCreditDetails_06"/>
  <testcase name="TC_BillDetailsValidations_152" time="32.374" classname="suiteA.BillDetails_Validations_00"/>
  <testcase name="TC_BillDetailsValidations_153" time="7.734" classname="suiteA.BillDetails_Validations_00"/>
  <testcase name="TC_BillDetailsValidations_154" time="13.587" classname="suiteA.BillDetails_Validations_00"/>
  <testcase name="TC_BillDetailsValidations_155" time="15.928" classname="suiteA.BillDetails_Validations_00"/>
  <testcase name="TC_BillDetailsValidations_156" time="13.522" classname="suiteA.BillDetails_Validations_00"/>
  <testcase name="TC_BillDetailsValidations_157" time="17.081" classname="suiteA.BillDetails_Validations_00"/>
  <testcase name="TC_BillDetailsValidations_158" time="16.785" classname="suiteA.BillDetails_Validations_00"/>
  <testcase name="TC_BillDetailsValidations_159" time="17.397" classname="suiteA.BillDetails_Validations_00"/>
  <testcase name="TC_BillDetailsValidations_160" time="20.422" classname="suiteA.BillDetails_Validations_00"/>
  <testcase name="TC_BillDetailsValidations_161" time="10.928" classname="suiteA.BillDetails_Validations_00"/>
  <testcase name="TC_BillDetailsValidations_162" time="17.026" classname="suiteA.BillDetails_Validations_00"/>
  <testcase name="TC_BillDetailsValidations_163" time="33.907" classname="suiteA.BillDetails_Validations_00"/>
  <testcase name="TC_BillDetailsValidations_164" time="10.486" classname="suiteA.BillDetails_Validations_00"/>
  <testcase name="TC_BillDetailsValidations_165" time="22.542" classname="suiteA.BillDetails_Validations_00"/>
  <testcase name="TC_BillDetailsValidations_166" time="29.776" classname="suiteA.BillDetails_Validations_00"/>
  <testcase name="TC_BillDetailsValidations_167" time="10.131" classname="suiteA.BillDetails_Validations_00"/>
  <testcase name="TC_BillDetailsValidations_168" time="18.529" classname="suiteA.BillDetails_Validations_00"/>
  <testcase name="TC_BillDetailsValidations_169" time="128.142" classname="suiteA.BillDetails_Validations_00"/>
  <testcase name="TC_BillDetailsValidations_170" time="56.561" classname="suiteA.BillDetails_Validations_01"/>
  <testcase name="TC_BillDetailsValidations_171" time="46.217" classname="suiteA.BillDetails_Validations_01"/>
  <testcase name="TC_BillDetailsValidations_172" time="44.847" classname="suiteA.BillDetails_Validations_01"/>
  <testcase name="TC_BillDetailsValidations_173" time="47.228" classname="suiteA.BillDetails_Validations_01"/>
  <testcase name="TC_BillDetailsValidations_174" time="46.494" classname="suiteA.BillDetails_Validations_01"/>
  <testcase name="TC_BillDetailsValidations_175" time="46.706" classname="suiteA.BillDetails_Validations_01"/>
  <testcase name="TC_BillDetailsValidations_176" time="53.753" classname="suiteA.BillDetails_Validations_02"/>
  <testcase name="TC_BillDetailsValidations_177" time="46.501" classname="suiteA.BillDetails_Validations_02"/>
  <testcase name="TC_BillDetailsValidations_178" time="45.873" classname="suiteA.BillDetails_Validations_02"/>
  <testcase name="TC_BillDetailsValidations_179" time="47.521" classname="suiteA.BillDetails_Validations_02"/>
  <testcase name="TC_BillDetailsValidations_180" time="46.052" classname="suiteA.BillDetails_Validations_02"/>
  <testcase name="TC_BillDetailsValidations_181" time="46.379" classname="suiteA.BillDetails_Validations_02"/>
  <testcase name="TC_BillDetailsValidations_182" time="49.392" classname="suiteA.BillDetails_Validations_03"/>
  <testcase name="TC_BillDetailsValidations_183" time="47.409" classname="suiteA.BillDetails_Validations_03"/>
  <testcase name="TC_BillDetailsValidations_184" time="46.711" classname="suiteA.BillDetails_Validations_03"/>
  <testcase name="TC_BillDetailsValidations_185" time="47.622" classname="suiteA.BillDetails_Validations_03"/>
  <testcase name="TC_BillDetailsValidations_186" time="44.33" classname="suiteA.BillDetails_Validations_03"/>
  <testcase name="TC_BillDetailsValidations_187" time="46.681" classname="suiteA.BillDetails_Validations_03"/>
  <testcase name="TC_VCDetailsValidations_188" time="32.666" classname="suiteA.VCDetails_Validations_00"/>
  <testcase name="TC_VCDetailsValidations_189" time="7.441" classname="suiteA.VCDetails_Validations_00"/>
  <testcase name="TC_VCDetailsValidations_190" time="14.179" classname="suiteA.VCDetails_Validations_00"/>
  <testcase name="TC_VCDetailsValidations_191" time="16.168" classname="suiteA.VCDetails_Validations_00"/>
  <testcase name="TC_VCDetailsValidations_192" time="15.76" classname="suiteA.VCDetails_Validations_00"/>
  <testcase name="TC_VCDetailsValidations_193" time="18.375" classname="suiteA.VCDetails_Validations_00"/>
  <testcase name="TC_VCDetailsValidations_194" time="18.075" classname="suiteA.VCDetails_Validations_00"/>
  <testcase name="TC_VCDetailsValidations_195" time="19.585" classname="suiteA.VCDetails_Validations_00"/>
  <testcase name="TC_VCDetailsValidations_196" time="25.263" classname="suiteA.VCDetails_Validations_00"/>
  <testcase name="TC_VCDetailsValidations_197" time="10.171" classname="suiteA.VCDetails_Validations_00"/>
  <testcase name="TC_VCDetailsValidations_198" time="12.645" classname="suiteA.VCDetails_Validations_00"/>
  <testcase name="TC_VCDetailsValidations_199" time="30.463" classname="suiteA.VCDetails_Validations_00"/>
  <testcase name="TC_VCDetailsValidations_200" time="11.737" classname="suiteA.VCDetails_Validations_00"/>
  <testcase name="TC_VCDetailsValidations_201" time="23.468" classname="suiteA.VCDetails_Validations_00"/>
  <testcase name="TC_VCDetailsValidations_202" time="29.553" classname="suiteA.VCDetails_Validations_00"/>
  <testcase name="TC_VCDetailsValidations_203" time="10.6" classname="suiteA.VCDetails_Validations_00"/>
  <testcase name="TC_VCDetailsValidations_204" time="18.263" classname="suiteA.VCDetails_Validations_00"/>
  <testcase name="TC_VCDetailsValidations_205" time="134.241" classname="suiteA.VCDetails_Validations_00"/>
  <testcase name="TC_VCDetailsValidations_206" time="51.024" classname="suiteA.VCDetails_Validations_01"/>
  <testcase name="TC_VCDetailsValidations_207" time="36.501" classname="suiteA.VCDetails_Validations_01"/>
  <testcase name="TC_VCDetailsValidations_208" time="37.264" classname="suiteA.VCDetails_Validations_01"/>
  <testcase name="TC_VCDetailsValidations_209" time="38.153" classname="suiteA.VCDetails_Validations_01"/>
  <testcase name="TC_VCDetailsValidations_210" time="36.04" classname="suiteA.VCDetails_Validations_01"/>
  <testcase name="TC_VCDetailsValidations_211" time="36.058" classname="suiteA.VCDetails_Validations_01"/>
  <testcase name="TC_VCDetailsValidations_212" time="50.112" classname="suiteA.VCDetails_Validations_02"/>
  <testcase name="TC_VCDetailsValidations_213" time="37.009" classname="suiteA.VCDetails_Validations_02"/>
  <testcase name="TC_VCDetailsValidations_214" time="36.724" classname="suiteA.VCDetails_Validations_02"/>
  <testcase name="TC_VCDetailsValidations_215" time="37.101" classname="suiteA.VCDetails_Validations_02"/>
  <testcase name="TC_VCDetailsValidations_216" time="37.985" classname="suiteA.VCDetails_Validations_02"/>
  <testcase name="TC_VCDetailsValidations_217" time="36.522" classname="suiteA.VCDetails_Validations_02"/>
  <testcase name="TC_VCDetailsValidations_218" time="45.968" classname="suiteA.VCDetails_Validations_03"/>
  <testcase name="TC_VCDetailsValidations_219" time="36.687" classname="suiteA.VCDetails_Validations_03"/>
  <testcase name="TC_VCDetailsValidations_220" time="37.06" classname="suiteA.VCDetails_Validations_03"/>
  <testcase name="TC_VCDetailsValidations_221" time="36.166" classname="suiteA.VCDetails_Validations_03"/>
  <testcase name="TC_VCDetailsValidations_222" time="37.676" classname="suiteA.VCDetails_Validations_03"/>
  <testcase name="TC_VCDetailsValidations_223" time="36.057" classname="suiteA.VCDetails_Validations_03"/>
</testsuite> <!-- To Test BillEntry Pages in Firefox -->
