<?xml version="1.0" encoding="UTF-8"?>
<!-- Generated by org.testng.reporters.JUnitReportReporter -->
<testsuite hostname="XHDT0175" name="suiteA.MyCompanies" tests="6" failures="0" timestamp="11 May 2015 11:20:51 GMT" time="24.009" errors="0">
  <testcase name="TC_MyCompanies_62" time="0.234" classname="suiteA.MyCompanies"/>
  <testcase name="TC_MyCompanies_64" time="7.909" classname="suiteA.MyCompanies"/>
  <testcase name="TC_MyCompanies_63" time="0.655" classname="suiteA.MyCompanies"/>
  <testcase name="TC_MyCompanies_66" time="3.214" classname="suiteA.MyCompanies"/>
  <testcase name="TC_MyCompanies_65" time="6.630" classname="suiteA.MyCompanies"/>
  <testcase name="TC_MyCompanies_61" time="5.367" classname="suiteA.MyCompanies"/>
</testsuite> <!-- suiteA.MyCompanies -->
