<?xml version="1.0" encoding="UTF-8"?>
<!-- Generated by org.testng.reporters.JUnitReportReporter -->
<testsuite hostname="XHDT0175" name="suiteA.Login_03" tests="10" failures="1" timestamp="11 May 2015 11:20:51 GMT" time="58.766" errors="0">
  <testcase name="TC_Login_12" time="1.545" classname="suiteA.Login_03"/>
  <testcase name="TC_Login_17" time="3.213" classname="suiteA.Login_03"/>
  <testcase name="TC_Login_20" time="0.983" classname="suiteA.Login_03"/>
  <testcase name="TC_Login_16" time="6.942" classname="suiteA.Login_03"/>
  <testcase name="TC_Login_13" time="0.358" classname="suiteA.Login_03"/>
  <testcase name="TC_Login_19" time="3.042" classname="suiteA.Login_03"/>
  <testcase name="TC_Login_14" time="36.521" classname="suiteA.Login_03"/>
  <testcase name="TC_Login_22" time="3.900" classname="suiteA.Login_03"/>
  <testcase name="TC_Login_18" time="1.061" classname="suiteA.Login_03">
    <failure type="java.lang.Exception" message="Messages are not displaying Correctly when the user clicks Change Password button by not entering values in Password fields">
      <![CDATA[java.lang.Exception: Messages are not displaying Correctly when the user clicks Change Password button by not entering values in Password fields
	at suiteA.Login_03.TC_Login_18(Login_03.java:527)
	at sun.reflect.NativeMethodAccessorImpl.invoke0(Native Method)
	at sun.reflect.NativeMethodAccessorImpl.invoke(Unknown Source)
	at sun.reflect.DelegatingMethodAccessorImpl.invoke(Unknown Source)
	at java.lang.reflect.Method.invoke(Unknown Source)
	at org.testng.internal.MethodInvocationHelper.invokeMethod(MethodInvocationHelper.java:84)
	at org.testng.internal.Invoker.invokeMethod(Invoker.java:714)
	at org.testng.internal.Invoker.invokeTestMethod(Invoker.java:901)
	at org.testng.internal.Invoker.invokeTestMethods(Invoker.java:1231)
	at org.testng.internal.TestMethodWorker.invokeTestMethods(TestMethodWorker.java:127)
	at org.testng.internal.TestMethodWorker.run(TestMethodWorker.java:111)
	at org.testng.TestRunner.privateRun(TestRunner.java:767)
	at org.testng.TestRunner.run(TestRunner.java:617)
	at org.testng.SuiteRunner.runTest(SuiteRunner.java:334)
	at org.testng.SuiteRunner.runSequentially(SuiteRunner.java:329)
	at org.testng.SuiteRunner.privateRun(SuiteRunner.java:291)
	at org.testng.SuiteRunner.run(SuiteRunner.java:240)
	at org.testng.SuiteRunnerWorker.runSuite(SuiteRunnerWorker.java:52)
	at org.testng.SuiteRunnerWorker.run(SuiteRunnerWorker.java:86)
	at org.testng.TestNG.runSuitesSequentially(TestNG.java:1224)
	at org.testng.TestNG.runSuitesSequentially(TestNG.java:1220)
	at org.testng.TestNG.runSuitesLocally(TestNG.java:1149)
	at org.testng.TestNG.run(TestNG.java:1057)
	at org.testng.TestNG.privateMain(TestNG.java:1364)
	at org.testng.TestNG.main(TestNG.java:1333)
]]>
    </failure>
  </testcase> <!-- TC_Login_18 -->
  <testcase name="TC_Login_15" time="1.201" classname="suiteA.Login_03"/>
</testsuite> <!-- suiteA.Login_03 -->
