<?xml version="1.0" encoding="UTF-8"?>
<!-- Generated by org.testng.reporters.JUnitReportReporter -->
<testsuite hostname="XHDT0174" name="suiteA.UserPermissionChecking" tests="3" failures="0" timestamp="21 May 2015 13:34:56 GMT" time="661.792" errors="0">
  <testcase name="TC_UPMin_41" time="219.931" classname="suiteA.UserPermissionChecking"/>
  <testcase name="TC_UPMax_40" time="230.545" classname="suiteA.UserPermissionChecking"/>
  <testcase name="TC_UPDefault_42" time="211.316" classname="suiteA.UserPermissionChecking"/>
</testsuite> <!-- suiteA.UserPermissionChecking -->
