<?xml version="1.0" encoding="UTF-8"?>
<!-- Generated by org.testng.reporters.JUnitReportReporter -->
<testsuite hostname="XHDT0175" name="suiteA.Loginmessages" tests="7" failures="0" timestamp="13 Mar 2015 09:34:32 GMT" time="24.745" errors="0">
  <testcase name="TestCase_A35" time="0.718" classname="suiteA.Loginmessages"/>
  <testcase name="TestCase_A34" time="0.791" classname="suiteA.Loginmessages"/>
  <testcase name="TestCase_A31" time="8.734" classname="suiteA.Loginmessages"/>
  <testcase name="TestCase_A33" time="0.778" classname="suiteA.Loginmessages"/>
  <testcase name="TestCase_A32" time="1.265" classname="suiteA.Loginmessages"/>
  <testcase name="TestCase_A37" time="11.657" classname="suiteA.Loginmessages"/>
  <testcase name="TestCase_A36" time="0.802" classname="suiteA.Loginmessages"/>
</testsuite> <!-- suiteA.Loginmessages -->
