<?xml version="1.0" encoding="UTF-8"?>
<!-- Generated by org.testng.reporters.JUnitReportReporter -->
<testsuite hostname="XHDT0175" name="suiteA.VendorCreditEntry" tests="21" failures="1" timestamp="11 May 2015 11:20:51 GMT" time="224.922" errors="0">
  <testcase name="TC_VCEntry_14" time="10.686" classname="suiteA.VendorCreditEntry"/>
  <testcase name="TC_VCEntry_02" time="2.886" classname="suiteA.VendorCreditEntry"/>
  <testcase name="TC_VCEntry_06" time="3.603" classname="suiteA.VendorCreditEntry"/>
  <testcase name="TC_VCEntry_20" time="23.884" classname="suiteA.VendorCreditEntry"/>
  <testcase name="TC_VCEntry_10" time="39.312" classname="suiteA.VendorCreditEntry"/>
  <testcase name="TC_VCEntry_13" time="10.093" classname="suiteA.VendorCreditEntry"/>
  <testcase name="TC_VCEntry_19" time="19.547" classname="suiteA.VendorCreditEntry"/>
  <testcase name="TC_VCEntry_11" time="2.823" classname="suiteA.VendorCreditEntry"/>
  <testcase name="TC_VCEntry_01" time="9.719" classname="suiteA.VendorCreditEntry"/>
  <testcase name="TC_VCEntry_17" time="15.335" classname="suiteA.VendorCreditEntry"/>
  <testcase name="TC_VCEntry_03" time="0.140" classname="suiteA.VendorCreditEntry"/>
  <testcase name="TC_VCEntry_05" time="1.389" classname="suiteA.VendorCreditEntry"/>
  <testcase name="TC_VCEntry_15" time="13.525" classname="suiteA.VendorCreditEntry"/>
  <testcase name="TC_VCEntry_09" time="9.360" classname="suiteA.VendorCreditEntry">
    <failure type="java.lang.Exception" message="Change the Vendor having NO previous bill">
      <![CDATA[java.lang.Exception: Change the Vendor having NO previous bill
	at suiteA.VendorCreditEntry.TC_VCEntry_09(VendorCreditEntry.java:603)
	at sun.reflect.NativeMethodAccessorImpl.invoke0(Native Method)
	at sun.reflect.NativeMethodAccessorImpl.invoke(Unknown Source)
	at sun.reflect.DelegatingMethodAccessorImpl.invoke(Unknown Source)
	at java.lang.reflect.Method.invoke(Unknown Source)
	at org.testng.internal.MethodInvocationHelper.invokeMethod(MethodInvocationHelper.java:84)
	at org.testng.internal.Invoker.invokeMethod(Invoker.java:714)
	at org.testng.internal.Invoker.invokeTestMethod(Invoker.java:901)
	at org.testng.internal.Invoker.invokeTestMethods(Invoker.java:1231)
	at org.testng.internal.TestMethodWorker.invokeTestMethods(TestMethodWorker.java:127)
	at org.testng.internal.TestMethodWorker.run(TestMethodWorker.java:111)
	at org.testng.TestRunner.privateRun(TestRunner.java:767)
	at org.testng.TestRunner.run(TestRunner.java:617)
	at org.testng.SuiteRunner.runTest(SuiteRunner.java:334)
	at org.testng.SuiteRunner.runSequentially(SuiteRunner.java:329)
	at org.testng.SuiteRunner.privateRun(SuiteRunner.java:291)
	at org.testng.SuiteRunner.run(SuiteRunner.java:240)
	at org.testng.SuiteRunnerWorker.runSuite(SuiteRunnerWorker.java:52)
	at org.testng.SuiteRunnerWorker.run(SuiteRunnerWorker.java:86)
	at org.testng.TestNG.runSuitesSequentially(TestNG.java:1224)
	at org.testng.TestNG.runSuitesSequentially(TestNG.java:1220)
	at org.testng.TestNG.runSuitesLocally(TestNG.java:1149)
	at org.testng.TestNG.run(TestNG.java:1057)
	at org.testng.TestNG.privateMain(TestNG.java:1364)
	at org.testng.TestNG.main(TestNG.java:1333)
]]>
    </failure>
  </testcase> <!-- TC_VCEntry_09 -->
  <testcase name="TC_VCEntry_04" time="1.201" classname="suiteA.VendorCreditEntry"/>
  <testcase name="TC_VCEntry_12" time="9.828" classname="suiteA.VendorCreditEntry"/>
  <testcase name="TC_VCEntry_18" time="7.582" classname="suiteA.VendorCreditEntry"/>
  <testcase name="TC_VCEntry_07" time="2.824" classname="suiteA.VendorCreditEntry"/>
  <testcase name="TC_VCEntry_16" time="9.828" classname="suiteA.VendorCreditEntry"/>
  <testcase name="TC_VCEntry_21" time="27.800" classname="suiteA.VendorCreditEntry"/>
  <testcase name="TC_VCEntry_08" time="3.557" classname="suiteA.VendorCreditEntry"/>
</testsuite> <!-- suiteA.VendorCreditEntry -->
