<?xml version="1.0" encoding="UTF-8"?>
<!-- Generated by org.testng.reporters.JUnitReportReporter -->
<testsuite hostname="XHDT0175" name="suiteA.BillEntry_01" tests="10" failures="0" timestamp="11 May 2015 11:20:51 GMT" time="89.718" errors="0">
  <testcase name="TC_BillEntry_16" time="9.625" classname="suiteA.BillEntry_01"/>
  <testcase name="TC_BillEntry_20" time="4.867" classname="suiteA.BillEntry_01"/>
  <testcase name="TC_BillEntry_11" time="16.676" classname="suiteA.BillEntry_01"/>
  <testcase name="TC_BillEntry_17" time="14.648" classname="suiteA.BillEntry_01"/>
  <testcase name="TC_BillEntry_14" time="9.828" classname="suiteA.BillEntry_01"/>
  <testcase name="TC_BillEntry_15" time="8.814" classname="suiteA.BillEntry_01"/>
  <testcase name="TC_BillEntry_19" time="4.664" classname="suiteA.BillEntry_01"/>
  <testcase name="TC_BillEntry_13" time="10.499" classname="suiteA.BillEntry_01"/>
  <testcase name="TC_BillEntry_12" time="4.540" classname="suiteA.BillEntry_01"/>
  <testcase name="TC_BillEntry_18" time="5.557" classname="suiteA.BillEntry_01"/>
</testsuite> <!-- suiteA.BillEntry_01 -->
