<?xml version="1.0" encoding="UTF-8"?>
<!-- Generated by org.testng.reporters.JUnitReportReporter -->
<testsuite hostname="XHDT0175" name="suiteA.VendorCreditDetails_00" tests="6" failures="0" timestamp="22 May 2015 05:34:55 GMT" time="125.606" errors="0">
  <testcase name="TC_VCDetails_104" time="18.982" classname="suiteA.VendorCreditDetails_00"/>
  <testcase name="TC_VCDetails_106" time="18.067" classname="suiteA.VendorCreditDetails_00"/>
  <testcase name="TC_VCDetails_103" time="31.649" classname="suiteA.VendorCreditDetails_00"/>
  <testcase name="TC_VCDetails_108" time="18.597" classname="suiteA.VendorCreditDetails_00"/>
  <testcase name="TC_VCDetails_107" time="19.287" classname="suiteA.VendorCreditDetails_00"/>
  <testcase name="TC_VCDetails_105" time="19.024" classname="suiteA.VendorCreditDetails_00"/>
</testsuite> <!-- suiteA.VendorCreditDetails_00 -->
