<?xml version="1.0" encoding="UTF-8"?>
<!-- Generated by org.testng.reporters.JUnitReportReporter -->
<testsuite hostname="XHDT0174" name="suiteA.Registration" tests="14" failures="0" timestamp="11 May 2015 07:20:35 GMT" time="442.445" errors="0">
  <testcase name="TC_Registration_04" time="2.078" classname="suiteA.Registration"/>
  <testcase name="TC_Registration_05" time="7.933" classname="suiteA.Registration"/>
  <testcase name="TC_Registration_06" time="10.328" classname="suiteA.Registration"/>
  <testcase name="TC_Registration_07" time="9.155" classname="suiteA.Registration"/>
  <testcase name="TC_Registration_13" time="97.562" classname="suiteA.Registration"/>
  <testcase name="TC_Registration_14" time="94.800" classname="suiteA.Registration"/>
  <testcase name="TC_Registration_01" time="1.838" classname="suiteA.Registration"/>
  <testcase name="TC_Registration_11" time="54.488" classname="suiteA.Registration"/>
  <testcase name="TC_Registration_12" time="61.449" classname="suiteA.Registration"/>
  <testcase name="TC_Registration_10" time="14.389" classname="suiteA.Registration"/>
  <testcase name="TC_Registration_03" time="3.620" classname="suiteA.Registration"/>
  <testcase name="TC_Registration_08" time="83.559" classname="suiteA.Registration"/>
  <testcase name="TC_Registration_02" time="0.325" classname="suiteA.Registration"/>
  <testcase name="TC_Registration_09" time="0.921" classname="suiteA.Registration"/>
</testsuite> <!-- suiteA.Registration -->
