<?xml version="1.0" encoding="UTF-8"?>
<!-- Generated by org.testng.reporters.JUnitReportReporter -->
<testsuite hostname="XHLT0039" name="suiteA.VendorBankRegistration" tests="5" failures="1" timestamp="18 May 2015 14:23:45 GMT" time="151.954" errors="0">
  <testcase name="tc_vendorBank_Reg02" time="6.578" classname="suiteA.VendorBankRegistration"/>
  <testcase name="tc_vendorBank_Reg19" time="5.515" classname="suiteA.VendorBankRegistration"/>
  <testcase name="tc_vendorBank_Reg24" time="14.806" classname="suiteA.VendorBankRegistration">
    <failure type="java.lang.Exception" message="{tACHFileGenStatus=0}values are not matched with data in the table tblbankaccounthistory.">
      <![CDATA[java.lang.Exception: {tACHFileGenStatus=0}values are not matched with data in the table tblbankaccounthistory.
	at suiteA.VendorBankActionPage.putFailedMessage(VendorBankActionPage.java:197)
	at suiteA.VendorBankRegistration.tc_vendorBank_Reg24(VendorBankRegistration.java:895)
	at sun.reflect.NativeMethodAccessorImpl.invoke0(Native Method)
	at sun.reflect.NativeMethodAccessorImpl.invoke(Unknown Source)
	at sun.reflect.DelegatingMethodAccessorImpl.invoke(Unknown Source)
	at java.lang.reflect.Method.invoke(Unknown Source)
	at org.testng.internal.MethodInvocationHelper.invokeMethod(MethodInvocationHelper.java:84)
	at org.testng.internal.Invoker.invokeMethod(Invoker.java:714)
	at org.testng.internal.Invoker.invokeTestMethod(Invoker.java:901)
	at org.testng.internal.Invoker.invokeTestMethods(Invoker.java:1231)
	at org.testng.internal.TestMethodWorker.invokeTestMethods(TestMethodWorker.java:127)
	at org.testng.internal.TestMethodWorker.run(TestMethodWorker.java:111)
	at org.testng.TestRunner.privateRun(TestRunner.java:767)
	at org.testng.TestRunner.run(TestRunner.java:617)
	at org.testng.SuiteRunner.runTest(SuiteRunner.java:334)
	at org.testng.SuiteRunner.runSequentially(SuiteRunner.java:329)
	at org.testng.SuiteRunner.privateRun(SuiteRunner.java:291)
	at org.testng.SuiteRunner.run(SuiteRunner.java:240)
	at org.testng.SuiteRunnerWorker.runSuite(SuiteRunnerWorker.java:52)
	at org.testng.SuiteRunnerWorker.run(SuiteRunnerWorker.java:86)
	at org.testng.TestNG.runSuitesSequentially(TestNG.java:1224)
	at org.testng.TestNG.runSuitesLocally(TestNG.java:1149)
	at org.testng.TestNG.run(TestNG.java:1057)
	at org.testng.remote.RemoteTestNG.run(RemoteTestNG.java:111)
	at org.testng.remote.RemoteTestNG.initAndRun(RemoteTestNG.java:204)
	at org.testng.remote.RemoteTestNG.main(RemoteTestNG.java:175)
]]>
    </failure>
  </testcase> <!-- tc_vendorBank_Reg24 -->
  <testcase name="tc_vendorBank_Reg01" time="19.194" classname="suiteA.VendorBankRegistration"/>
  <testcase name="tc_vendorBank_Reg23" time="105.861" classname="suiteA.VendorBankRegistration"/>
</testsuite> <!-- suiteA.VendorBankRegistration -->
