<?xml version="1.0" encoding="UTF-8"?>
<!-- Generated by org.testng.reporters.JUnitReportReporter -->
<testsuite hostname="XHDT0175" name="suiteA.VCDetails_Validations_03" tests="6" failures="0" timestamp="22 May 2015 05:34:55 GMT" time="229.614" errors="0">
  <testcase name="TC_VCDetailsValidations_222" time="37.676" classname="suiteA.VCDetails_Validations_03"/>
  <testcase name="TC_VCDetailsValidations_221" time="36.166" classname="suiteA.VCDetails_Validations_03"/>
  <testcase name="TC_VCDetailsValidations_218" time="45.968" classname="suiteA.VCDetails_Validations_03"/>
  <testcase name="TC_VCDetailsValidations_220" time="37.060" classname="suiteA.VCDetails_Validations_03"/>
  <testcase name="TC_VCDetailsValidations_219" time="36.687" classname="suiteA.VCDetails_Validations_03"/>
  <testcase name="TC_VCDetailsValidations_223" time="36.057" classname="suiteA.VCDetails_Validations_03"/>
</testsuite> <!-- suiteA.VCDetails_Validations_03 -->
