<?xml version="1.0" encoding="UTF-8"?>
<!-- Generated by org.testng.reporters.JUnitReportReporter -->
<testsuite hostname="XHDT0175" name="suiteA.Login_02" tests="6" failures="1" timestamp="11 May 2015 11:20:51 GMT" time="112.710" errors="0">
  <testcase name="TC_Login_21" time="11.015" classname="suiteA.Login_02"/>
  <testcase name="TC_Login_11" time="14.385" classname="suiteA.Login_02"/>
  <testcase name="TC_Login_10" time="11.313" classname="suiteA.Login_02"/>
  <testcase name="TC_Login_23" time="21.827" classname="suiteA.Login_02"/>
  <testcase name="TC_Login_09" time="14.230" classname="suiteA.Login_02"/>
  <testcase name="TC_Login_08" time="39.940" classname="suiteA.Login_02">
    <failure type="java.lang.Exception" message="Account is Not Disabled and message is displaying as : Invalid Username / Email or Password.">
      <![CDATA[java.lang.Exception: Account is Not Disabled and message is displaying as : Invalid Username / Email or Password.
	at suiteA.Login_02.TC_Login_08(Login_02.java:128)
	at sun.reflect.NativeMethodAccessorImpl.invoke0(Native Method)
	at sun.reflect.NativeMethodAccessorImpl.invoke(Unknown Source)
	at sun.reflect.DelegatingMethodAccessorImpl.invoke(Unknown Source)
	at java.lang.reflect.Method.invoke(Unknown Source)
	at org.testng.internal.MethodInvocationHelper.invokeMethod(MethodInvocationHelper.java:84)
	at org.testng.internal.Invoker.invokeMethod(Invoker.java:714)
	at org.testng.internal.Invoker.invokeTestMethod(Invoker.java:901)
	at org.testng.internal.Invoker.invokeTestMethods(Invoker.java:1231)
	at org.testng.internal.TestMethodWorker.invokeTestMethods(TestMethodWorker.java:127)
	at org.testng.internal.TestMethodWorker.run(TestMethodWorker.java:111)
	at org.testng.TestRunner.privateRun(TestRunner.java:767)
	at org.testng.TestRunner.run(TestRunner.java:617)
	at org.testng.SuiteRunner.runTest(SuiteRunner.java:334)
	at org.testng.SuiteRunner.runSequentially(SuiteRunner.java:329)
	at org.testng.SuiteRunner.privateRun(SuiteRunner.java:291)
	at org.testng.SuiteRunner.run(SuiteRunner.java:240)
	at org.testng.SuiteRunnerWorker.runSuite(SuiteRunnerWorker.java:52)
	at org.testng.SuiteRunnerWorker.run(SuiteRunnerWorker.java:86)
	at org.testng.TestNG.runSuitesSequentially(TestNG.java:1224)
	at org.testng.TestNG.runSuitesSequentially(TestNG.java:1220)
	at org.testng.TestNG.runSuitesLocally(TestNG.java:1149)
	at org.testng.TestNG.run(TestNG.java:1057)
	at org.testng.TestNG.privateMain(TestNG.java:1364)
	at org.testng.TestNG.main(TestNG.java:1333)
]]>
    </failure>
  </testcase> <!-- TC_Login_08 -->
</testsuite> <!-- suiteA.Login_02 -->
