<?xml version="1.0" encoding="UTF-8"?>
<!-- Generated by org.testng.reporters.JUnitReportReporter -->
<testsuite hostname="XHDT0174" name="suiteA.UserPermissionMaximum01" tests="13" failures="0" timestamp="21 May 2015 13:34:56 GMT" time="542.052" errors="0">
  <testcase name="TC_UPMax_Clerk_45" time="159.110" classname="suiteA.UserPermissionMaximum01"/>
  <testcase name="TC_UPMax_Clerk_47" time="1.687" classname="suiteA.UserPermissionMaximum01"/>
  <testcase name="TC_UPMax_Analyst_55" time="8.985" classname="suiteA.UserPermissionMaximum01"/>
  <testcase name="TC_UPMax_Clerk_48" time="13.353" classname="suiteA.UserPermissionMaximum01"/>
  <testcase name="TC_UPMax_Analyst_54" time="14.111" classname="suiteA.UserPermissionMaximum01"/>
  <testcase name="TC_UPMax_Analyst_53" time="2.611" classname="suiteA.UserPermissionMaximum01"/>
  <testcase name="TC_UPMax_Clerk_43" time="83.806" classname="suiteA.UserPermissionMaximum01"/>
  <testcase name="TC_UPMax_Clerk_44" time="37.780" classname="suiteA.UserPermissionMaximum01"/>
  <testcase name="TC_UPMax_Clerk_46" time="1.833" classname="suiteA.UserPermissionMaximum01"/>
  <testcase name="TC_UPMax_Clerk_49" time="8.539" classname="suiteA.UserPermissionMaximum01"/>
  <testcase name="TC_UPMax_Analyst_51" time="171.276" classname="suiteA.UserPermissionMaximum01"/>
  <testcase name="TC_UPMax_Analyst_50" time="36.107" classname="suiteA.UserPermissionMaximum01"/>
  <testcase name="TC_UPMax_Analyst_52" time="2.854" classname="suiteA.UserPermissionMaximum01"/>
</testsuite> <!-- suiteA.UserPermissionMaximum01 -->
