<?xml version="1.0" encoding="UTF-8"?>
<!-- Generated by org.testng.reporters.JUnitReportReporter -->
<testsuite hostname="XHDT0175" name="suiteA.ApproveBills_00" tests="15" failures="1" timestamp="11 May 2015 11:20:51 GMT" time="168.977" errors="0">
  <testcase name="TC_ApproveBills_15" time="15.225" classname="suiteA.ApproveBills_00"/>
  <testcase name="TC_ApproveBills_03" time="0.514" classname="suiteA.ApproveBills_00"/>
  <testcase name="TC_ApproveBills_01" time="20.000" classname="suiteA.ApproveBills_00"/>
  <testcase name="TC_ApproveBills_10" time="2.246" classname="suiteA.ApproveBills_00"/>
  <testcase name="TC_ApproveBills_07" time="13.915" classname="suiteA.ApproveBills_00"/>
  <testcase name="TC_ApproveBills_13" time="11.778" classname="suiteA.ApproveBills_00"/>
  <testcase name="TC_ApproveBills_11" time="48.813" classname="suiteA.ApproveBills_00"/>
  <testcase name="TC_ApproveBills_04" time="1.014" classname="suiteA.ApproveBills_00"/>
  <testcase name="TC_ApproveBills_06" time="12.746" classname="suiteA.ApproveBills_00"/>
  <testcase name="TC_ApproveBills_08" time="7.552" classname="suiteA.ApproveBills_00">
    <failure type="java.lang.Exception" message="Due Date Alert Text Message is displaying wrong. From Date cannot be greater than To Date.">
      <![CDATA[java.lang.Exception: Due Date Alert Text Message is displaying wrong. From Date cannot be greater than To Date.
	at suiteA.ApproveBills_00.TC_ApproveBills_08(ApproveBills_00.java:539)
	at sun.reflect.NativeMethodAccessorImpl.invoke0(Native Method)
	at sun.reflect.NativeMethodAccessorImpl.invoke(Unknown Source)
	at sun.reflect.DelegatingMethodAccessorImpl.invoke(Unknown Source)
	at java.lang.reflect.Method.invoke(Unknown Source)
	at org.testng.internal.MethodInvocationHelper.invokeMethod(MethodInvocationHelper.java:84)
	at org.testng.internal.Invoker.invokeMethod(Invoker.java:714)
	at org.testng.internal.Invoker.invokeTestMethod(Invoker.java:901)
	at org.testng.internal.Invoker.invokeTestMethods(Invoker.java:1231)
	at org.testng.internal.TestMethodWorker.invokeTestMethods(TestMethodWorker.java:127)
	at org.testng.internal.TestMethodWorker.run(TestMethodWorker.java:111)
	at org.testng.TestRunner.privateRun(TestRunner.java:767)
	at org.testng.TestRunner.run(TestRunner.java:617)
	at org.testng.SuiteRunner.runTest(SuiteRunner.java:334)
	at org.testng.SuiteRunner.runSequentially(SuiteRunner.java:329)
	at org.testng.SuiteRunner.privateRun(SuiteRunner.java:291)
	at org.testng.SuiteRunner.run(SuiteRunner.java:240)
	at org.testng.SuiteRunnerWorker.runSuite(SuiteRunnerWorker.java:52)
	at org.testng.SuiteRunnerWorker.run(SuiteRunnerWorker.java:86)
	at org.testng.TestNG.runSuitesSequentially(TestNG.java:1224)
	at org.testng.TestNG.runSuitesSequentially(TestNG.java:1220)
	at org.testng.TestNG.runSuitesLocally(TestNG.java:1149)
	at org.testng.TestNG.run(TestNG.java:1057)
	at org.testng.TestNG.privateMain(TestNG.java:1364)
	at org.testng.TestNG.main(TestNG.java:1333)
]]>
    </failure>
  </testcase> <!-- TC_ApproveBills_08 -->
  <testcase name="TC_ApproveBills_09" time="10.399" classname="suiteA.ApproveBills_00"/>
  <testcase name="TC_ApproveBills_14" time="9.064" classname="suiteA.ApproveBills_00"/>
  <testcase name="TC_ApproveBills_12" time="9.080" classname="suiteA.ApproveBills_00"/>
  <testcase name="TC_ApproveBills_02" time="2.793" classname="suiteA.ApproveBills_00"/>
  <testcase name="TC_ApproveBills_05" time="3.838" classname="suiteA.ApproveBills_00"/>
</testsuite> <!-- suiteA.ApproveBills_00 -->
