<?xml version="1.0" encoding="UTF-8"?>
<!-- Generated by org.testng.reporters.JUnitReportReporter -->
<testsuite hostname="XHDT0175" name="suiteA.BillDetails_00" tests="16" failures="0" timestamp="22 May 2015 05:34:55 GMT" time="192.102" errors="0">
  <testcase name="TC_BillDetails_04" time="5.937" classname="suiteA.BillDetails_00"/>
  <testcase name="TC_BillDetails_12" time="6.161" classname="suiteA.BillDetails_00"/>
  <testcase name="TC_BillDetails_05" time="16.604" classname="suiteA.BillDetails_00"/>
  <testcase name="TC_BillDetails_07" time="15.889" classname="suiteA.BillDetails_00"/>
  <testcase name="TC_BillDetails_02" time="6.367" classname="suiteA.BillDetails_00"/>
  <testcase name="TC_BillDetails_14" time="5.839" classname="suiteA.BillDetails_00"/>
  <testcase name="TC_BillDetails_15" time="16.126" classname="suiteA.BillDetails_00"/>
  <testcase name="TC_BillDetails_09" time="16.032" classname="suiteA.BillDetails_00"/>
  <testcase name="TC_BillDetails_03" time="15.440" classname="suiteA.BillDetails_00"/>
  <testcase name="TC_BillDetails_11" time="15.769" classname="suiteA.BillDetails_00"/>
  <testcase name="TC_BillDetails_10" time="5.949" classname="suiteA.BillDetails_00"/>
  <testcase name="TC_BillDetails_08" time="5.731" classname="suiteA.BillDetails_00"/>
  <testcase name="TC_BillDetails_01" time="29.313" classname="suiteA.BillDetails_00"/>
  <testcase name="TC_BillDetails_16" time="5.870" classname="suiteA.BillDetails_00"/>
  <testcase name="TC_BillDetails_06" time="6.008" classname="suiteA.BillDetails_00"/>
  <testcase name="TC_BillDetails_13" time="19.067" classname="suiteA.BillDetails_00"/>
</testsuite> <!-- suiteA.BillDetails_00 -->
