<?xml version="1.0" encoding="UTF-8"?>
<!-- Generated by org.testng.reporters.JUnitReportReporter -->
<testsuite hostname="XHDT0174" name="suiteA.Registration01" tests="11" failures="0" timestamp="6 Apr 2015 14:20:26 GMT" time="158.828" errors="0">
  <testcase name="TC_Registration_25" time="9.233" classname="suiteA.Registration01"/>
  <testcase name="TC_Registration_16" time="15.500" classname="suiteA.Registration01"/>
  <testcase name="TC_Registration_15" time="58.825" classname="suiteA.Registration01"/>
  <testcase name="TC_Registration_17" time="57.300" classname="suiteA.Registration01"/>
  <testcase name="TC_Registration_21" time="2.261" classname="suiteA.Registration01"/>
  <testcase name="TC_Registration_20" time="1.008" classname="suiteA.Registration01"/>
  <testcase name="TC_Registration_24" time="0.649" classname="suiteA.Registration01"/>
  <testcase name="TC_Registration_26" time="0.704" classname="suiteA.Registration01"/>
  <testcase name="TC_Registration_18" time="0.913" classname="suiteA.Registration01"/>
  <testcase name="TC_Registration_23" time="11.043" classname="suiteA.Registration01"/>
  <testcase name="TC_Registration_22" time="1.392" classname="suiteA.Registration01"/>
</testsuite> <!-- suiteA.Registration01 -->
