<?xml version="1.0" encoding="UTF-8"?>
<!-- Generated by org.testng.reporters.JUnitReportReporter -->
<testsuite hostname="XHDT0174" name="suiteA.UserPermissionDefault01" tests="13" failures="0" timestamp="21 May 2015 13:34:56 GMT" time="512.727" errors="0">
  <testcase name="TC_UPD_Manager_23" time="0.265" classname="suiteA.UserPermissionDefault01"/>
  <testcase name="TC_UPD_Analyst_18" time="0.067" classname="suiteA.UserPermissionDefault01"/>
  <testcase name="TC_UPD_Analyst_20" time="7.435" classname="suiteA.UserPermissionDefault01"/>
  <testcase name="TC_UPD_Manager_25" time="18.567" classname="suiteA.UserPermissionDefault01"/>
  <testcase name="TC_UPD_Analyst_17" time="0.108" classname="suiteA.UserPermissionDefault01"/>
  <testcase name="TC_UPD_Manager_24" time="0.062" classname="suiteA.UserPermissionDefault01"/>
  <testcase name="TC_UPD_Analyst_16" time="177.834" classname="suiteA.UserPermissionDefault01"/>
  <testcase name="TC_UPD_Analyst_19" time="14.062" classname="suiteA.UserPermissionDefault01"/>
  <testcase name="TC_UPD_Analyst_14" time="41.610" classname="suiteA.UserPermissionDefault01"/>
  <testcase name="TC_UPD_Analyst_15" time="36.550" classname="suiteA.UserPermissionDefault01"/>
  <testcase name="TC_UPD_Manager_22" time="171.651" classname="suiteA.UserPermissionDefault01"/>
  <testcase name="TC_UPD_Manager_26" time="6.640" classname="suiteA.UserPermissionDefault01"/>
  <testcase name="TC_UPD_Manager_21" time="37.876" classname="suiteA.UserPermissionDefault01"/>
</testsuite> <!-- suiteA.UserPermissionDefault01 -->
