<?xml version="1.0" encoding="UTF-8"?>
<!-- Generated by org.testng.reporters.JUnitReportReporter -->
<testsuite hostname="XHDT0174" name="suiteA.UserPermissionMinimum01" tests="19" failures="0" timestamp="21 May 2015 13:34:56 GMT" time="468.048" errors="0">
  <testcase name="TC_UPMin_Clerk_81" time="8.905" classname="suiteA.UserPermissionMinimum01"/>
  <testcase name="TC_UPMin_Analyst_84" time="1.618" classname="suiteA.UserPermissionMinimum01"/>
  <testcase name="TC_UPMin_Guest_71" time="61.370" classname="suiteA.UserPermissionMinimum01"/>
  <testcase name="TC_UPMin_Guest_74" time="6.608" classname="suiteA.UserPermissionMinimum01"/>
  <testcase name="TC_UPMin_Guest_70" time="25.279" classname="suiteA.UserPermissionMinimum01"/>
  <testcase name="TC_UPMin_Clerk_76" time="23.640" classname="suiteA.UserPermissionMinimum01"/>
  <testcase name="TC_UPMin_Analyst_86" time="6.462" classname="suiteA.UserPermissionMinimum01"/>
  <testcase name="TC_UPMin_Analyst_83" time="82.323" classname="suiteA.UserPermissionMinimum01"/>
  <testcase name="TC_UPMin_Analyst_82" time="28.327" classname="suiteA.UserPermissionMinimum01"/>
  <testcase name="TC_UPMin_Guest_75" time="6.967" classname="suiteA.UserPermissionMinimum01"/>
  <testcase name="TC_UPMin_Clerk_80" time="6.756" classname="suiteA.UserPermissionMinimum01"/>
  <testcase name="TC_UPMin_Clerk_78" time="1.986" classname="suiteA.UserPermissionMinimum01"/>
  <testcase name="TC_UPMin_Analyst_85" time="1.521" classname="suiteA.UserPermissionMinimum01"/>
  <testcase name="TC_UPMin_Guest_69" time="115.945" classname="suiteA.UserPermissionMinimum01"/>
  <testcase name="TC_UPMin_Clerk_77" time="77.797" classname="suiteA.UserPermissionMinimum01"/>
  <testcase name="TC_UPMin_Guest_72" time="1.412" classname="suiteA.UserPermissionMinimum01"/>
  <testcase name="TC_UPMin_Clerk_79" time="1.753" classname="suiteA.UserPermissionMinimum01"/>
  <testcase name="TC_UPMin_Guest_73" time="1.668" classname="suiteA.UserPermissionMinimum01"/>
  <testcase name="TC_UPMin_Analyst_87" time="7.711" classname="suiteA.UserPermissionMinimum01"/>
</testsuite> <!-- suiteA.UserPermissionMinimum01 -->
