<?xml version="1.0" encoding="UTF-8"?>
<!-- Generated by org.testng.reporters.JUnitReportReporter -->
<testsuite hostname="XHDT0175" name="suiteA.BillDetails_08" tests="6" failures="0" timestamp="22 May 2015 05:34:55 GMT" time="124.113" errors="0">
  <testcase name="TC_BillDetails_99" time="17.464" classname="suiteA.BillDetails_08"/>
  <testcase name="TC_BillDetails_97" time="34.797" classname="suiteA.BillDetails_08"/>
  <testcase name="TC_BillDetails_102" time="17.988" classname="suiteA.BillDetails_08"/>
  <testcase name="TC_BillDetails_101" time="17.956" classname="suiteA.BillDetails_08"/>
  <testcase name="TC_BillDetails_98" time="18.054" classname="suiteA.BillDetails_08"/>
  <testcase name="TC_BillDetails_100" time="17.854" classname="suiteA.BillDetails_08"/>
</testsuite> <!-- suiteA.BillDetails_08 -->
