<?xml version="1.0" encoding="UTF-8"?>
<!-- Generated by org.testng.reporters.JUnitReportReporter -->
<testsuite hostname="XHDT0174" name="suiteA.PayBills03" tests="14" failures="0" timestamp="14 May 2015 12:34:42 GMT" time="71.458" errors="0">
  <testcase name="TC_PayBills_45" time="1.180" classname="suiteA.PayBills03"/>
  <testcase name="TC_PayBills_37" time="20.232" classname="suiteA.PayBills03"/>
  <testcase name="TC_PayBills_39" time="3.516" classname="suiteA.PayBills03"/>
  <testcase name="TC_PayBills_40" time="12.455" classname="suiteA.PayBills03"/>
  <testcase name="TC_PayBills_38" time="0.436" classname="suiteA.PayBills03"/>
  <testcase name="TC_PayBills_49" time="0.267" classname="suiteA.PayBills03"/>
  <testcase name="TC_PayBills_47" time="6.328" classname="suiteA.PayBills03"/>
  <testcase name="TC_PayBills_42" time="0.358" classname="suiteA.PayBills03"/>
  <testcase name="TC_PayBills_50" time="11.079" classname="suiteA.PayBills03"/>
  <testcase name="TC_PayBills_41" time="14.665" classname="suiteA.PayBills03"/>
  <testcase name="TC_PayBills_48" time="0.230" classname="suiteA.PayBills03"/>
  <testcase name="TC_PayBills_43" time="0.239" classname="suiteA.PayBills03"/>
  <testcase name="TC_PayBills_46" time="0.242" classname="suiteA.PayBills03"/>
  <testcase name="TC_PayBills_44" time="0.231" classname="suiteA.PayBills03"/>
</testsuite> <!-- suiteA.PayBills03 -->
