<?xml version="1.0" encoding="UTF-8"?>
<!-- Generated by org.testng.reporters.JUnitReportReporter -->
<testsuite hostname="XHDT0175" name="suiteA.Login_01" tests="7" failures="0" timestamp="11 May 2015 11:20:51 GMT" time="29.610" errors="0">
  <testcase name="TC_Login_02" time="3.042" classname="suiteA.Login_01"/>
  <testcase name="TC_Login_05" time="0.843" classname="suiteA.Login_01"/>
  <testcase name="TC_Login_01" time="16.490" classname="suiteA.Login_01"/>
  <testcase name="TC_Login_06" time="0.889" classname="suiteA.Login_01"/>
  <testcase name="TC_Login_07" time="6.833" classname="suiteA.Login_01"/>
  <testcase name="TC_Login_03" time="0.686" classname="suiteA.Login_01"/>
  <testcase name="TC_Login_04" time="0.827" classname="suiteA.Login_01"/>
</testsuite> <!-- suiteA.Login_01 -->
