<?xml version="1.0" encoding="UTF-8"?>
<!-- Generated by org.testng.reporters.JUnitReportReporter -->
<testsuite hostname="XHDT0174" name="suiteA.UserPermissionDefault" tests="13" failures="0" timestamp="21 May 2015 13:34:56 GMT" time="458.388" errors="0">
  <testcase name="TC_UPD_Guest_04" time="0.089" classname="suiteA.UserPermissionDefault"/>
  <testcase name="TC_UPD_Clerk_11" time="0.093" classname="suiteA.UserPermissionDefault"/>
  <testcase name="TC_UPD_Clerk_13" time="8.376" classname="suiteA.UserPermissionDefault"/>
  <testcase name="TC_UPD_Guest_02" time="24.565" classname="suiteA.UserPermissionDefault"/>
  <testcase name="TC_UPD_Guest_06" time="10.889" classname="suiteA.UserPermissionDefault"/>
  <testcase name="TC_UPD_Clerk_08" time="27.895" classname="suiteA.UserPermissionDefault"/>
  <testcase name="TC_UPD_Clerk_12" time="9.173" classname="suiteA.UserPermissionDefault"/>
  <testcase name="TC_UPD_Guest_07" time="8.181" classname="suiteA.UserPermissionDefault"/>
  <testcase name="TC_UPD_Guest_05" time="0.075" classname="suiteA.UserPermissionDefault"/>
  <testcase name="TC_UPD_Clerk_10" time="0.104" classname="suiteA.UserPermissionDefault"/>
  <testcase name="TC_UPD_Guest_03" time="64.202" classname="suiteA.UserPermissionDefault"/>
  <testcase name="TC_UPD_Guest_01" time="207.664" classname="suiteA.UserPermissionDefault"/>
  <testcase name="TC_UPD_Clerk_09" time="97.082" classname="suiteA.UserPermissionDefault"/>
</testsuite> <!-- suiteA.UserPermissionDefault -->
