<?xml version="1.0" encoding="UTF-8"?>
<!-- Generated by org.testng.reporters.JUnitReportReporter -->
<testsuite hostname="XHDT0175" name="suiteA.VCDetails_Validations_00" tests="18" failures="0" timestamp="22 May 2015 05:34:55 GMT" time="448.653" errors="0">
  <testcase name="TC_VCDetailsValidations_201" time="23.468" classname="suiteA.VCDetails_Validations_00"/>
  <testcase name="TC_VCDetailsValidations_204" time="18.263" classname="suiteA.VCDetails_Validations_00"/>
  <testcase name="TC_VCDetailsValidations_197" time="10.171" classname="suiteA.VCDetails_Validations_00"/>
  <testcase name="TC_VCDetailsValidations_194" time="18.075" classname="suiteA.VCDetails_Validations_00"/>
  <testcase name="TC_VCDetailsValidations_205" time="134.241" classname="suiteA.VCDetails_Validations_00"/>
  <testcase name="TC_VCDetailsValidations_196" time="25.263" classname="suiteA.VCDetails_Validations_00"/>
  <testcase name="TC_VCDetailsValidations_190" time="14.179" classname="suiteA.VCDetails_Validations_00"/>
  <testcase name="TC_VCDetailsValidations_188" time="32.666" classname="suiteA.VCDetails_Validations_00"/>
  <testcase name="TC_VCDetailsValidations_192" time="15.760" classname="suiteA.VCDetails_Validations_00"/>
  <testcase name="TC_VCDetailsValidations_200" time="11.737" classname="suiteA.VCDetails_Validations_00"/>
  <testcase name="TC_VCDetailsValidations_202" time="29.553" classname="suiteA.VCDetails_Validations_00"/>
  <testcase name="TC_VCDetailsValidations_191" time="16.168" classname="suiteA.VCDetails_Validations_00"/>
  <testcase name="TC_VCDetailsValidations_189" time="7.441" classname="suiteA.VCDetails_Validations_00"/>
  <testcase name="TC_VCDetailsValidations_198" time="12.645" classname="suiteA.VCDetails_Validations_00"/>
  <testcase name="TC_VCDetailsValidations_193" time="18.375" classname="suiteA.VCDetails_Validations_00"/>
  <testcase name="TC_VCDetailsValidations_203" time="10.600" classname="suiteA.VCDetails_Validations_00"/>
  <testcase name="TC_VCDetailsValidations_199" time="30.463" classname="suiteA.VCDetails_Validations_00"/>
  <testcase name="TC_VCDetailsValidations_195" time="19.585" classname="suiteA.VCDetails_Validations_00"/>
</testsuite> <!-- suiteA.VCDetails_Validations_00 -->
