<?xml version="1.0" encoding="UTF-8"?>
<!-- Generated by org.testng.reporters.JUnitReportReporter -->
<testsuite hostname="XHDT0175" name="suiteA.BillEntry_02" tests="11" failures="3" timestamp="11 May 2015 11:20:51 GMT" time="487.627" errors="0">
  <testcase name="TC_BillEntry_30" time="34.244" classname="suiteA.BillEntry_02"/>
  <testcase name="TC_BillEntry_24" time="14.586" classname="suiteA.BillEntry_02"/>
  <testcase name="TC_BillEntry_29" time="189.938" classname="suiteA.BillEntry_02">
    <failure type="java.lang.Exception" message="Uploaded attachments are not matched with database saved records. [NoteandAttachmentsActions [userandtimestamp=VENKATESH QA  05/11/2015, 03:19PM, attachmentname=bill1.pdf, notes=Notes], NoteandAttachmentsActions [userandtimestamp=VENKATESH QA  05/11/2015, 03:19PM, attachmentname=bill10.png, notes=Notes added], NoteandAttachmentsActions [userandtimestamp=VENKATESH QA  05/11/2015, 03:19PM, attachmentname=bill2.xls, notes=Notes added by], NoteandAttachmentsActions [userandtimestamp=VENKATESH QA  05/11/2015, 03:19PM, attachmentname=bill3.jpg, notes=Notes added by user], NoteandAttachmentsActions [userandtimestamp=VENKATESH QA  05/11/2015, 03:20PM, attachmentname=, notes=Notes added by user XTG], NoteandAttachmentsActions [userandtimestamp=VENKATESH QA  05/11/2015, 03:20PM, attachmentname=, notes=Notes added by user XTG QA], NoteandAttachmentsActions [userandtimestamp=VENKATESH QA  05/11/2015, 03:20PM, attachmentname=, notes=Notes added by user XTG QA Automation]]">
      <![CDATA[java.lang.Exception: Uploaded attachments are not matched with database saved records. [NoteandAttachmentsActions [userandtimestamp=VENKATESH QA  05/11/2015, 03:19PM, attachmentname=bill1.pdf, notes=Notes], NoteandAttachmentsActions [userandtimestamp=VENKATESH QA  05/11/2015, 03:19PM, attachmentname=bill10.png, notes=Notes added], NoteandAttachmentsActions [userandtimestamp=VENKATESH QA  05/11/2015, 03:19PM, attachmentname=bill2.xls, notes=Notes added by], NoteandAttachmentsActions [userandtimestamp=VENKATESH QA  05/11/2015, 03:19PM, attachmentname=bill3.jpg, notes=Notes added by user], NoteandAttachmentsActions [userandtimestamp=VENKATESH QA  05/11/2015, 03:20PM, attachmentname=, notes=Notes added by user XTG], NoteandAttachmentsActions [userandtimestamp=VENKATESH QA  05/11/2015, 03:20PM, attachmentname=, notes=Notes added by user XTG QA], NoteandAttachmentsActions [userandtimestamp=VENKATESH QA  05/11/2015, 03:20PM, attachmentname=, notes=Notes added by user XTG QA Automation]]
	at suiteA.BillEntry_02.TC_BillEntry_29(BillEntry_02.java:977)
	at sun.reflect.NativeMethodAccessorImpl.invoke0(Native Method)
	at sun.reflect.NativeMethodAccessorImpl.invoke(Unknown Source)
	at sun.reflect.DelegatingMethodAccessorImpl.invoke(Unknown Source)
	at java.lang.reflect.Method.invoke(Unknown Source)
	at org.testng.internal.MethodInvocationHelper.invokeMethod(MethodInvocationHelper.java:84)
	at org.testng.internal.Invoker.invokeMethod(Invoker.java:714)
	at org.testng.internal.Invoker.invokeTestMethod(Invoker.java:901)
	at org.testng.internal.Invoker.invokeTestMethods(Invoker.java:1231)
	at org.testng.internal.TestMethodWorker.invokeTestMethods(TestMethodWorker.java:127)
	at org.testng.internal.TestMethodWorker.run(TestMethodWorker.java:111)
	at org.testng.TestRunner.privateRun(TestRunner.java:767)
	at org.testng.TestRunner.run(TestRunner.java:617)
	at org.testng.SuiteRunner.runTest(SuiteRunner.java:334)
	at org.testng.SuiteRunner.runSequentially(SuiteRunner.java:329)
	at org.testng.SuiteRunner.privateRun(SuiteRunner.java:291)
	at org.testng.SuiteRunner.run(SuiteRunner.java:240)
	at org.testng.SuiteRunnerWorker.runSuite(SuiteRunnerWorker.java:52)
	at org.testng.SuiteRunnerWorker.run(SuiteRunnerWorker.java:86)
	at org.testng.TestNG.runSuitesSequentially(TestNG.java:1224)
	at org.testng.TestNG.runSuitesSequentially(TestNG.java:1220)
	at org.testng.TestNG.runSuitesLocally(TestNG.java:1149)
	at org.testng.TestNG.run(TestNG.java:1057)
	at org.testng.TestNG.privateMain(TestNG.java:1364)
	at org.testng.TestNG.main(TestNG.java:1333)
]]>
    </failure>
  </testcase> <!-- TC_BillEntry_29 -->
  <testcase name="TC_BillEntry_21" time="20.842" classname="suiteA.BillEntry_02"/>
  <testcase name="TC_BillEntry_22" time="26.878" classname="suiteA.BillEntry_02"/>
  <testcase name="TC_BillEntry_27" time="31.325" classname="suiteA.BillEntry_02"/>
  <testcase name="TC_BillEntry_25" time="25.507" classname="suiteA.BillEntry_02"/>
  <testcase name="TC_BillEntry_23" time="7.457" classname="suiteA.BillEntry_02">
    <failure type="java.lang.Exception" message="Header Data, Account details and item Details is not displaying Correctly">
      <![CDATA[java.lang.Exception: Header Data, Account details and item Details is not displaying Correctly
	at suiteA.BillEntry_02.TC_BillEntry_23(BillEntry_02.java:471)
	at sun.reflect.NativeMethodAccessorImpl.invoke0(Native Method)
	at sun.reflect.NativeMethodAccessorImpl.invoke(Unknown Source)
	at sun.reflect.DelegatingMethodAccessorImpl.invoke(Unknown Source)
	at java.lang.reflect.Method.invoke(Unknown Source)
	at org.testng.internal.MethodInvocationHelper.invokeMethod(MethodInvocationHelper.java:84)
	at org.testng.internal.Invoker.invokeMethod(Invoker.java:714)
	at org.testng.internal.Invoker.invokeTestMethod(Invoker.java:901)
	at org.testng.internal.Invoker.invokeTestMethods(Invoker.java:1231)
	at org.testng.internal.TestMethodWorker.invokeTestMethods(TestMethodWorker.java:127)
	at org.testng.internal.TestMethodWorker.run(TestMethodWorker.java:111)
	at org.testng.TestRunner.privateRun(TestRunner.java:767)
	at org.testng.TestRunner.run(TestRunner.java:617)
	at org.testng.SuiteRunner.runTest(SuiteRunner.java:334)
	at org.testng.SuiteRunner.runSequentially(SuiteRunner.java:329)
	at org.testng.SuiteRunner.privateRun(SuiteRunner.java:291)
	at org.testng.SuiteRunner.run(SuiteRunner.java:240)
	at org.testng.SuiteRunnerWorker.runSuite(SuiteRunnerWorker.java:52)
	at org.testng.SuiteRunnerWorker.run(SuiteRunnerWorker.java:86)
	at org.testng.TestNG.runSuitesSequentially(TestNG.java:1224)
	at org.testng.TestNG.runSuitesSequentially(TestNG.java:1220)
	at org.testng.TestNG.runSuitesLocally(TestNG.java:1149)
	at org.testng.TestNG.run(TestNG.java:1057)
	at org.testng.TestNG.privateMain(TestNG.java:1364)
	at org.testng.TestNG.main(TestNG.java:1333)
]]>
    </failure>
  </testcase> <!-- TC_BillEntry_23 -->
  <testcase name="TC_BillEntry_26" time="8.743" classname="suiteA.BillEntry_02"/>
  <testcase name="TC_BillEntry_28" time="110.931" classname="suiteA.BillEntry_02">
    <failure type="org.openqa.selenium.UnhandledAlertException" message="Modal dialog present: Please add a note and/or upload an attachment
Build info: version: &#039;2.39.0&#039;, revision: &#039;ff23eac&#039;, time: &#039;2013-12-16 16:12:12&#039;
System info: host: &#039;XHDT0175&#039;, ip: &#039;192.168.1.144&#039;, os.name: &#039;Windows 7&#039;, os.arch: &#039;amd64&#039;, os.version: &#039;6.1&#039;, java.version: &#039;1.7.0_67&#039;
Session ID: 46c5251d-90b1-4047-a75f-2b7160bc6661
Driver info: org.openqa.selenium.firefox.FirefoxDriver
Capabilities [{platform=XP, acceptSslCerts=true, javascriptEnabled=true, cssSelectorsEnabled=true, databaseEnabled=true, browserName=firefox, handlesAlerts=true, browserConnectionEnabled=true, webStorageEnabled=true, nativeEvents=false, rotatable=false, locationContextEnabled=true, applicationCacheEnabled=true, takesScreenshot=true, version=30.0}]">
      <![CDATA[org.openqa.selenium.UnhandledAlertException: Modal dialog present: Please add a note and/or upload an attachment
Build info: version: '2.39.0', revision: 'ff23eac', time: '2013-12-16 16:12:12'
System info: host: 'XHDT0175', ip: '192.168.1.144', os.name: 'Windows 7', os.arch: 'amd64', os.version: '6.1', java.version: '1.7.0_67'
Session ID: 46c5251d-90b1-4047-a75f-2b7160bc6661
Driver info: org.openqa.selenium.firefox.FirefoxDriver
Capabilities [{platform=XP, acceptSslCerts=true, javascriptEnabled=true, cssSelectorsEnabled=true, databaseEnabled=true, browserName=firefox, handlesAlerts=true, browserConnectionEnabled=true, webStorageEnabled=true, nativeEvents=false, rotatable=false, locationContextEnabled=true, applicationCacheEnabled=true, takesScreenshot=true, version=30.0}]
	at sun.reflect.NativeConstructorAccessorImpl.newInstance0(Native Method)
	at sun.reflect.NativeConstructorAccessorImpl.newInstance(Unknown Source)
	at sun.reflect.DelegatingConstructorAccessorImpl.newInstance(Unknown Source)
	at java.lang.reflect.Constructor.newInstance(Unknown Source)
	at org.openqa.selenium.remote.ErrorHandler.createThrowable(ErrorHandler.java:193)
	at org.openqa.selenium.remote.ErrorHandler.createUnhandledAlertException(ErrorHandler.java:174)
	at org.openqa.selenium.remote.ErrorHandler.throwIfResponseFailed(ErrorHandler.java:141)
	at org.openqa.selenium.remote.RemoteWebDriver.execute(RemoteWebDriver.java:554)
	at org.openqa.selenium.remote.RemoteWebDriver.findElement(RemoteWebDriver.java:307)
	at org.openqa.selenium.remote.RemoteWebDriver.findElementById(RemoteWebDriver.java:348)
	at org.openqa.selenium.By$ById.findElement(By.java:220)
	at org.openqa.selenium.remote.RemoteWebDriver.findElement(RemoteWebDriver.java:299)
	at xtbills.Base.WebPage.getText(WebPage.java:358)
	at xtbills.PageActions.NoteandAttachmentsActions.addExcelAttachments(NoteandAttachmentsActions.java:221)
	at suiteA.BillEntry_02.TC_BillEntry_28(BillEntry_02.java:811)
	at sun.reflect.NativeMethodAccessorImpl.invoke0(Native Method)
	at sun.reflect.NativeMethodAccessorImpl.invoke(Unknown Source)
	at sun.reflect.DelegatingMethodAccessorImpl.invoke(Unknown Source)
	at java.lang.reflect.Method.invoke(Unknown Source)
	at org.testng.internal.MethodInvocationHelper.invokeMethod(MethodInvocationHelper.java:84)
	at org.testng.internal.Invoker.invokeMethod(Invoker.java:714)
	at org.testng.internal.Invoker.invokeTestMethod(Invoker.java:901)
	at org.testng.internal.Invoker.invokeTestMethods(Invoker.java:1231)
	at org.testng.internal.TestMethodWorker.invokeTestMethods(TestMethodWorker.java:127)
	at org.testng.internal.TestMethodWorker.run(TestMethodWorker.java:111)
	at org.testng.TestRunner.privateRun(TestRunner.java:767)
	at org.testng.TestRunner.run(TestRunner.java:617)
	at org.testng.SuiteRunner.runTest(SuiteRunner.java:334)
	at org.testng.SuiteRunner.runSequentially(SuiteRunner.java:329)
	at org.testng.SuiteRunner.privateRun(SuiteRunner.java:291)
	at org.testng.SuiteRunner.run(SuiteRunner.java:240)
	at org.testng.SuiteRunnerWorker.runSuite(SuiteRunnerWorker.java:52)
	at org.testng.SuiteRunnerWorker.run(SuiteRunnerWorker.java:86)
	at org.testng.TestNG.runSuitesSequentially(TestNG.java:1224)
	at org.testng.TestNG.runSuitesSequentially(TestNG.java:1220)
	at org.testng.TestNG.runSuitesLocally(TestNG.java:1149)
	at org.testng.TestNG.run(TestNG.java:1057)
	at org.testng.TestNG.privateMain(TestNG.java:1364)
	at org.testng.TestNG.main(TestNG.java:1333)
]]>
    </failure>
  </testcase> <!-- TC_BillEntry_28 -->
  <testcase name="TC_BillEntry_31" time="17.176" classname="suiteA.BillEntry_02"/>
</testsuite> <!-- suiteA.BillEntry_02 -->
