<?xml version="1.0" encoding="UTF-8"?>
<!-- Generated by org.testng.reporters.JUnitReportReporter -->
<testsuite hostname="XHDT0175" name="suiteA.BillDetails_07" tests="6" failures="0" timestamp="22 May 2015 05:34:55 GMT" time="154.382" errors="0">
  <testcase name="TC_BillDetails_96" time="19.639" classname="suiteA.BillDetails_07"/>
  <testcase name="TC_BillDetails_92" time="17.763" classname="suiteA.BillDetails_07"/>
  <testcase name="TC_BillDetails_94" time="47.909" classname="suiteA.BillDetails_07"/>
  <testcase name="TC_BillDetails_95" time="19.711" classname="suiteA.BillDetails_07"/>
  <testcase name="TC_BillDetails_91" time="30.239" classname="suiteA.BillDetails_07"/>
  <testcase name="TC_BillDetails_93" time="19.121" classname="suiteA.BillDetails_07"/>
</testsuite> <!-- suiteA.BillDetails_07 -->
