<?xml version="1.0" encoding="UTF-8"?>
<!-- Generated by org.testng.reporters.JUnitReportReporter -->
<testsuite hostname="XHDT0174" name="suiteA.PayBills07" tests="6" failures="0" timestamp="14 May 2015 12:34:42 GMT" time="214.578" errors="0">
  <testcase name="TC_PayBills_73" time="24.085" classname="suiteA.PayBills07"/>
  <testcase name="TC_PayBills_75" time="26.277" classname="suiteA.PayBills07"/>
  <testcase name="TC_PayBills_76" time="22.714" classname="suiteA.PayBills07"/>
  <testcase name="TC_PayBills_74" time="30.639" classname="suiteA.PayBills07"/>
  <testcase name="TC_PayBills_72" time="29.116" classname="suiteA.PayBills07"/>
  <testcase name="TC_PayBills_77" time="81.747" classname="suiteA.PayBills07"/>
</testsuite> <!-- suiteA.PayBills07 -->
